2023-10-05 17:47:30 [127.0.0.1][-][k1vdde45n059g7rg4g6jiff1gs][error][yii\web\HttpException:404] yii\web\NotFoundHttpException: 未找到分类toastr.js.map in D:\wamp64\www\feehinew\frontend\controllers\ArticleController.php:78
Stack trace:
#0 [internal function]: frontend\controllers\ArticleController->actionIndex('toastr.js.map')
#1 D:\wamp64\www\feehinew\vendor\yiisoft\yii2\base\InlineAction.php(57): call_user_func_array(Array, Array)
#2 D:\wamp64\www\feehinew\vendor\yiisoft\yii2\base\Controller.php(178): yii\base\InlineAction->runWithParams(Array)
#3 D:\wamp64\www\feehinew\vendor\yiisoft\yii2\base\Module.php(552): yii\base\Controller->runAction('index', Array)
#4 D:\wamp64\www\feehinew\vendor\yiisoft\yii2\web\Application.php(103): yii\base\Module->runAction('', Array)
#5 D:\wamp64\www\feehinew\vendor\yiisoft\yii2\base\Application.php(384): yii\web\Application->handleRequest(Object(yii\web\Request))
#6 D:\wamp64\www\feehinew\frontend\web\index.php(17): yii\base\Application->run()
#7 {main}
2023-10-05 17:47:30 [127.0.0.1][-][k1vdde45n059g7rg4g6jiff1gs][info][application] $_GET = []

$_POST = []

$_FILES = []

$_COOKIE = [
    'PHPSESSID' => 'k1vdde45n059g7rg4g6jiff1gs'
    '_csrf' => '077a1ce7668a8fe5e2ee94eab449881a2e6873264fcf949b195392a93e66954da:2:{i:0;s:5:\"_csrf\";i:1;s:32:\"XMh3QU4RSwE44r3i3bJJbSR1gofxGDcM\";}'
    'BACKEND_FEEHICMS' => 'kb0me5telom8nmvqkt4e1s0i37'
    '_csrf_backend' => '0cd9328c9982b05c34e27f55bd70992f10529d6b4822a67ddd1a6e31a4984f07a:2:{i:0;s:13:\"_csrf_backend\";i:1;s:32:\"VFvJPcBgTAQExwUvnzWCxe_PasbeX-m5\";}'
]

$_SESSION = [
    '__flash' => []
]

$_SERVER = [
    'REDIRECT_STATUS' => '200'
    'HTTP_HOST' => 'car.cso123.com'
    'HTTP_CONNECTION' => 'keep-alive'
    'HTTP_PRAGMA' => 'no-cache'
    'HTTP_CACHE_CONTROL' => 'no-cache'
    'HTTP_USER_AGENT' => 'Mozilla/5.0 (Windows NT 10.0; WOW64) AppleWebKit/537.36 (KHTML, like Gecko) Chrome/94.0.4606.71 Safari/537.36 SE 2.X MetaSr 1.0'
    'HTTP_ACCEPT_ENCODING' => 'gzip, deflate'
    'HTTP_ACCEPT_LANGUAGE' => 'zh-CN,zh;q=0.9'
    'HTTP_COOKIE' => 'PHPSESSID=k1vdde45n059g7rg4g6jiff1gs; _csrf=077a1ce7668a8fe5e2ee94eab449881a2e6873264fcf949b195392a93e66954da%3A2%3A%7Bi%3A0%3Bs%3A5%3A%22_csrf%22%3Bi%3A1%3Bs%3A32%3A%22XMh3QU4RSwE44r3i3bJJbSR1gofxGDcM%22%3B%7D; BACKEND_FEEHICMS=kb0me5telom8nmvqkt4e1s0i37; _csrf_backend=0cd9328c9982b05c34e27f55bd70992f10529d6b4822a67ddd1a6e31a4984f07a%3A2%3A%7Bi%3A0%3Bs%3A13%3A%22_csrf_backend%22%3Bi%3A1%3Bs%3A32%3A%22VFvJPcBgTAQExwUvnzWCxe_PasbeX-m5%22%3B%7D'
    'PATH' => 'D:\\install\\VMware\\VMware Workstation\\bin\\;C:\\WINDOWS\\system32;C:\\WINDOWS;C:\\WINDOWS\\System32\\Wbem;C:\\WINDOWS\\System32\\WindowsPowerShell\\v1.0\\;C:\\WINDOWS\\System32\\OpenSSH\\;D:\\soft\\Sublime Text3\\;D:\\install\\Java\\jdk1.8.0_211\\bin;D:\\install\\Java\\jre;D:\\wamp\\bin\\php\\php7.3.5;C:\\WINDOWS\\System32\\OpenSSH\\;d:\\install\\Python37\\Scripts;D:\\install\\Planner\\gtk2\\GTK2-Runtime\\bin;D:\\wamp\\bin\\php\\php7.4.11;D:\\install\\Xshell 7\\;D:\\soft\\sublimetext4\\Sublime Text\\ctags58;D:\\install\\微信web开发者工具\\;all\\no;ejs\\;all\\To;toiseGit\\bin;D:\\install\\Git\\cmd;D:\\install\\Git\\Git\\cmd;D:\\install\\nodejs\\node_global;D:\\install\\nodejs\\node_cache;D:\\install\\Go\\bin;D:\\wamp64\\bin\\php\\php7.4.33;C:\\ProgramData\\ComposerSetup\\bin;d:\\install\\wxkfzgj\\微信web开发者工具\\dll;D:\\install\\nodejs\\;d:\\install\\微信web开发者工具\\dll;C:\\WINDOWS\\system32\\config\\systemprofile\\AppData\\Local\\Microsoft\\WindowsApps'
    'SystemRoot' => 'C:\\WINDOWS'
    'COMSPEC' => 'C:\\WINDOWS\\system32\\cmd.exe'
    'PATHEXT' => '.COM;.EXE;.BAT;.CMD;.VBS;.VBE;.JS;.JSE;.WSF;.WSH;.MSC'
    'WINDIR' => 'C:\\WINDOWS'
    'SERVER_SIGNATURE' => '<address>Apache/2.4.54 (Win64) PHP/7.4.33 mod_fcgid/2.3.10-dev Server at car.cso123.com Port 80</address>
'
    'SERVER_SOFTWARE' => 'Apache/2.4.54 (Win64) PHP/7.4.33 mod_fcgid/2.3.10-dev'
    'SERVER_NAME' => 'car.cso123.com'
    'SERVER_ADDR' => '127.0.0.1'
    'SERVER_PORT' => '80'
    'REMOTE_ADDR' => '127.0.0.1'
    'DOCUMENT_ROOT' => 'D:/wamp64/www/feehinew/frontend/web'
    'REQUEST_SCHEME' => 'http'
    'CONTEXT_PREFIX' => ''
    'CONTEXT_DOCUMENT_ROOT' => 'D:/wamp64/www/feehinew/frontend/web'
    'SERVER_ADMIN' => 'wampserver@wampserver.invalid'
    'SCRIPT_FILENAME' => 'D:/wamp64/www/feehinew/frontend/web/index.php'
    'REMOTE_PORT' => '53877'
    'REDIRECT_URL' => '/toastr.js.map'
    'GATEWAY_INTERFACE' => 'CGI/1.1'
    'SERVER_PROTOCOL' => 'HTTP/1.1'
    'REQUEST_METHOD' => 'GET'
    'QUERY_STRING' => ''
    'REQUEST_URI' => '/toastr.js.map'
    'SCRIPT_NAME' => '/index.php'
    'PHP_SELF' => '/index.php'
    'REQUEST_TIME_FLOAT' => 1696499250.3363
    'REQUEST_TIME' => 1696499250
    'argv' => []
    'argc' => 0
]2023-10-05 17:47:32 [127.0.0.1][-][k1vdde45n059g7rg4g6jiff1gs][error][yii\web\HttpException:404] yii\web\NotFoundHttpException: 未找到分类toastr.js.map in D:\wamp64\www\feehinew\frontend\controllers\ArticleController.php:78
Stack trace:
#0 [internal function]: frontend\controllers\ArticleController->actionIndex('toastr.js.map')
#1 D:\wamp64\www\feehinew\vendor\yiisoft\yii2\base\InlineAction.php(57): call_user_func_array(Array, Array)
#2 D:\wamp64\www\feehinew\vendor\yiisoft\yii2\base\Controller.php(178): yii\base\InlineAction->runWithParams(Array)
#3 D:\wamp64\www\feehinew\vendor\yiisoft\yii2\base\Module.php(552): yii\base\Controller->runAction('index', Array)
#4 D:\wamp64\www\feehinew\vendor\yiisoft\yii2\web\Application.php(103): yii\base\Module->runAction('', Array)
#5 D:\wamp64\www\feehinew\vendor\yiisoft\yii2\base\Application.php(384): yii\web\Application->handleRequest(Object(yii\web\Request))
#6 D:\wamp64\www\feehinew\frontend\web\index.php(17): yii\base\Application->run()
#7 {main}
2023-10-05 17:47:32 [127.0.0.1][-][k1vdde45n059g7rg4g6jiff1gs][info][application] $_GET = []

$_POST = []

$_FILES = []

$_COOKIE = [
    'PHPSESSID' => 'k1vdde45n059g7rg4g6jiff1gs'
    '_csrf' => '077a1ce7668a8fe5e2ee94eab449881a2e6873264fcf949b195392a93e66954da:2:{i:0;s:5:\"_csrf\";i:1;s:32:\"XMh3QU4RSwE44r3i3bJJbSR1gofxGDcM\";}'
    'BACKEND_FEEHICMS' => 'kb0me5telom8nmvqkt4e1s0i37'
    '_csrf_backend' => '0cd9328c9982b05c34e27f55bd70992f10529d6b4822a67ddd1a6e31a4984f07a:2:{i:0;s:13:\"_csrf_backend\";i:1;s:32:\"VFvJPcBgTAQExwUvnzWCxe_PasbeX-m5\";}'
]

$_SESSION = [
    '__flash' => []
]

$_SERVER = [
    'REDIRECT_STATUS' => '200'
    'HTTP_HOST' => 'car.cso123.com'
    'HTTP_CONNECTION' => 'keep-alive'
    'HTTP_PRAGMA' => 'no-cache'
    'HTTP_CACHE_CONTROL' => 'no-cache'
    'HTTP_USER_AGENT' => 'Mozilla/5.0 (Windows NT 10.0; WOW64) AppleWebKit/537.36 (KHTML, like Gecko) Chrome/94.0.4606.71 Safari/537.36 SE 2.X MetaSr 1.0'
    'HTTP_ACCEPT_ENCODING' => 'gzip, deflate'
    'HTTP_ACCEPT_LANGUAGE' => 'zh-CN,zh;q=0.9'
    'HTTP_COOKIE' => 'PHPSESSID=k1vdde45n059g7rg4g6jiff1gs; _csrf=077a1ce7668a8fe5e2ee94eab449881a2e6873264fcf949b195392a93e66954da%3A2%3A%7Bi%3A0%3Bs%3A5%3A%22_csrf%22%3Bi%3A1%3Bs%3A32%3A%22XMh3QU4RSwE44r3i3bJJbSR1gofxGDcM%22%3B%7D; BACKEND_FEEHICMS=kb0me5telom8nmvqkt4e1s0i37; _csrf_backend=0cd9328c9982b05c34e27f55bd70992f10529d6b4822a67ddd1a6e31a4984f07a%3A2%3A%7Bi%3A0%3Bs%3A13%3A%22_csrf_backend%22%3Bi%3A1%3Bs%3A32%3A%22VFvJPcBgTAQExwUvnzWCxe_PasbeX-m5%22%3B%7D'
    'PATH' => 'D:\\install\\VMware\\VMware Workstation\\bin\\;C:\\WINDOWS\\system32;C:\\WINDOWS;C:\\WINDOWS\\System32\\Wbem;C:\\WINDOWS\\System32\\WindowsPowerShell\\v1.0\\;C:\\WINDOWS\\System32\\OpenSSH\\;D:\\soft\\Sublime Text3\\;D:\\install\\Java\\jdk1.8.0_211\\bin;D:\\install\\Java\\jre;D:\\wamp\\bin\\php\\php7.3.5;C:\\WINDOWS\\System32\\OpenSSH\\;d:\\install\\Python37\\Scripts;D:\\install\\Planner\\gtk2\\GTK2-Runtime\\bin;D:\\wamp\\bin\\php\\php7.4.11;D:\\install\\Xshell 7\\;D:\\soft\\sublimetext4\\Sublime Text\\ctags58;D:\\install\\微信web开发者工具\\;all\\no;ejs\\;all\\To;toiseGit\\bin;D:\\install\\Git\\cmd;D:\\install\\Git\\Git\\cmd;D:\\install\\nodejs\\node_global;D:\\install\\nodejs\\node_cache;D:\\install\\Go\\bin;D:\\wamp64\\bin\\php\\php7.4.33;C:\\ProgramData\\ComposerSetup\\bin;d:\\install\\wxkfzgj\\微信web开发者工具\\dll;D:\\install\\nodejs\\;d:\\install\\微信web开发者工具\\dll;C:\\WINDOWS\\system32\\config\\systemprofile\\AppData\\Local\\Microsoft\\WindowsApps'
    'SystemRoot' => 'C:\\WINDOWS'
    'COMSPEC' => 'C:\\WINDOWS\\system32\\cmd.exe'
    'PATHEXT' => '.COM;.EXE;.BAT;.CMD;.VBS;.VBE;.JS;.JSE;.WSF;.WSH;.MSC'
    'WINDIR' => 'C:\\WINDOWS'
    'SERVER_SIGNATURE' => '<address>Apache/2.4.54 (Win64) PHP/7.4.33 mod_fcgid/2.3.10-dev Server at car.cso123.com Port 80</address>
'
    'SERVER_SOFTWARE' => 'Apache/2.4.54 (Win64) PHP/7.4.33 mod_fcgid/2.3.10-dev'
    'SERVER_NAME' => 'car.cso123.com'
    'SERVER_ADDR' => '127.0.0.1'
    'SERVER_PORT' => '80'
    'REMOTE_ADDR' => '127.0.0.1'
    'DOCUMENT_ROOT' => 'D:/wamp64/www/feehinew/frontend/web'
    'REQUEST_SCHEME' => 'http'
    'CONTEXT_PREFIX' => ''
    'CONTEXT_DOCUMENT_ROOT' => 'D:/wamp64/www/feehinew/frontend/web'
    'SERVER_ADMIN' => 'wampserver@wampserver.invalid'
    'SCRIPT_FILENAME' => 'D:/wamp64/www/feehinew/frontend/web/index.php'
    'REMOTE_PORT' => '53877'
    'REDIRECT_URL' => '/toastr.js.map'
    'GATEWAY_INTERFACE' => 'CGI/1.1'
    'SERVER_PROTOCOL' => 'HTTP/1.1'
    'REQUEST_METHOD' => 'GET'
    'QUERY_STRING' => ''
    'REQUEST_URI' => '/toastr.js.map'
    'SCRIPT_NAME' => '/index.php'
    'PHP_SELF' => '/index.php'
    'REQUEST_TIME_FLOAT' => 1696499252.7856
    'REQUEST_TIME' => 1696499252
    'argv' => []
    'argc' => 0
]2023-10-05 17:47:34 [127.0.0.1][-][k1vdde45n059g7rg4g6jiff1gs][error][yii\web\HttpException:404] yii\web\NotFoundHttpException: 未找到分类toastr.js.map in D:\wamp64\www\feehinew\frontend\controllers\ArticleController.php:78
Stack trace:
#0 [internal function]: frontend\controllers\ArticleController->actionIndex('toastr.js.map')
#1 D:\wamp64\www\feehinew\vendor\yiisoft\yii2\base\InlineAction.php(57): call_user_func_array(Array, Array)
#2 D:\wamp64\www\feehinew\vendor\yiisoft\yii2\base\Controller.php(178): yii\base\InlineAction->runWithParams(Array)
#3 D:\wamp64\www\feehinew\vendor\yiisoft\yii2\base\Module.php(552): yii\base\Controller->runAction('index', Array)
#4 D:\wamp64\www\feehinew\vendor\yiisoft\yii2\web\Application.php(103): yii\base\Module->runAction('', Array)
#5 D:\wamp64\www\feehinew\vendor\yiisoft\yii2\base\Application.php(384): yii\web\Application->handleRequest(Object(yii\web\Request))
#6 D:\wamp64\www\feehinew\frontend\web\index.php(17): yii\base\Application->run()
#7 {main}
2023-10-05 17:47:34 [127.0.0.1][-][k1vdde45n059g7rg4g6jiff1gs][info][application] $_GET = []

$_POST = []

$_FILES = []

$_COOKIE = [
    'PHPSESSID' => 'k1vdde45n059g7rg4g6jiff1gs'
    '_csrf' => '077a1ce7668a8fe5e2ee94eab449881a2e6873264fcf949b195392a93e66954da:2:{i:0;s:5:\"_csrf\";i:1;s:32:\"XMh3QU4RSwE44r3i3bJJbSR1gofxGDcM\";}'
    'BACKEND_FEEHICMS' => 'kb0me5telom8nmvqkt4e1s0i37'
    '_csrf_backend' => '0cd9328c9982b05c34e27f55bd70992f10529d6b4822a67ddd1a6e31a4984f07a:2:{i:0;s:13:\"_csrf_backend\";i:1;s:32:\"VFvJPcBgTAQExwUvnzWCxe_PasbeX-m5\";}'
]

$_SESSION = [
    '__flash' => []
]

$_SERVER = [
    'REDIRECT_STATUS' => '200'
    'HTTP_HOST' => 'car.cso123.com'
    'HTTP_CONNECTION' => 'keep-alive'
    'HTTP_PRAGMA' => 'no-cache'
    'HTTP_CACHE_CONTROL' => 'no-cache'
    'HTTP_USER_AGENT' => 'Mozilla/5.0 (Windows NT 10.0; WOW64) AppleWebKit/537.36 (KHTML, like Gecko) Chrome/94.0.4606.71 Safari/537.36 SE 2.X MetaSr 1.0'
    'HTTP_ACCEPT_ENCODING' => 'gzip, deflate'
    'HTTP_ACCEPT_LANGUAGE' => 'zh-CN,zh;q=0.9'
    'HTTP_COOKIE' => 'PHPSESSID=k1vdde45n059g7rg4g6jiff1gs; _csrf=077a1ce7668a8fe5e2ee94eab449881a2e6873264fcf949b195392a93e66954da%3A2%3A%7Bi%3A0%3Bs%3A5%3A%22_csrf%22%3Bi%3A1%3Bs%3A32%3A%22XMh3QU4RSwE44r3i3bJJbSR1gofxGDcM%22%3B%7D; BACKEND_FEEHICMS=kb0me5telom8nmvqkt4e1s0i37; _csrf_backend=0cd9328c9982b05c34e27f55bd70992f10529d6b4822a67ddd1a6e31a4984f07a%3A2%3A%7Bi%3A0%3Bs%3A13%3A%22_csrf_backend%22%3Bi%3A1%3Bs%3A32%3A%22VFvJPcBgTAQExwUvnzWCxe_PasbeX-m5%22%3B%7D'
    'PATH' => 'D:\\install\\VMware\\VMware Workstation\\bin\\;C:\\WINDOWS\\system32;C:\\WINDOWS;C:\\WINDOWS\\System32\\Wbem;C:\\WINDOWS\\System32\\WindowsPowerShell\\v1.0\\;C:\\WINDOWS\\System32\\OpenSSH\\;D:\\soft\\Sublime Text3\\;D:\\install\\Java\\jdk1.8.0_211\\bin;D:\\install\\Java\\jre;D:\\wamp\\bin\\php\\php7.3.5;C:\\WINDOWS\\System32\\OpenSSH\\;d:\\install\\Python37\\Scripts;D:\\install\\Planner\\gtk2\\GTK2-Runtime\\bin;D:\\wamp\\bin\\php\\php7.4.11;D:\\install\\Xshell 7\\;D:\\soft\\sublimetext4\\Sublime Text\\ctags58;D:\\install\\微信web开发者工具\\;all\\no;ejs\\;all\\To;toiseGit\\bin;D:\\install\\Git\\cmd;D:\\install\\Git\\Git\\cmd;D:\\install\\nodejs\\node_global;D:\\install\\nodejs\\node_cache;D:\\install\\Go\\bin;D:\\wamp64\\bin\\php\\php7.4.33;C:\\ProgramData\\ComposerSetup\\bin;d:\\install\\wxkfzgj\\微信web开发者工具\\dll;D:\\install\\nodejs\\;d:\\install\\微信web开发者工具\\dll;C:\\WINDOWS\\system32\\config\\systemprofile\\AppData\\Local\\Microsoft\\WindowsApps'
    'SystemRoot' => 'C:\\WINDOWS'
    'COMSPEC' => 'C:\\WINDOWS\\system32\\cmd.exe'
    'PATHEXT' => '.COM;.EXE;.BAT;.CMD;.VBS;.VBE;.JS;.JSE;.WSF;.WSH;.MSC'
    'WINDIR' => 'C:\\WINDOWS'
    'SERVER_SIGNATURE' => '<address>Apache/2.4.54 (Win64) PHP/7.4.33 mod_fcgid/2.3.10-dev Server at car.cso123.com Port 80</address>
'
    'SERVER_SOFTWARE' => 'Apache/2.4.54 (Win64) PHP/7.4.33 mod_fcgid/2.3.10-dev'
    'SERVER_NAME' => 'car.cso123.com'
    'SERVER_ADDR' => '127.0.0.1'
    'SERVER_PORT' => '80'
    'REMOTE_ADDR' => '127.0.0.1'
    'DOCUMENT_ROOT' => 'D:/wamp64/www/feehinew/frontend/web'
    'REQUEST_SCHEME' => 'http'
    'CONTEXT_PREFIX' => ''
    'CONTEXT_DOCUMENT_ROOT' => 'D:/wamp64/www/feehinew/frontend/web'
    'SERVER_ADMIN' => 'wampserver@wampserver.invalid'
    'SCRIPT_FILENAME' => 'D:/wamp64/www/feehinew/frontend/web/index.php'
    'REMOTE_PORT' => '55105'
    'REDIRECT_URL' => '/toastr.js.map'
    'GATEWAY_INTERFACE' => 'CGI/1.1'
    'SERVER_PROTOCOL' => 'HTTP/1.1'
    'REQUEST_METHOD' => 'GET'
    'QUERY_STRING' => ''
    'REQUEST_URI' => '/toastr.js.map'
    'SCRIPT_NAME' => '/index.php'
    'PHP_SELF' => '/index.php'
    'REQUEST_TIME_FLOAT' => 1696499254.1758
    'REQUEST_TIME' => 1696499254
    'argv' => []
    'argc' => 0
]2023-10-05 17:47:35 [127.0.0.1][-][k1vdde45n059g7rg4g6jiff1gs][error][yii\web\HttpException:404] yii\web\NotFoundHttpException: 未找到分类toastr.js.map in D:\wamp64\www\feehinew\frontend\controllers\ArticleController.php:78
Stack trace:
#0 [internal function]: frontend\controllers\ArticleController->actionIndex('toastr.js.map')
#1 D:\wamp64\www\feehinew\vendor\yiisoft\yii2\base\InlineAction.php(57): call_user_func_array(Array, Array)
#2 D:\wamp64\www\feehinew\vendor\yiisoft\yii2\base\Controller.php(178): yii\base\InlineAction->runWithParams(Array)
#3 D:\wamp64\www\feehinew\vendor\yiisoft\yii2\base\Module.php(552): yii\base\Controller->runAction('index', Array)
#4 D:\wamp64\www\feehinew\vendor\yiisoft\yii2\web\Application.php(103): yii\base\Module->runAction('', Array)
#5 D:\wamp64\www\feehinew\vendor\yiisoft\yii2\base\Application.php(384): yii\web\Application->handleRequest(Object(yii\web\Request))
#6 D:\wamp64\www\feehinew\frontend\web\index.php(17): yii\base\Application->run()
#7 {main}
2023-10-05 17:47:34 [127.0.0.1][-][k1vdde45n059g7rg4g6jiff1gs][info][application] $_GET = []

$_POST = []

$_FILES = []

$_COOKIE = [
    'PHPSESSID' => 'k1vdde45n059g7rg4g6jiff1gs'
    '_csrf' => '077a1ce7668a8fe5e2ee94eab449881a2e6873264fcf949b195392a93e66954da:2:{i:0;s:5:\"_csrf\";i:1;s:32:\"XMh3QU4RSwE44r3i3bJJbSR1gofxGDcM\";}'
    'BACKEND_FEEHICMS' => 'kb0me5telom8nmvqkt4e1s0i37'
    '_csrf_backend' => '0cd9328c9982b05c34e27f55bd70992f10529d6b4822a67ddd1a6e31a4984f07a:2:{i:0;s:13:\"_csrf_backend\";i:1;s:32:\"VFvJPcBgTAQExwUvnzWCxe_PasbeX-m5\";}'
]

$_SESSION = [
    '__flash' => []
]

$_SERVER = [
    'REDIRECT_STATUS' => '200'
    'HTTP_HOST' => 'car.cso123.com'
    'HTTP_CONNECTION' => 'keep-alive'
    'HTTP_PRAGMA' => 'no-cache'
    'HTTP_CACHE_CONTROL' => 'no-cache'
    'HTTP_USER_AGENT' => 'Mozilla/5.0 (Windows NT 10.0; WOW64) AppleWebKit/537.36 (KHTML, like Gecko) Chrome/94.0.4606.71 Safari/537.36 SE 2.X MetaSr 1.0'
    'HTTP_ACCEPT_ENCODING' => 'gzip, deflate'
    'HTTP_ACCEPT_LANGUAGE' => 'zh-CN,zh;q=0.9'
    'HTTP_COOKIE' => 'PHPSESSID=k1vdde45n059g7rg4g6jiff1gs; _csrf=077a1ce7668a8fe5e2ee94eab449881a2e6873264fcf949b195392a93e66954da%3A2%3A%7Bi%3A0%3Bs%3A5%3A%22_csrf%22%3Bi%3A1%3Bs%3A32%3A%22XMh3QU4RSwE44r3i3bJJbSR1gofxGDcM%22%3B%7D; BACKEND_FEEHICMS=kb0me5telom8nmvqkt4e1s0i37; _csrf_backend=0cd9328c9982b05c34e27f55bd70992f10529d6b4822a67ddd1a6e31a4984f07a%3A2%3A%7Bi%3A0%3Bs%3A13%3A%22_csrf_backend%22%3Bi%3A1%3Bs%3A32%3A%22VFvJPcBgTAQExwUvnzWCxe_PasbeX-m5%22%3B%7D'
    'PATH' => 'D:\\install\\VMware\\VMware Workstation\\bin\\;C:\\WINDOWS\\system32;C:\\WINDOWS;C:\\WINDOWS\\System32\\Wbem;C:\\WINDOWS\\System32\\WindowsPowerShell\\v1.0\\;C:\\WINDOWS\\System32\\OpenSSH\\;D:\\soft\\Sublime Text3\\;D:\\install\\Java\\jdk1.8.0_211\\bin;D:\\install\\Java\\jre;D:\\wamp\\bin\\php\\php7.3.5;C:\\WINDOWS\\System32\\OpenSSH\\;d:\\install\\Python37\\Scripts;D:\\install\\Planner\\gtk2\\GTK2-Runtime\\bin;D:\\wamp\\bin\\php\\php7.4.11;D:\\install\\Xshell 7\\;D:\\soft\\sublimetext4\\Sublime Text\\ctags58;D:\\install\\微信web开发者工具\\;all\\no;ejs\\;all\\To;toiseGit\\bin;D:\\install\\Git\\cmd;D:\\install\\Git\\Git\\cmd;D:\\install\\nodejs\\node_global;D:\\install\\nodejs\\node_cache;D:\\install\\Go\\bin;D:\\wamp64\\bin\\php\\php7.4.33;C:\\ProgramData\\ComposerSetup\\bin;d:\\install\\wxkfzgj\\微信web开发者工具\\dll;D:\\install\\nodejs\\;d:\\install\\微信web开发者工具\\dll;C:\\WINDOWS\\system32\\config\\systemprofile\\AppData\\Local\\Microsoft\\WindowsApps'
    'SystemRoot' => 'C:\\WINDOWS'
    'COMSPEC' => 'C:\\WINDOWS\\system32\\cmd.exe'
    'PATHEXT' => '.COM;.EXE;.BAT;.CMD;.VBS;.VBE;.JS;.JSE;.WSF;.WSH;.MSC'
    'WINDIR' => 'C:\\WINDOWS'
    'SERVER_SIGNATURE' => '<address>Apache/2.4.54 (Win64) PHP/7.4.33 mod_fcgid/2.3.10-dev Server at car.cso123.com Port 80</address>
'
    'SERVER_SOFTWARE' => 'Apache/2.4.54 (Win64) PHP/7.4.33 mod_fcgid/2.3.10-dev'
    'SERVER_NAME' => 'car.cso123.com'
    'SERVER_ADDR' => '127.0.0.1'
    'SERVER_PORT' => '80'
    'REMOTE_ADDR' => '127.0.0.1'
    'DOCUMENT_ROOT' => 'D:/wamp64/www/feehinew/frontend/web'
    'REQUEST_SCHEME' => 'http'
    'CONTEXT_PREFIX' => ''
    'CONTEXT_DOCUMENT_ROOT' => 'D:/wamp64/www/feehinew/frontend/web'
    'SERVER_ADMIN' => 'wampserver@wampserver.invalid'
    'SCRIPT_FILENAME' => 'D:/wamp64/www/feehinew/frontend/web/index.php'
    'REMOTE_PORT' => '53107'
    'REDIRECT_URL' => '/toastr.js.map'
    'GATEWAY_INTERFACE' => 'CGI/1.1'
    'SERVER_PROTOCOL' => 'HTTP/1.1'
    'REQUEST_METHOD' => 'GET'
    'QUERY_STRING' => ''
    'REQUEST_URI' => '/toastr.js.map'
    'SCRIPT_NAME' => '/index.php'
    'PHP_SELF' => '/index.php'
    'REQUEST_TIME_FLOAT' => 1696499254.975
    'REQUEST_TIME' => 1696499254
    'argv' => []
    'argc' => 0
]