2023-09-25 19:02:06 [127.0.0.1][1][-][warning][yii\debug\Module::checkAccess] Access to debugger is denied due to IP address restriction. The requesting IP address is 127.0.0.1
    in D:\wamp64\www\feehinew\backend\views\layouts\main.php:35
    in D:\wamp64\www\feehinew\backend\actions\IndexAction.php:76
2023-09-25 19:02:06 [127.0.0.1][1][-][warning][yii\debug\Module::checkAccess] Access to debugger is denied due to IP address restriction. The requesting IP address is 127.0.0.1
2023-09-25 19:02:05 [127.0.0.1][1][-][info][application] $_GET = [
    'r' => 'menu/index'
]

$_POST = []

$_FILES = []

$_COOKIE = [
    'PHPSESSID' => 'k1vdde45n059g7rg4g6jiff1gs'
    '_csrf' => '077a1ce7668a8fe5e2ee94eab449881a2e6873264fcf949b195392a93e66954da:2:{i:0;s:5:\"_csrf\";i:1;s:32:\"XMh3QU4RSwE44r3i3bJJbSR1gofxGDcM\";}'
    'BACKEND_FEEHICMS' => 'gpnofnro5pha7im4kq8nnvq11r'
    '_csrf_backend' => 'af8e48da3c96a8795378f9866ffba9b12ed399b73ca013b0a08d6027b4eb478da:2:{i:0;s:13:\"_csrf_backend\";i:1;s:32:\"HhpxwAD4OIR2PyH6cHMB3jmy9iN4KOm4\";}'
]

$_SESSION = [
    '__flash' => []
    '_backend_returnUrl' => '/admin/'
    '__captcha/site/captcha' => 'zuti'
    '__captcha/site/captchacount' => 1
    '__backend__id' => 1
    '_create_referer' => 'http://car.cso123.com/admin/index.php?r=management%2Fcreate'
    '_update_referer' => 'http://car.cso123.com/admin/index.php?r=management%2Findex'
]

$_SERVER = [
    'HTTP_HOST' => 'car.cso123.com'
    'HTTP_CONNECTION' => 'keep-alive'
    'HTTP_UPGRADE_INSECURE_REQUESTS' => '1'
    'HTTP_USER_AGENT' => 'Mozilla/5.0 (Windows NT 10.0; WOW64) AppleWebKit/537.36 (KHTML, like Gecko) Chrome/94.0.4606.71 Safari/537.36 SE 2.X MetaSr 1.0'
    'HTTP_ACCEPT' => 'text/html,application/xhtml+xml,application/xml;q=0.9,image/avif,image/webp,image/apng,*/*;q=0.8,application/signed-exchange;v=b3;q=0.9'
    'HTTP_REFERER' => 'http://car.cso123.com/admin/'
    'HTTP_ACCEPT_ENCODING' => 'gzip, deflate'
    'HTTP_ACCEPT_LANGUAGE' => 'zh-CN,zh;q=0.9'
    'HTTP_COOKIE' => 'PHPSESSID=k1vdde45n059g7rg4g6jiff1gs; _csrf=077a1ce7668a8fe5e2ee94eab449881a2e6873264fcf949b195392a93e66954da%3A2%3A%7Bi%3A0%3Bs%3A5%3A%22_csrf%22%3Bi%3A1%3Bs%3A32%3A%22XMh3QU4RSwE44r3i3bJJbSR1gofxGDcM%22%3B%7D; BACKEND_FEEHICMS=gpnofnro5pha7im4kq8nnvq11r; _csrf_backend=af8e48da3c96a8795378f9866ffba9b12ed399b73ca013b0a08d6027b4eb478da%3A2%3A%7Bi%3A0%3Bs%3A13%3A%22_csrf_backend%22%3Bi%3A1%3Bs%3A32%3A%22HhpxwAD4OIR2PyH6cHMB3jmy9iN4KOm4%22%3B%7D'
    'PATH' => 'D:\\install\\VMware\\VMware Workstation\\bin\\;C:\\WINDOWS\\system32;C:\\WINDOWS;C:\\WINDOWS\\System32\\Wbem;C:\\WINDOWS\\System32\\WindowsPowerShell\\v1.0\\;C:\\WINDOWS\\System32\\OpenSSH\\;D:\\soft\\Sublime Text3\\;D:\\install\\Java\\jdk1.8.0_211\\bin;D:\\install\\Java\\jre;D:\\wamp\\bin\\php\\php7.3.5;C:\\WINDOWS\\System32\\OpenSSH\\;d:\\install\\Python37\\Scripts;D:\\install\\Planner\\gtk2\\GTK2-Runtime\\bin;D:\\wamp\\bin\\php\\php7.4.11;D:\\install\\Xshell 7\\;D:\\soft\\sublimetext4\\Sublime Text\\ctags58;D:\\install\\微信web开发者工具\\;all\\no;ejs\\;all\\To;toiseGit\\bin;D:\\install\\Git\\cmd;D:\\install\\Git\\Git\\cmd;D:\\install\\nodejs\\node_global;D:\\install\\nodejs\\node_cache;D:\\install\\Go\\bin;D:\\wamp64\\bin\\php\\php7.4.33;C:\\ProgramData\\ComposerSetup\\bin;d:\\install\\wxkfzgj\\微信web开发者工具\\dll;D:\\install\\nodejs\\;d:\\install\\微信web开发者工具\\dll;C:\\WINDOWS\\system32\\config\\systemprofile\\AppData\\Local\\Microsoft\\WindowsApps'
    'SystemRoot' => 'C:\\WINDOWS'
    'COMSPEC' => 'C:\\WINDOWS\\system32\\cmd.exe'
    'PATHEXT' => '.COM;.EXE;.BAT;.CMD;.VBS;.VBE;.JS;.JSE;.WSF;.WSH;.MSC'
    'WINDIR' => 'C:\\WINDOWS'
    'SERVER_SIGNATURE' => '<address>Apache/2.4.54 (Win64) PHP/7.4.33 mod_fcgid/2.3.10-dev Server at car.cso123.com Port 80</address>
'
    'SERVER_SOFTWARE' => 'Apache/2.4.54 (Win64) PHP/7.4.33 mod_fcgid/2.3.10-dev'
    'SERVER_NAME' => 'car.cso123.com'
    'SERVER_ADDR' => '127.0.0.1'
    'SERVER_PORT' => '80'
    'REMOTE_ADDR' => '127.0.0.1'
    'DOCUMENT_ROOT' => 'D:/wamp64/www/feehinew/frontend/web'
    'REQUEST_SCHEME' => 'http'
    'CONTEXT_PREFIX' => ''
    'CONTEXT_DOCUMENT_ROOT' => 'D:/wamp64/www/feehinew/frontend/web'
    'SERVER_ADMIN' => 'wampserver@wampserver.invalid'
    'SCRIPT_FILENAME' => 'D:/wamp64/www/feehinew/frontend/web/admin/index.php'
    'REMOTE_PORT' => '51733'
    'GATEWAY_INTERFACE' => 'CGI/1.1'
    'SERVER_PROTOCOL' => 'HTTP/1.1'
    'REQUEST_METHOD' => 'GET'
    'QUERY_STRING' => 'r=menu%2Findex'
    'REQUEST_URI' => '/admin/index.php?r=menu%2Findex'
    'SCRIPT_NAME' => '/admin/index.php'
    'PHP_SELF' => '/admin/index.php'
    'REQUEST_TIME_FLOAT' => 1695639725.9392
    'REQUEST_TIME' => 1695639725
    'argv' => [
        0 => 'r=menu%2Findex'
    ]
    'argc' => 1
]
2023-09-25 19:02:08 [127.0.0.1][1][-][warning][yii\debug\Module::checkAccess] Access to debugger is denied due to IP address restriction. The requesting IP address is 127.0.0.1
    in D:\wamp64\www\feehinew\backend\views\layouts\main.php:35
    in D:\wamp64\www\feehinew\backend\actions\IndexAction.php:76
2023-09-25 19:02:08 [127.0.0.1][1][-][warning][yii\debug\Module::checkAccess] Access to debugger is denied due to IP address restriction. The requesting IP address is 127.0.0.1
2023-09-25 19:02:08 [127.0.0.1][1][-][info][application] $_GET = [
    'r' => 'frontend-menu/index'
]

$_POST = []

$_FILES = []

$_COOKIE = [
    'PHPSESSID' => 'k1vdde45n059g7rg4g6jiff1gs'
    '_csrf' => '077a1ce7668a8fe5e2ee94eab449881a2e6873264fcf949b195392a93e66954da:2:{i:0;s:5:\"_csrf\";i:1;s:32:\"XMh3QU4RSwE44r3i3bJJbSR1gofxGDcM\";}'
    'BACKEND_FEEHICMS' => 'gpnofnro5pha7im4kq8nnvq11r'
    '_csrf_backend' => 'af8e48da3c96a8795378f9866ffba9b12ed399b73ca013b0a08d6027b4eb478da:2:{i:0;s:13:\"_csrf_backend\";i:1;s:32:\"HhpxwAD4OIR2PyH6cHMB3jmy9iN4KOm4\";}'
]

$_SESSION = [
    '__flash' => []
    '_backend_returnUrl' => '/admin/'
    '__captcha/site/captcha' => 'zuti'
    '__captcha/site/captchacount' => 1
    '__backend__id' => 1
    '_create_referer' => 'http://car.cso123.com/admin/index.php?r=management%2Fcreate'
    '_update_referer' => 'http://car.cso123.com/admin/index.php?r=management%2Findex'
]

$_SERVER = [
    'HTTP_HOST' => 'car.cso123.com'
    'HTTP_CONNECTION' => 'keep-alive'
    'HTTP_UPGRADE_INSECURE_REQUESTS' => '1'
    'HTTP_USER_AGENT' => 'Mozilla/5.0 (Windows NT 10.0; WOW64) AppleWebKit/537.36 (KHTML, like Gecko) Chrome/94.0.4606.71 Safari/537.36 SE 2.X MetaSr 1.0'
    'HTTP_ACCEPT' => 'text/html,application/xhtml+xml,application/xml;q=0.9,image/avif,image/webp,image/apng,*/*;q=0.8,application/signed-exchange;v=b3;q=0.9'
    'HTTP_REFERER' => 'http://car.cso123.com/admin/'
    'HTTP_ACCEPT_ENCODING' => 'gzip, deflate'
    'HTTP_ACCEPT_LANGUAGE' => 'zh-CN,zh;q=0.9'
    'HTTP_COOKIE' => 'PHPSESSID=k1vdde45n059g7rg4g6jiff1gs; _csrf=077a1ce7668a8fe5e2ee94eab449881a2e6873264fcf949b195392a93e66954da%3A2%3A%7Bi%3A0%3Bs%3A5%3A%22_csrf%22%3Bi%3A1%3Bs%3A32%3A%22XMh3QU4RSwE44r3i3bJJbSR1gofxGDcM%22%3B%7D; BACKEND_FEEHICMS=gpnofnro5pha7im4kq8nnvq11r; _csrf_backend=af8e48da3c96a8795378f9866ffba9b12ed399b73ca013b0a08d6027b4eb478da%3A2%3A%7Bi%3A0%3Bs%3A13%3A%22_csrf_backend%22%3Bi%3A1%3Bs%3A32%3A%22HhpxwAD4OIR2PyH6cHMB3jmy9iN4KOm4%22%3B%7D'
    'PATH' => 'D:\\install\\VMware\\VMware Workstation\\bin\\;C:\\WINDOWS\\system32;C:\\WINDOWS;C:\\WINDOWS\\System32\\Wbem;C:\\WINDOWS\\System32\\WindowsPowerShell\\v1.0\\;C:\\WINDOWS\\System32\\OpenSSH\\;D:\\soft\\Sublime Text3\\;D:\\install\\Java\\jdk1.8.0_211\\bin;D:\\install\\Java\\jre;D:\\wamp\\bin\\php\\php7.3.5;C:\\WINDOWS\\System32\\OpenSSH\\;d:\\install\\Python37\\Scripts;D:\\install\\Planner\\gtk2\\GTK2-Runtime\\bin;D:\\wamp\\bin\\php\\php7.4.11;D:\\install\\Xshell 7\\;D:\\soft\\sublimetext4\\Sublime Text\\ctags58;D:\\install\\微信web开发者工具\\;all\\no;ejs\\;all\\To;toiseGit\\bin;D:\\install\\Git\\cmd;D:\\install\\Git\\Git\\cmd;D:\\install\\nodejs\\node_global;D:\\install\\nodejs\\node_cache;D:\\install\\Go\\bin;D:\\wamp64\\bin\\php\\php7.4.33;C:\\ProgramData\\ComposerSetup\\bin;d:\\install\\wxkfzgj\\微信web开发者工具\\dll;D:\\install\\nodejs\\;d:\\install\\微信web开发者工具\\dll;C:\\WINDOWS\\system32\\config\\systemprofile\\AppData\\Local\\Microsoft\\WindowsApps'
    'SystemRoot' => 'C:\\WINDOWS'
    'COMSPEC' => 'C:\\WINDOWS\\system32\\cmd.exe'
    'PATHEXT' => '.COM;.EXE;.BAT;.CMD;.VBS;.VBE;.JS;.JSE;.WSF;.WSH;.MSC'
    'WINDIR' => 'C:\\WINDOWS'
    'SERVER_SIGNATURE' => '<address>Apache/2.4.54 (Win64) PHP/7.4.33 mod_fcgid/2.3.10-dev Server at car.cso123.com Port 80</address>
'
    'SERVER_SOFTWARE' => 'Apache/2.4.54 (Win64) PHP/7.4.33 mod_fcgid/2.3.10-dev'
    'SERVER_NAME' => 'car.cso123.com'
    'SERVER_ADDR' => '127.0.0.1'
    'SERVER_PORT' => '80'
    'REMOTE_ADDR' => '127.0.0.1'
    'DOCUMENT_ROOT' => 'D:/wamp64/www/feehinew/frontend/web'
    'REQUEST_SCHEME' => 'http'
    'CONTEXT_PREFIX' => ''
    'CONTEXT_DOCUMENT_ROOT' => 'D:/wamp64/www/feehinew/frontend/web'
    'SERVER_ADMIN' => 'wampserver@wampserver.invalid'
    'SCRIPT_FILENAME' => 'D:/wamp64/www/feehinew/frontend/web/admin/index.php'
    'REMOTE_PORT' => '51733'
    'GATEWAY_INTERFACE' => 'CGI/1.1'
    'SERVER_PROTOCOL' => 'HTTP/1.1'
    'REQUEST_METHOD' => 'GET'
    'QUERY_STRING' => 'r=frontend-menu%2Findex'
    'REQUEST_URI' => '/admin/index.php?r=frontend-menu%2Findex'
    'SCRIPT_NAME' => '/admin/index.php'
    'PHP_SELF' => '/admin/index.php'
    'REQUEST_TIME_FLOAT' => 1695639728.4651
    'REQUEST_TIME' => 1695639728
    'argv' => [
        0 => 'r=frontend-menu%2Findex'
    ]
    'argc' => 1
]
2023-09-25 19:02:18 [127.0.0.1][1][-][warning][yii\debug\Module::checkAccess] Access to debugger is denied due to IP address restriction. The requesting IP address is 127.0.0.1
    in D:\wamp64\www\feehinew\backend\views\layouts\main.php:35
    in D:\wamp64\www\feehinew\backend\actions\IndexAction.php:76
2023-09-25 19:02:18 [127.0.0.1][1][-][warning][yii\debug\Module::checkAccess] Access to debugger is denied due to IP address restriction. The requesting IP address is 127.0.0.1
2023-09-25 19:02:17 [127.0.0.1][1][-][info][application] $_GET = [
    'r' => 'management/index'
]

$_POST = []

$_FILES = []

$_COOKIE = [
    'PHPSESSID' => 'k1vdde45n059g7rg4g6jiff1gs'
    '_csrf' => '077a1ce7668a8fe5e2ee94eab449881a2e6873264fcf949b195392a93e66954da:2:{i:0;s:5:\"_csrf\";i:1;s:32:\"XMh3QU4RSwE44r3i3bJJbSR1gofxGDcM\";}'
    'BACKEND_FEEHICMS' => 'gpnofnro5pha7im4kq8nnvq11r'
    '_csrf_backend' => 'af8e48da3c96a8795378f9866ffba9b12ed399b73ca013b0a08d6027b4eb478da:2:{i:0;s:13:\"_csrf_backend\";i:1;s:32:\"HhpxwAD4OIR2PyH6cHMB3jmy9iN4KOm4\";}'
]

$_SESSION = [
    '__flash' => []
    '_backend_returnUrl' => '/admin/'
    '__captcha/site/captcha' => 'zuti'
    '__captcha/site/captchacount' => 1
    '__backend__id' => 1
    '_create_referer' => 'http://car.cso123.com/admin/index.php?r=management%2Fcreate'
    '_update_referer' => 'http://car.cso123.com/admin/index.php?r=management%2Findex'
]

$_SERVER = [
    'HTTP_HOST' => 'car.cso123.com'
    'HTTP_CONNECTION' => 'keep-alive'
    'HTTP_CACHE_CONTROL' => 'max-age=0'
    'HTTP_UPGRADE_INSECURE_REQUESTS' => '1'
    'HTTP_USER_AGENT' => 'Mozilla/5.0 (Windows NT 10.0; WOW64) AppleWebKit/537.36 (KHTML, like Gecko) Chrome/94.0.4606.71 Safari/537.36 SE 2.X MetaSr 1.0'
    'HTTP_ACCEPT' => 'text/html,application/xhtml+xml,application/xml;q=0.9,image/avif,image/webp,image/apng,*/*;q=0.8,application/signed-exchange;v=b3;q=0.9'
    'HTTP_REFERER' => 'http://car.cso123.com/admin/index.php?r=management%2Findex'
    'HTTP_ACCEPT_ENCODING' => 'gzip, deflate'
    'HTTP_ACCEPT_LANGUAGE' => 'zh-CN,zh;q=0.9'
    'HTTP_COOKIE' => 'PHPSESSID=k1vdde45n059g7rg4g6jiff1gs; _csrf=077a1ce7668a8fe5e2ee94eab449881a2e6873264fcf949b195392a93e66954da%3A2%3A%7Bi%3A0%3Bs%3A5%3A%22_csrf%22%3Bi%3A1%3Bs%3A32%3A%22XMh3QU4RSwE44r3i3bJJbSR1gofxGDcM%22%3B%7D; BACKEND_FEEHICMS=gpnofnro5pha7im4kq8nnvq11r; _csrf_backend=af8e48da3c96a8795378f9866ffba9b12ed399b73ca013b0a08d6027b4eb478da%3A2%3A%7Bi%3A0%3Bs%3A13%3A%22_csrf_backend%22%3Bi%3A1%3Bs%3A32%3A%22HhpxwAD4OIR2PyH6cHMB3jmy9iN4KOm4%22%3B%7D'
    'PATH' => 'D:\\install\\VMware\\VMware Workstation\\bin\\;C:\\WINDOWS\\system32;C:\\WINDOWS;C:\\WINDOWS\\System32\\Wbem;C:\\WINDOWS\\System32\\WindowsPowerShell\\v1.0\\;C:\\WINDOWS\\System32\\OpenSSH\\;D:\\soft\\Sublime Text3\\;D:\\install\\Java\\jdk1.8.0_211\\bin;D:\\install\\Java\\jre;D:\\wamp\\bin\\php\\php7.3.5;C:\\WINDOWS\\System32\\OpenSSH\\;d:\\install\\Python37\\Scripts;D:\\install\\Planner\\gtk2\\GTK2-Runtime\\bin;D:\\wamp\\bin\\php\\php7.4.11;D:\\install\\Xshell 7\\;D:\\soft\\sublimetext4\\Sublime Text\\ctags58;D:\\install\\微信web开发者工具\\;all\\no;ejs\\;all\\To;toiseGit\\bin;D:\\install\\Git\\cmd;D:\\install\\Git\\Git\\cmd;D:\\install\\nodejs\\node_global;D:\\install\\nodejs\\node_cache;D:\\install\\Go\\bin;D:\\wamp64\\bin\\php\\php7.4.33;C:\\ProgramData\\ComposerSetup\\bin;d:\\install\\wxkfzgj\\微信web开发者工具\\dll;D:\\install\\nodejs\\;d:\\install\\微信web开发者工具\\dll;C:\\WINDOWS\\system32\\config\\systemprofile\\AppData\\Local\\Microsoft\\WindowsApps'
    'SystemRoot' => 'C:\\WINDOWS'
    'COMSPEC' => 'C:\\WINDOWS\\system32\\cmd.exe'
    'PATHEXT' => '.COM;.EXE;.BAT;.CMD;.VBS;.VBE;.JS;.JSE;.WSF;.WSH;.MSC'
    'WINDIR' => 'C:\\WINDOWS'
    'SERVER_SIGNATURE' => '<address>Apache/2.4.54 (Win64) PHP/7.4.33 mod_fcgid/2.3.10-dev Server at car.cso123.com Port 80</address>
'
    'SERVER_SOFTWARE' => 'Apache/2.4.54 (Win64) PHP/7.4.33 mod_fcgid/2.3.10-dev'
    'SERVER_NAME' => 'car.cso123.com'
    'SERVER_ADDR' => '127.0.0.1'
    'SERVER_PORT' => '80'
    'REMOTE_ADDR' => '127.0.0.1'
    'DOCUMENT_ROOT' => 'D:/wamp64/www/feehinew/frontend/web'
    'REQUEST_SCHEME' => 'http'
    'CONTEXT_PREFIX' => ''
    'CONTEXT_DOCUMENT_ROOT' => 'D:/wamp64/www/feehinew/frontend/web'
    'SERVER_ADMIN' => 'wampserver@wampserver.invalid'
    'SCRIPT_FILENAME' => 'D:/wamp64/www/feehinew/frontend/web/admin/index.php'
    'REMOTE_PORT' => '58415'
    'GATEWAY_INTERFACE' => 'CGI/1.1'
    'SERVER_PROTOCOL' => 'HTTP/1.1'
    'REQUEST_METHOD' => 'GET'
    'QUERY_STRING' => 'r=management%2Findex'
    'REQUEST_URI' => '/admin/index.php?r=management%2Findex'
    'SCRIPT_NAME' => '/admin/index.php'
    'PHP_SELF' => '/admin/index.php'
    'REQUEST_TIME_FLOAT' => 1695639737.9304
    'REQUEST_TIME' => 1695639737
    'argv' => [
        0 => 'r=management%2Findex'
    ]
    'argc' => 1
]
2023-09-25 19:02:20 [127.0.0.1][1][-][warning][yii\debug\Module::checkAccess] Access to debugger is denied due to IP address restriction. The requesting IP address is 127.0.0.1
    in D:\wamp64\www\feehinew\backend\views\layouts\main.php:35
    in D:\wamp64\www\feehinew\backend\actions\ViewAction.php:66
2023-09-25 19:02:20 [127.0.0.1][1][-][warning][yii\debug\Module::checkAccess] Access to debugger is denied due to IP address restriction. The requesting IP address is 127.0.0.1
2023-09-25 19:02:20 [127.0.0.1][1][-][info][application] $_GET = [
    'r' => 'management/view-layer'
    'id' => '1'
]

$_POST = []

$_FILES = []

$_COOKIE = [
    'PHPSESSID' => 'k1vdde45n059g7rg4g6jiff1gs'
    '_csrf' => '077a1ce7668a8fe5e2ee94eab449881a2e6873264fcf949b195392a93e66954da:2:{i:0;s:5:\"_csrf\";i:1;s:32:\"XMh3QU4RSwE44r3i3bJJbSR1gofxGDcM\";}'
    'BACKEND_FEEHICMS' => 'gpnofnro5pha7im4kq8nnvq11r'
    '_csrf_backend' => 'af8e48da3c96a8795378f9866ffba9b12ed399b73ca013b0a08d6027b4eb478da:2:{i:0;s:13:\"_csrf_backend\";i:1;s:32:\"HhpxwAD4OIR2PyH6cHMB3jmy9iN4KOm4\";}'
]

$_SESSION = [
    '__flash' => []
    '_backend_returnUrl' => '/admin/'
    '__captcha/site/captcha' => 'zuti'
    '__captcha/site/captchacount' => 1
    '__backend__id' => 1
    '_create_referer' => 'http://car.cso123.com/admin/index.php?r=management%2Fcreate'
    '_update_referer' => 'http://car.cso123.com/admin/index.php?r=management%2Findex'
]

$_SERVER = [
    'HTTP_HOST' => 'car.cso123.com'
    'HTTP_CONNECTION' => 'keep-alive'
    'HTTP_UPGRADE_INSECURE_REQUESTS' => '1'
    'HTTP_USER_AGENT' => 'Mozilla/5.0 (Windows NT 10.0; WOW64) AppleWebKit/537.36 (KHTML, like Gecko) Chrome/94.0.4606.71 Safari/537.36 SE 2.X MetaSr 1.0'
    'HTTP_ACCEPT' => 'text/html,application/xhtml+xml,application/xml;q=0.9,image/avif,image/webp,image/apng,*/*;q=0.8,application/signed-exchange;v=b3;q=0.9'
    'HTTP_REFERER' => 'http://car.cso123.com/admin/index.php?r=management%2Findex'
    'HTTP_ACCEPT_ENCODING' => 'gzip, deflate'
    'HTTP_ACCEPT_LANGUAGE' => 'zh-CN,zh;q=0.9'
    'HTTP_COOKIE' => 'PHPSESSID=k1vdde45n059g7rg4g6jiff1gs; _csrf=077a1ce7668a8fe5e2ee94eab449881a2e6873264fcf949b195392a93e66954da%3A2%3A%7Bi%3A0%3Bs%3A5%3A%22_csrf%22%3Bi%3A1%3Bs%3A32%3A%22XMh3QU4RSwE44r3i3bJJbSR1gofxGDcM%22%3B%7D; BACKEND_FEEHICMS=gpnofnro5pha7im4kq8nnvq11r; _csrf_backend=af8e48da3c96a8795378f9866ffba9b12ed399b73ca013b0a08d6027b4eb478da%3A2%3A%7Bi%3A0%3Bs%3A13%3A%22_csrf_backend%22%3Bi%3A1%3Bs%3A32%3A%22HhpxwAD4OIR2PyH6cHMB3jmy9iN4KOm4%22%3B%7D'
    'PATH' => 'D:\\install\\VMware\\VMware Workstation\\bin\\;C:\\WINDOWS\\system32;C:\\WINDOWS;C:\\WINDOWS\\System32\\Wbem;C:\\WINDOWS\\System32\\WindowsPowerShell\\v1.0\\;C:\\WINDOWS\\System32\\OpenSSH\\;D:\\soft\\Sublime Text3\\;D:\\install\\Java\\jdk1.8.0_211\\bin;D:\\install\\Java\\jre;D:\\wamp\\bin\\php\\php7.3.5;C:\\WINDOWS\\System32\\OpenSSH\\;d:\\install\\Python37\\Scripts;D:\\install\\Planner\\gtk2\\GTK2-Runtime\\bin;D:\\wamp\\bin\\php\\php7.4.11;D:\\install\\Xshell 7\\;D:\\soft\\sublimetext4\\Sublime Text\\ctags58;D:\\install\\微信web开发者工具\\;all\\no;ejs\\;all\\To;toiseGit\\bin;D:\\install\\Git\\cmd;D:\\install\\Git\\Git\\cmd;D:\\install\\nodejs\\node_global;D:\\install\\nodejs\\node_cache;D:\\install\\Go\\bin;D:\\wamp64\\bin\\php\\php7.4.33;C:\\ProgramData\\ComposerSetup\\bin;d:\\install\\wxkfzgj\\微信web开发者工具\\dll;D:\\install\\nodejs\\;d:\\install\\微信web开发者工具\\dll;C:\\WINDOWS\\system32\\config\\systemprofile\\AppData\\Local\\Microsoft\\WindowsApps'
    'SystemRoot' => 'C:\\WINDOWS'
    'COMSPEC' => 'C:\\WINDOWS\\system32\\cmd.exe'
    'PATHEXT' => '.COM;.EXE;.BAT;.CMD;.VBS;.VBE;.JS;.JSE;.WSF;.WSH;.MSC'
    'WINDIR' => 'C:\\WINDOWS'
    'SERVER_SIGNATURE' => '<address>Apache/2.4.54 (Win64) PHP/7.4.33 mod_fcgid/2.3.10-dev Server at car.cso123.com Port 80</address>
'
    'SERVER_SOFTWARE' => 'Apache/2.4.54 (Win64) PHP/7.4.33 mod_fcgid/2.3.10-dev'
    'SERVER_NAME' => 'car.cso123.com'
    'SERVER_ADDR' => '127.0.0.1'
    'SERVER_PORT' => '80'
    'REMOTE_ADDR' => '127.0.0.1'
    'DOCUMENT_ROOT' => 'D:/wamp64/www/feehinew/frontend/web'
    'REQUEST_SCHEME' => 'http'
    'CONTEXT_PREFIX' => ''
    'CONTEXT_DOCUMENT_ROOT' => 'D:/wamp64/www/feehinew/frontend/web'
    'SERVER_ADMIN' => 'wampserver@wampserver.invalid'
    'SCRIPT_FILENAME' => 'D:/wamp64/www/feehinew/frontend/web/admin/index.php'
    'REMOTE_PORT' => '58505'
    'GATEWAY_INTERFACE' => 'CGI/1.1'
    'SERVER_PROTOCOL' => 'HTTP/1.1'
    'REQUEST_METHOD' => 'GET'
    'QUERY_STRING' => 'r=management%2Fview-layer&id=1'
    'REQUEST_URI' => '/admin/index.php?r=management%2Fview-layer&id=1'
    'SCRIPT_NAME' => '/admin/index.php'
    'PHP_SELF' => '/admin/index.php'
    'REQUEST_TIME_FLOAT' => 1695639740.4277
    'REQUEST_TIME' => 1695639740
    'argv' => [
        0 => 'r=management%2Fview-layer&id=1'
    ]
    'argc' => 1
]
2023-09-25 19:02:24 [127.0.0.1][1][-][warning][yii\debug\Module::checkAccess] Access to debugger is denied due to IP address restriction. The requesting IP address is 127.0.0.1
    in D:\wamp64\www\feehinew\backend\views\layouts\main.php:35
    in D:\wamp64\www\feehinew\backend\actions\UpdateAction.php:153
2023-09-25 19:02:24 [127.0.0.1][1][-][warning][yii\debug\Module::checkAccess] Access to debugger is denied due to IP address restriction. The requesting IP address is 127.0.0.1
2023-09-25 19:02:24 [127.0.0.1][1][-][info][application] $_GET = [
    'r' => 'management/update'
    'id' => '1'
]

$_POST = []

$_FILES = []

$_COOKIE = [
    'PHPSESSID' => 'k1vdde45n059g7rg4g6jiff1gs'
    '_csrf' => '077a1ce7668a8fe5e2ee94eab449881a2e6873264fcf949b195392a93e66954da:2:{i:0;s:5:\"_csrf\";i:1;s:32:\"XMh3QU4RSwE44r3i3bJJbSR1gofxGDcM\";}'
    'BACKEND_FEEHICMS' => 'gpnofnro5pha7im4kq8nnvq11r'
    '_csrf_backend' => 'af8e48da3c96a8795378f9866ffba9b12ed399b73ca013b0a08d6027b4eb478da:2:{i:0;s:13:\"_csrf_backend\";i:1;s:32:\"HhpxwAD4OIR2PyH6cHMB3jmy9iN4KOm4\";}'
]

$_SESSION = [
    '__flash' => []
    '_backend_returnUrl' => '/admin/'
    '__captcha/site/captcha' => 'zuti'
    '__captcha/site/captchacount' => 1
    '__backend__id' => 1
    '_create_referer' => 'http://car.cso123.com/admin/index.php?r=management%2Fcreate'
    '_update_referer' => 'http://car.cso123.com/admin/index.php?r=management%2Findex'
]

$_SERVER = [
    'HTTP_HOST' => 'car.cso123.com'
    'HTTP_CONNECTION' => 'keep-alive'
    'HTTP_UPGRADE_INSECURE_REQUESTS' => '1'
    'HTTP_USER_AGENT' => 'Mozilla/5.0 (Windows NT 10.0; WOW64) AppleWebKit/537.36 (KHTML, like Gecko) Chrome/94.0.4606.71 Safari/537.36 SE 2.X MetaSr 1.0'
    'HTTP_ACCEPT' => 'text/html,application/xhtml+xml,application/xml;q=0.9,image/avif,image/webp,image/apng,*/*;q=0.8,application/signed-exchange;v=b3;q=0.9'
    'HTTP_REFERER' => 'http://car.cso123.com/admin/index.php?r=management%2Findex'
    'HTTP_ACCEPT_ENCODING' => 'gzip, deflate'
    'HTTP_ACCEPT_LANGUAGE' => 'zh-CN,zh;q=0.9'
    'HTTP_COOKIE' => 'PHPSESSID=k1vdde45n059g7rg4g6jiff1gs; _csrf=077a1ce7668a8fe5e2ee94eab449881a2e6873264fcf949b195392a93e66954da%3A2%3A%7Bi%3A0%3Bs%3A5%3A%22_csrf%22%3Bi%3A1%3Bs%3A32%3A%22XMh3QU4RSwE44r3i3bJJbSR1gofxGDcM%22%3B%7D; BACKEND_FEEHICMS=gpnofnro5pha7im4kq8nnvq11r; _csrf_backend=af8e48da3c96a8795378f9866ffba9b12ed399b73ca013b0a08d6027b4eb478da%3A2%3A%7Bi%3A0%3Bs%3A13%3A%22_csrf_backend%22%3Bi%3A1%3Bs%3A32%3A%22HhpxwAD4OIR2PyH6cHMB3jmy9iN4KOm4%22%3B%7D'
    'PATH' => 'D:\\install\\VMware\\VMware Workstation\\bin\\;C:\\WINDOWS\\system32;C:\\WINDOWS;C:\\WINDOWS\\System32\\Wbem;C:\\WINDOWS\\System32\\WindowsPowerShell\\v1.0\\;C:\\WINDOWS\\System32\\OpenSSH\\;D:\\soft\\Sublime Text3\\;D:\\install\\Java\\jdk1.8.0_211\\bin;D:\\install\\Java\\jre;D:\\wamp\\bin\\php\\php7.3.5;C:\\WINDOWS\\System32\\OpenSSH\\;d:\\install\\Python37\\Scripts;D:\\install\\Planner\\gtk2\\GTK2-Runtime\\bin;D:\\wamp\\bin\\php\\php7.4.11;D:\\install\\Xshell 7\\;D:\\soft\\sublimetext4\\Sublime Text\\ctags58;D:\\install\\微信web开发者工具\\;all\\no;ejs\\;all\\To;toiseGit\\bin;D:\\install\\Git\\cmd;D:\\install\\Git\\Git\\cmd;D:\\install\\nodejs\\node_global;D:\\install\\nodejs\\node_cache;D:\\install\\Go\\bin;D:\\wamp64\\bin\\php\\php7.4.33;C:\\ProgramData\\ComposerSetup\\bin;d:\\install\\wxkfzgj\\微信web开发者工具\\dll;D:\\install\\nodejs\\;d:\\install\\微信web开发者工具\\dll;C:\\WINDOWS\\system32\\config\\systemprofile\\AppData\\Local\\Microsoft\\WindowsApps'
    'SystemRoot' => 'C:\\WINDOWS'
    'COMSPEC' => 'C:\\WINDOWS\\system32\\cmd.exe'
    'PATHEXT' => '.COM;.EXE;.BAT;.CMD;.VBS;.VBE;.JS;.JSE;.WSF;.WSH;.MSC'
    'WINDIR' => 'C:\\WINDOWS'
    'SERVER_SIGNATURE' => '<address>Apache/2.4.54 (Win64) PHP/7.4.33 mod_fcgid/2.3.10-dev Server at car.cso123.com Port 80</address>
'
    'SERVER_SOFTWARE' => 'Apache/2.4.54 (Win64) PHP/7.4.33 mod_fcgid/2.3.10-dev'
    'SERVER_NAME' => 'car.cso123.com'
    'SERVER_ADDR' => '127.0.0.1'
    'SERVER_PORT' => '80'
    'REMOTE_ADDR' => '127.0.0.1'
    'DOCUMENT_ROOT' => 'D:/wamp64/www/feehinew/frontend/web'
    'REQUEST_SCHEME' => 'http'
    'CONTEXT_PREFIX' => ''
    'CONTEXT_DOCUMENT_ROOT' => 'D:/wamp64/www/feehinew/frontend/web'
    'SERVER_ADMIN' => 'wampserver@wampserver.invalid'
    'SCRIPT_FILENAME' => 'D:/wamp64/www/feehinew/frontend/web/admin/index.php'
    'REMOTE_PORT' => '58505'
    'GATEWAY_INTERFACE' => 'CGI/1.1'
    'SERVER_PROTOCOL' => 'HTTP/1.1'
    'REQUEST_METHOD' => 'GET'
    'QUERY_STRING' => 'r=management%2Fupdate&id=1'
    'REQUEST_URI' => '/admin/index.php?r=management%2Fupdate&id=1'
    'SCRIPT_NAME' => '/admin/index.php'
    'PHP_SELF' => '/admin/index.php'
    'REQUEST_TIME_FLOAT' => 1695639744.0795
    'REQUEST_TIME' => 1695639744
    'argv' => [
        0 => 'r=management%2Fupdate&id=1'
    ]
    'argc' => 1
]
2023-09-25 19:02:27 [127.0.0.1][1][-][warning][yii\debug\Module::checkAccess] Access to debugger is denied due to IP address restriction. The requesting IP address is 127.0.0.1
    in D:\wamp64\www\feehinew\backend\views\layouts\main.php:35
    in D:\wamp64\www\feehinew\backend\actions\IndexAction.php:76
2023-09-25 19:02:27 [127.0.0.1][1][-][warning][yii\debug\Module::checkAccess] Access to debugger is denied due to IP address restriction. The requesting IP address is 127.0.0.1
2023-09-25 19:02:27 [127.0.0.1][1][-][info][application] $_GET = [
    'r' => 'management/index'
]

$_POST = []

$_FILES = []

$_COOKIE = [
    'PHPSESSID' => 'k1vdde45n059g7rg4g6jiff1gs'
    '_csrf' => '077a1ce7668a8fe5e2ee94eab449881a2e6873264fcf949b195392a93e66954da:2:{i:0;s:5:\"_csrf\";i:1;s:32:\"XMh3QU4RSwE44r3i3bJJbSR1gofxGDcM\";}'
    'BACKEND_FEEHICMS' => 'gpnofnro5pha7im4kq8nnvq11r'
    '_csrf_backend' => 'af8e48da3c96a8795378f9866ffba9b12ed399b73ca013b0a08d6027b4eb478da:2:{i:0;s:13:\"_csrf_backend\";i:1;s:32:\"HhpxwAD4OIR2PyH6cHMB3jmy9iN4KOm4\";}'
]

$_SESSION = [
    '__flash' => []
    '_backend_returnUrl' => '/admin/'
    '__captcha/site/captcha' => 'zuti'
    '__captcha/site/captchacount' => 1
    '__backend__id' => 1
    '_create_referer' => 'http://car.cso123.com/admin/index.php?r=management%2Fcreate'
    '_update_referer' => 'http://car.cso123.com/admin/index.php?r=management%2Findex'
]

$_SERVER = [
    'HTTP_HOST' => 'car.cso123.com'
    'HTTP_CONNECTION' => 'keep-alive'
    'HTTP_UPGRADE_INSECURE_REQUESTS' => '1'
    'HTTP_USER_AGENT' => 'Mozilla/5.0 (Windows NT 10.0; WOW64) AppleWebKit/537.36 (KHTML, like Gecko) Chrome/94.0.4606.71 Safari/537.36 SE 2.X MetaSr 1.0'
    'HTTP_ACCEPT' => 'text/html,application/xhtml+xml,application/xml;q=0.9,image/avif,image/webp,image/apng,*/*;q=0.8,application/signed-exchange;v=b3;q=0.9'
    'HTTP_REFERER' => 'http://car.cso123.com/admin/index.php?r=management%2Findex'
    'HTTP_ACCEPT_ENCODING' => 'gzip, deflate'
    'HTTP_ACCEPT_LANGUAGE' => 'zh-CN,zh;q=0.9'
    'HTTP_COOKIE' => 'PHPSESSID=k1vdde45n059g7rg4g6jiff1gs; _csrf=077a1ce7668a8fe5e2ee94eab449881a2e6873264fcf949b195392a93e66954da%3A2%3A%7Bi%3A0%3Bs%3A5%3A%22_csrf%22%3Bi%3A1%3Bs%3A32%3A%22XMh3QU4RSwE44r3i3bJJbSR1gofxGDcM%22%3B%7D; BACKEND_FEEHICMS=gpnofnro5pha7im4kq8nnvq11r; _csrf_backend=af8e48da3c96a8795378f9866ffba9b12ed399b73ca013b0a08d6027b4eb478da%3A2%3A%7Bi%3A0%3Bs%3A13%3A%22_csrf_backend%22%3Bi%3A1%3Bs%3A32%3A%22HhpxwAD4OIR2PyH6cHMB3jmy9iN4KOm4%22%3B%7D'
    'PATH' => 'D:\\install\\VMware\\VMware Workstation\\bin\\;C:\\WINDOWS\\system32;C:\\WINDOWS;C:\\WINDOWS\\System32\\Wbem;C:\\WINDOWS\\System32\\WindowsPowerShell\\v1.0\\;C:\\WINDOWS\\System32\\OpenSSH\\;D:\\soft\\Sublime Text3\\;D:\\install\\Java\\jdk1.8.0_211\\bin;D:\\install\\Java\\jre;D:\\wamp\\bin\\php\\php7.3.5;C:\\WINDOWS\\System32\\OpenSSH\\;d:\\install\\Python37\\Scripts;D:\\install\\Planner\\gtk2\\GTK2-Runtime\\bin;D:\\wamp\\bin\\php\\php7.4.11;D:\\install\\Xshell 7\\;D:\\soft\\sublimetext4\\Sublime Text\\ctags58;D:\\install\\微信web开发者工具\\;all\\no;ejs\\;all\\To;toiseGit\\bin;D:\\install\\Git\\cmd;D:\\install\\Git\\Git\\cmd;D:\\install\\nodejs\\node_global;D:\\install\\nodejs\\node_cache;D:\\install\\Go\\bin;D:\\wamp64\\bin\\php\\php7.4.33;C:\\ProgramData\\ComposerSetup\\bin;d:\\install\\wxkfzgj\\微信web开发者工具\\dll;D:\\install\\nodejs\\;d:\\install\\微信web开发者工具\\dll;C:\\WINDOWS\\system32\\config\\systemprofile\\AppData\\Local\\Microsoft\\WindowsApps'
    'SystemRoot' => 'C:\\WINDOWS'
    'COMSPEC' => 'C:\\WINDOWS\\system32\\cmd.exe'
    'PATHEXT' => '.COM;.EXE;.BAT;.CMD;.VBS;.VBE;.JS;.JSE;.WSF;.WSH;.MSC'
    'WINDIR' => 'C:\\WINDOWS'
    'SERVER_SIGNATURE' => '<address>Apache/2.4.54 (Win64) PHP/7.4.33 mod_fcgid/2.3.10-dev Server at car.cso123.com Port 80</address>
'
    'SERVER_SOFTWARE' => 'Apache/2.4.54 (Win64) PHP/7.4.33 mod_fcgid/2.3.10-dev'
    'SERVER_NAME' => 'car.cso123.com'
    'SERVER_ADDR' => '127.0.0.1'
    'SERVER_PORT' => '80'
    'REMOTE_ADDR' => '127.0.0.1'
    'DOCUMENT_ROOT' => 'D:/wamp64/www/feehinew/frontend/web'
    'REQUEST_SCHEME' => 'http'
    'CONTEXT_PREFIX' => ''
    'CONTEXT_DOCUMENT_ROOT' => 'D:/wamp64/www/feehinew/frontend/web'
    'SERVER_ADMIN' => 'wampserver@wampserver.invalid'
    'SCRIPT_FILENAME' => 'D:/wamp64/www/feehinew/frontend/web/admin/index.php'
    'REMOTE_PORT' => '58505'
    'GATEWAY_INTERFACE' => 'CGI/1.1'
    'SERVER_PROTOCOL' => 'HTTP/1.1'
    'REQUEST_METHOD' => 'GET'
    'QUERY_STRING' => 'r=management%2Findex'
    'REQUEST_URI' => '/admin/index.php?r=management%2Findex'
    'SCRIPT_NAME' => '/admin/index.php'
    'PHP_SELF' => '/admin/index.php'
    'REQUEST_TIME_FLOAT' => 1695639747.875
    'REQUEST_TIME' => 1695639747
    'argv' => [
        0 => 'r=management%2Findex'
    ]
    'argc' => 1
]
2023-09-25 19:02:34 [127.0.0.1][1][-][warning][yii\debug\Module::checkAccess] Access to debugger is denied due to IP address restriction. The requesting IP address is 127.0.0.1
    in D:\wamp64\www\feehinew\backend\views\layouts\main.php:35
    in D:\wamp64\www\feehinew\backend\actions\IndexAction.php:76
2023-09-25 19:02:34 [127.0.0.1][1][-][warning][yii\debug\Module::checkAccess] Access to debugger is denied due to IP address restriction. The requesting IP address is 127.0.0.1
2023-09-25 19:02:34 [127.0.0.1][1][-][info][application] $_GET = [
    'r' => 'rbac/permissions'
]

$_POST = []

$_FILES = []

$_COOKIE = [
    'PHPSESSID' => 'k1vdde45n059g7rg4g6jiff1gs'
    '_csrf' => '077a1ce7668a8fe5e2ee94eab449881a2e6873264fcf949b195392a93e66954da:2:{i:0;s:5:\"_csrf\";i:1;s:32:\"XMh3QU4RSwE44r3i3bJJbSR1gofxGDcM\";}'
    'BACKEND_FEEHICMS' => 'gpnofnro5pha7im4kq8nnvq11r'
    '_csrf_backend' => 'af8e48da3c96a8795378f9866ffba9b12ed399b73ca013b0a08d6027b4eb478da:2:{i:0;s:13:\"_csrf_backend\";i:1;s:32:\"HhpxwAD4OIR2PyH6cHMB3jmy9iN4KOm4\";}'
]

$_SESSION = [
    '__flash' => []
    '_backend_returnUrl' => '/admin/'
    '__captcha/site/captcha' => 'zuti'
    '__captcha/site/captchacount' => 1
    '__backend__id' => 1
    '_create_referer' => 'http://car.cso123.com/admin/index.php?r=management%2Fcreate'
    '_update_referer' => 'http://car.cso123.com/admin/index.php?r=management%2Findex'
]

$_SERVER = [
    'HTTP_HOST' => 'car.cso123.com'
    'HTTP_CONNECTION' => 'keep-alive'
    'HTTP_UPGRADE_INSECURE_REQUESTS' => '1'
    'HTTP_USER_AGENT' => 'Mozilla/5.0 (Windows NT 10.0; WOW64) AppleWebKit/537.36 (KHTML, like Gecko) Chrome/94.0.4606.71 Safari/537.36 SE 2.X MetaSr 1.0'
    'HTTP_ACCEPT' => 'text/html,application/xhtml+xml,application/xml;q=0.9,image/avif,image/webp,image/apng,*/*;q=0.8,application/signed-exchange;v=b3;q=0.9'
    'HTTP_REFERER' => 'http://car.cso123.com/admin/'
    'HTTP_ACCEPT_ENCODING' => 'gzip, deflate'
    'HTTP_ACCEPT_LANGUAGE' => 'zh-CN,zh;q=0.9'
    'HTTP_COOKIE' => 'PHPSESSID=k1vdde45n059g7rg4g6jiff1gs; _csrf=077a1ce7668a8fe5e2ee94eab449881a2e6873264fcf949b195392a93e66954da%3A2%3A%7Bi%3A0%3Bs%3A5%3A%22_csrf%22%3Bi%3A1%3Bs%3A32%3A%22XMh3QU4RSwE44r3i3bJJbSR1gofxGDcM%22%3B%7D; BACKEND_FEEHICMS=gpnofnro5pha7im4kq8nnvq11r; _csrf_backend=af8e48da3c96a8795378f9866ffba9b12ed399b73ca013b0a08d6027b4eb478da%3A2%3A%7Bi%3A0%3Bs%3A13%3A%22_csrf_backend%22%3Bi%3A1%3Bs%3A32%3A%22HhpxwAD4OIR2PyH6cHMB3jmy9iN4KOm4%22%3B%7D'
    'PATH' => 'D:\\install\\VMware\\VMware Workstation\\bin\\;C:\\WINDOWS\\system32;C:\\WINDOWS;C:\\WINDOWS\\System32\\Wbem;C:\\WINDOWS\\System32\\WindowsPowerShell\\v1.0\\;C:\\WINDOWS\\System32\\OpenSSH\\;D:\\soft\\Sublime Text3\\;D:\\install\\Java\\jdk1.8.0_211\\bin;D:\\install\\Java\\jre;D:\\wamp\\bin\\php\\php7.3.5;C:\\WINDOWS\\System32\\OpenSSH\\;d:\\install\\Python37\\Scripts;D:\\install\\Planner\\gtk2\\GTK2-Runtime\\bin;D:\\wamp\\bin\\php\\php7.4.11;D:\\install\\Xshell 7\\;D:\\soft\\sublimetext4\\Sublime Text\\ctags58;D:\\install\\微信web开发者工具\\;all\\no;ejs\\;all\\To;toiseGit\\bin;D:\\install\\Git\\cmd;D:\\install\\Git\\Git\\cmd;D:\\install\\nodejs\\node_global;D:\\install\\nodejs\\node_cache;D:\\install\\Go\\bin;D:\\wamp64\\bin\\php\\php7.4.33;C:\\ProgramData\\ComposerSetup\\bin;d:\\install\\wxkfzgj\\微信web开发者工具\\dll;D:\\install\\nodejs\\;d:\\install\\微信web开发者工具\\dll;C:\\WINDOWS\\system32\\config\\systemprofile\\AppData\\Local\\Microsoft\\WindowsApps'
    'SystemRoot' => 'C:\\WINDOWS'
    'COMSPEC' => 'C:\\WINDOWS\\system32\\cmd.exe'
    'PATHEXT' => '.COM;.EXE;.BAT;.CMD;.VBS;.VBE;.JS;.JSE;.WSF;.WSH;.MSC'
    'WINDIR' => 'C:\\WINDOWS'
    'SERVER_SIGNATURE' => '<address>Apache/2.4.54 (Win64) PHP/7.4.33 mod_fcgid/2.3.10-dev Server at car.cso123.com Port 80</address>
'
    'SERVER_SOFTWARE' => 'Apache/2.4.54 (Win64) PHP/7.4.33 mod_fcgid/2.3.10-dev'
    'SERVER_NAME' => 'car.cso123.com'
    'SERVER_ADDR' => '127.0.0.1'
    'SERVER_PORT' => '80'
    'REMOTE_ADDR' => '127.0.0.1'
    'DOCUMENT_ROOT' => 'D:/wamp64/www/feehinew/frontend/web'
    'REQUEST_SCHEME' => 'http'
    'CONTEXT_PREFIX' => ''
    'CONTEXT_DOCUMENT_ROOT' => 'D:/wamp64/www/feehinew/frontend/web'
    'SERVER_ADMIN' => 'wampserver@wampserver.invalid'
    'SCRIPT_FILENAME' => 'D:/wamp64/www/feehinew/frontend/web/admin/index.php'
    'REMOTE_PORT' => '62048'
    'GATEWAY_INTERFACE' => 'CGI/1.1'
    'SERVER_PROTOCOL' => 'HTTP/1.1'
    'REQUEST_METHOD' => 'GET'
    'QUERY_STRING' => 'r=rbac%2Fpermissions'
    'REQUEST_URI' => '/admin/index.php?r=rbac%2Fpermissions'
    'SCRIPT_NAME' => '/admin/index.php'
    'PHP_SELF' => '/admin/index.php'
    'REQUEST_TIME_FLOAT' => 1695639754.4028
    'REQUEST_TIME' => 1695639754
    'argv' => [
        0 => 'r=rbac%2Fpermissions'
    ]
    'argc' => 1
]
2023-09-25 19:02:40 [127.0.0.1][1][-][warning][yii\debug\Module::checkAccess] Access to debugger is denied due to IP address restriction. The requesting IP address is 127.0.0.1
    in D:\wamp64\www\feehinew\backend\views\layouts\main.php:35
    in D:\wamp64\www\feehinew\backend\actions\IndexAction.php:76
2023-09-25 19:02:40 [127.0.0.1][1][-][warning][yii\debug\Module::checkAccess] Access to debugger is denied due to IP address restriction. The requesting IP address is 127.0.0.1
2023-09-25 19:02:40 [127.0.0.1][1][-][info][application] $_GET = [
    'r' => 'rbac/roles'
]

$_POST = []

$_FILES = []

$_COOKIE = [
    'PHPSESSID' => 'k1vdde45n059g7rg4g6jiff1gs'
    '_csrf' => '077a1ce7668a8fe5e2ee94eab449881a2e6873264fcf949b195392a93e66954da:2:{i:0;s:5:\"_csrf\";i:1;s:32:\"XMh3QU4RSwE44r3i3bJJbSR1gofxGDcM\";}'
    'BACKEND_FEEHICMS' => 'gpnofnro5pha7im4kq8nnvq11r'
    '_csrf_backend' => 'af8e48da3c96a8795378f9866ffba9b12ed399b73ca013b0a08d6027b4eb478da:2:{i:0;s:13:\"_csrf_backend\";i:1;s:32:\"HhpxwAD4OIR2PyH6cHMB3jmy9iN4KOm4\";}'
]

$_SESSION = [
    '__flash' => []
    '_backend_returnUrl' => '/admin/'
    '__captcha/site/captcha' => 'zuti'
    '__captcha/site/captchacount' => 1
    '__backend__id' => 1
    '_create_referer' => 'http://car.cso123.com/admin/index.php?r=management%2Fcreate'
    '_update_referer' => 'http://car.cso123.com/admin/index.php?r=management%2Findex'
]

$_SERVER = [
    'HTTP_HOST' => 'car.cso123.com'
    'HTTP_CONNECTION' => 'keep-alive'
    'HTTP_UPGRADE_INSECURE_REQUESTS' => '1'
    'HTTP_USER_AGENT' => 'Mozilla/5.0 (Windows NT 10.0; WOW64) AppleWebKit/537.36 (KHTML, like Gecko) Chrome/94.0.4606.71 Safari/537.36 SE 2.X MetaSr 1.0'
    'HTTP_ACCEPT' => 'text/html,application/xhtml+xml,application/xml;q=0.9,image/avif,image/webp,image/apng,*/*;q=0.8,application/signed-exchange;v=b3;q=0.9'
    'HTTP_REFERER' => 'http://car.cso123.com/admin/'
    'HTTP_ACCEPT_ENCODING' => 'gzip, deflate'
    'HTTP_ACCEPT_LANGUAGE' => 'zh-CN,zh;q=0.9'
    'HTTP_COOKIE' => 'PHPSESSID=k1vdde45n059g7rg4g6jiff1gs; _csrf=077a1ce7668a8fe5e2ee94eab449881a2e6873264fcf949b195392a93e66954da%3A2%3A%7Bi%3A0%3Bs%3A5%3A%22_csrf%22%3Bi%3A1%3Bs%3A32%3A%22XMh3QU4RSwE44r3i3bJJbSR1gofxGDcM%22%3B%7D; BACKEND_FEEHICMS=gpnofnro5pha7im4kq8nnvq11r; _csrf_backend=af8e48da3c96a8795378f9866ffba9b12ed399b73ca013b0a08d6027b4eb478da%3A2%3A%7Bi%3A0%3Bs%3A13%3A%22_csrf_backend%22%3Bi%3A1%3Bs%3A32%3A%22HhpxwAD4OIR2PyH6cHMB3jmy9iN4KOm4%22%3B%7D'
    'PATH' => 'D:\\install\\VMware\\VMware Workstation\\bin\\;C:\\WINDOWS\\system32;C:\\WINDOWS;C:\\WINDOWS\\System32\\Wbem;C:\\WINDOWS\\System32\\WindowsPowerShell\\v1.0\\;C:\\WINDOWS\\System32\\OpenSSH\\;D:\\soft\\Sublime Text3\\;D:\\install\\Java\\jdk1.8.0_211\\bin;D:\\install\\Java\\jre;D:\\wamp\\bin\\php\\php7.3.5;C:\\WINDOWS\\System32\\OpenSSH\\;d:\\install\\Python37\\Scripts;D:\\install\\Planner\\gtk2\\GTK2-Runtime\\bin;D:\\wamp\\bin\\php\\php7.4.11;D:\\install\\Xshell 7\\;D:\\soft\\sublimetext4\\Sublime Text\\ctags58;D:\\install\\微信web开发者工具\\;all\\no;ejs\\;all\\To;toiseGit\\bin;D:\\install\\Git\\cmd;D:\\install\\Git\\Git\\cmd;D:\\install\\nodejs\\node_global;D:\\install\\nodejs\\node_cache;D:\\install\\Go\\bin;D:\\wamp64\\bin\\php\\php7.4.33;C:\\ProgramData\\ComposerSetup\\bin;d:\\install\\wxkfzgj\\微信web开发者工具\\dll;D:\\install\\nodejs\\;d:\\install\\微信web开发者工具\\dll;C:\\WINDOWS\\system32\\config\\systemprofile\\AppData\\Local\\Microsoft\\WindowsApps'
    'SystemRoot' => 'C:\\WINDOWS'
    'COMSPEC' => 'C:\\WINDOWS\\system32\\cmd.exe'
    'PATHEXT' => '.COM;.EXE;.BAT;.CMD;.VBS;.VBE;.JS;.JSE;.WSF;.WSH;.MSC'
    'WINDIR' => 'C:\\WINDOWS'
    'SERVER_SIGNATURE' => '<address>Apache/2.4.54 (Win64) PHP/7.4.33 mod_fcgid/2.3.10-dev Server at car.cso123.com Port 80</address>
'
    'SERVER_SOFTWARE' => 'Apache/2.4.54 (Win64) PHP/7.4.33 mod_fcgid/2.3.10-dev'
    'SERVER_NAME' => 'car.cso123.com'
    'SERVER_ADDR' => '127.0.0.1'
    'SERVER_PORT' => '80'
    'REMOTE_ADDR' => '127.0.0.1'
    'DOCUMENT_ROOT' => 'D:/wamp64/www/feehinew/frontend/web'
    'REQUEST_SCHEME' => 'http'
    'CONTEXT_PREFIX' => ''
    'CONTEXT_DOCUMENT_ROOT' => 'D:/wamp64/www/feehinew/frontend/web'
    'SERVER_ADMIN' => 'wampserver@wampserver.invalid'
    'SCRIPT_FILENAME' => 'D:/wamp64/www/feehinew/frontend/web/admin/index.php'
    'REMOTE_PORT' => '55289'
    'GATEWAY_INTERFACE' => 'CGI/1.1'
    'SERVER_PROTOCOL' => 'HTTP/1.1'
    'REQUEST_METHOD' => 'GET'
    'QUERY_STRING' => 'r=rbac%2Froles'
    'REQUEST_URI' => '/admin/index.php?r=rbac%2Froles'
    'SCRIPT_NAME' => '/admin/index.php'
    'PHP_SELF' => '/admin/index.php'
    'REQUEST_TIME_FLOAT' => 1695639760.8447
    'REQUEST_TIME' => 1695639760
    'argv' => [
        0 => 'r=rbac%2Froles'
    ]
    'argc' => 1
]
2023-09-25 19:02:44 [127.0.0.1][1][-][warning][yii\debug\Module::checkAccess] Access to debugger is denied due to IP address restriction. The requesting IP address is 127.0.0.1
    in D:\wamp64\www\feehinew\backend\views\layouts\main.php:35
    in D:\wamp64\www\feehinew\backend\actions\CreateAction.php:148
2023-09-25 19:02:44 [127.0.0.1][1][-][warning][yii\debug\Module::checkAccess] Access to debugger is denied due to IP address restriction. The requesting IP address is 127.0.0.1
2023-09-25 19:02:44 [127.0.0.1][1][-][info][application] $_GET = [
    'r' => 'rbac/role-create'
]

$_POST = []

$_FILES = []

$_COOKIE = [
    'PHPSESSID' => 'k1vdde45n059g7rg4g6jiff1gs'
    '_csrf' => '077a1ce7668a8fe5e2ee94eab449881a2e6873264fcf949b195392a93e66954da:2:{i:0;s:5:\"_csrf\";i:1;s:32:\"XMh3QU4RSwE44r3i3bJJbSR1gofxGDcM\";}'
    'BACKEND_FEEHICMS' => 'gpnofnro5pha7im4kq8nnvq11r'
    '_csrf_backend' => 'af8e48da3c96a8795378f9866ffba9b12ed399b73ca013b0a08d6027b4eb478da:2:{i:0;s:13:\"_csrf_backend\";i:1;s:32:\"HhpxwAD4OIR2PyH6cHMB3jmy9iN4KOm4\";}'
]

$_SESSION = [
    '__flash' => []
    '_backend_returnUrl' => '/admin/'
    '__captcha/site/captcha' => 'zuti'
    '__captcha/site/captchacount' => 1
    '__backend__id' => 1
    '_create_referer' => 'http://car.cso123.com/admin/index.php?r=rbac%2Froles'
    '_update_referer' => 'http://car.cso123.com/admin/index.php?r=management%2Findex'
]

$_SERVER = [
    'HTTP_HOST' => 'car.cso123.com'
    'HTTP_CONNECTION' => 'keep-alive'
    'HTTP_UPGRADE_INSECURE_REQUESTS' => '1'
    'HTTP_USER_AGENT' => 'Mozilla/5.0 (Windows NT 10.0; WOW64) AppleWebKit/537.36 (KHTML, like Gecko) Chrome/94.0.4606.71 Safari/537.36 SE 2.X MetaSr 1.0'
    'HTTP_ACCEPT' => 'text/html,application/xhtml+xml,application/xml;q=0.9,image/avif,image/webp,image/apng,*/*;q=0.8,application/signed-exchange;v=b3;q=0.9'
    'HTTP_REFERER' => 'http://car.cso123.com/admin/index.php?r=rbac%2Froles'
    'HTTP_ACCEPT_ENCODING' => 'gzip, deflate'
    'HTTP_ACCEPT_LANGUAGE' => 'zh-CN,zh;q=0.9'
    'HTTP_COOKIE' => 'PHPSESSID=k1vdde45n059g7rg4g6jiff1gs; _csrf=077a1ce7668a8fe5e2ee94eab449881a2e6873264fcf949b195392a93e66954da%3A2%3A%7Bi%3A0%3Bs%3A5%3A%22_csrf%22%3Bi%3A1%3Bs%3A32%3A%22XMh3QU4RSwE44r3i3bJJbSR1gofxGDcM%22%3B%7D; BACKEND_FEEHICMS=gpnofnro5pha7im4kq8nnvq11r; _csrf_backend=af8e48da3c96a8795378f9866ffba9b12ed399b73ca013b0a08d6027b4eb478da%3A2%3A%7Bi%3A0%3Bs%3A13%3A%22_csrf_backend%22%3Bi%3A1%3Bs%3A32%3A%22HhpxwAD4OIR2PyH6cHMB3jmy9iN4KOm4%22%3B%7D'
    'PATH' => 'D:\\install\\VMware\\VMware Workstation\\bin\\;C:\\WINDOWS\\system32;C:\\WINDOWS;C:\\WINDOWS\\System32\\Wbem;C:\\WINDOWS\\System32\\WindowsPowerShell\\v1.0\\;C:\\WINDOWS\\System32\\OpenSSH\\;D:\\soft\\Sublime Text3\\;D:\\install\\Java\\jdk1.8.0_211\\bin;D:\\install\\Java\\jre;D:\\wamp\\bin\\php\\php7.3.5;C:\\WINDOWS\\System32\\OpenSSH\\;d:\\install\\Python37\\Scripts;D:\\install\\Planner\\gtk2\\GTK2-Runtime\\bin;D:\\wamp\\bin\\php\\php7.4.11;D:\\install\\Xshell 7\\;D:\\soft\\sublimetext4\\Sublime Text\\ctags58;D:\\install\\微信web开发者工具\\;all\\no;ejs\\;all\\To;toiseGit\\bin;D:\\install\\Git\\cmd;D:\\install\\Git\\Git\\cmd;D:\\install\\nodejs\\node_global;D:\\install\\nodejs\\node_cache;D:\\install\\Go\\bin;D:\\wamp64\\bin\\php\\php7.4.33;C:\\ProgramData\\ComposerSetup\\bin;d:\\install\\wxkfzgj\\微信web开发者工具\\dll;D:\\install\\nodejs\\;d:\\install\\微信web开发者工具\\dll;C:\\WINDOWS\\system32\\config\\systemprofile\\AppData\\Local\\Microsoft\\WindowsApps'
    'SystemRoot' => 'C:\\WINDOWS'
    'COMSPEC' => 'C:\\WINDOWS\\system32\\cmd.exe'
    'PATHEXT' => '.COM;.EXE;.BAT;.CMD;.VBS;.VBE;.JS;.JSE;.WSF;.WSH;.MSC'
    'WINDIR' => 'C:\\WINDOWS'
    'SERVER_SIGNATURE' => '<address>Apache/2.4.54 (Win64) PHP/7.4.33 mod_fcgid/2.3.10-dev Server at car.cso123.com Port 80</address>
'
    'SERVER_SOFTWARE' => 'Apache/2.4.54 (Win64) PHP/7.4.33 mod_fcgid/2.3.10-dev'
    'SERVER_NAME' => 'car.cso123.com'
    'SERVER_ADDR' => '127.0.0.1'
    'SERVER_PORT' => '80'
    'REMOTE_ADDR' => '127.0.0.1'
    'DOCUMENT_ROOT' => 'D:/wamp64/www/feehinew/frontend/web'
    'REQUEST_SCHEME' => 'http'
    'CONTEXT_PREFIX' => ''
    'CONTEXT_DOCUMENT_ROOT' => 'D:/wamp64/www/feehinew/frontend/web'
    'SERVER_ADMIN' => 'wampserver@wampserver.invalid'
    'SCRIPT_FILENAME' => 'D:/wamp64/www/feehinew/frontend/web/admin/index.php'
    'REMOTE_PORT' => '55289'
    'GATEWAY_INTERFACE' => 'CGI/1.1'
    'SERVER_PROTOCOL' => 'HTTP/1.1'
    'REQUEST_METHOD' => 'GET'
    'QUERY_STRING' => 'r=rbac%2Frole-create'
    'REQUEST_URI' => '/admin/index.php?r=rbac%2Frole-create'
    'SCRIPT_NAME' => '/admin/index.php'
    'PHP_SELF' => '/admin/index.php'
    'REQUEST_TIME_FLOAT' => 1695639764.7951
    'REQUEST_TIME' => 1695639764
    'argv' => [
        0 => 'r=rbac%2Frole-create'
    ]
    'argc' => 1
]
2023-09-25 19:02:50 [127.0.0.1][1][-][warning][yii\debug\Module::checkAccess] Access to debugger is denied due to IP address restriction. The requesting IP address is 127.0.0.1
    in D:\wamp64\www\feehinew\backend\views\layouts\main.php:35
    in D:\wamp64\www\feehinew\backend\actions\IndexAction.php:76
2023-09-25 19:02:50 [127.0.0.1][1][-][warning][yii\debug\Module::checkAccess] Access to debugger is denied due to IP address restriction. The requesting IP address is 127.0.0.1
2023-09-25 19:02:49 [127.0.0.1][1][-][info][application] $_GET = [
    'r' => 'rbac/roles'
]

$_POST = []

$_FILES = []

$_COOKIE = [
    'PHPSESSID' => 'k1vdde45n059g7rg4g6jiff1gs'
    '_csrf' => '077a1ce7668a8fe5e2ee94eab449881a2e6873264fcf949b195392a93e66954da:2:{i:0;s:5:\"_csrf\";i:1;s:32:\"XMh3QU4RSwE44r3i3bJJbSR1gofxGDcM\";}'
    'BACKEND_FEEHICMS' => 'gpnofnro5pha7im4kq8nnvq11r'
    '_csrf_backend' => 'af8e48da3c96a8795378f9866ffba9b12ed399b73ca013b0a08d6027b4eb478da:2:{i:0;s:13:\"_csrf_backend\";i:1;s:32:\"HhpxwAD4OIR2PyH6cHMB3jmy9iN4KOm4\";}'
]

$_SESSION = [
    '__flash' => []
    '_backend_returnUrl' => '/admin/'
    '__captcha/site/captcha' => 'zuti'
    '__captcha/site/captchacount' => 1
    '__backend__id' => 1
    '_create_referer' => 'http://car.cso123.com/admin/index.php?r=rbac%2Froles'
    '_update_referer' => 'http://car.cso123.com/admin/index.php?r=management%2Findex'
]

$_SERVER = [
    'HTTP_HOST' => 'car.cso123.com'
    'HTTP_CONNECTION' => 'keep-alive'
    'HTTP_UPGRADE_INSECURE_REQUESTS' => '1'
    'HTTP_USER_AGENT' => 'Mozilla/5.0 (Windows NT 10.0; WOW64) AppleWebKit/537.36 (KHTML, like Gecko) Chrome/94.0.4606.71 Safari/537.36 SE 2.X MetaSr 1.0'
    'HTTP_ACCEPT' => 'text/html,application/xhtml+xml,application/xml;q=0.9,image/avif,image/webp,image/apng,*/*;q=0.8,application/signed-exchange;v=b3;q=0.9'
    'HTTP_REFERER' => 'http://car.cso123.com/admin/'
    'HTTP_ACCEPT_ENCODING' => 'gzip, deflate'
    'HTTP_ACCEPT_LANGUAGE' => 'zh-CN,zh;q=0.9'
    'HTTP_COOKIE' => 'PHPSESSID=k1vdde45n059g7rg4g6jiff1gs; _csrf=077a1ce7668a8fe5e2ee94eab449881a2e6873264fcf949b195392a93e66954da%3A2%3A%7Bi%3A0%3Bs%3A5%3A%22_csrf%22%3Bi%3A1%3Bs%3A32%3A%22XMh3QU4RSwE44r3i3bJJbSR1gofxGDcM%22%3B%7D; BACKEND_FEEHICMS=gpnofnro5pha7im4kq8nnvq11r; _csrf_backend=af8e48da3c96a8795378f9866ffba9b12ed399b73ca013b0a08d6027b4eb478da%3A2%3A%7Bi%3A0%3Bs%3A13%3A%22_csrf_backend%22%3Bi%3A1%3Bs%3A32%3A%22HhpxwAD4OIR2PyH6cHMB3jmy9iN4KOm4%22%3B%7D'
    'PATH' => 'D:\\install\\VMware\\VMware Workstation\\bin\\;C:\\WINDOWS\\system32;C:\\WINDOWS;C:\\WINDOWS\\System32\\Wbem;C:\\WINDOWS\\System32\\WindowsPowerShell\\v1.0\\;C:\\WINDOWS\\System32\\OpenSSH\\;D:\\soft\\Sublime Text3\\;D:\\install\\Java\\jdk1.8.0_211\\bin;D:\\install\\Java\\jre;D:\\wamp\\bin\\php\\php7.3.5;C:\\WINDOWS\\System32\\OpenSSH\\;d:\\install\\Python37\\Scripts;D:\\install\\Planner\\gtk2\\GTK2-Runtime\\bin;D:\\wamp\\bin\\php\\php7.4.11;D:\\install\\Xshell 7\\;D:\\soft\\sublimetext4\\Sublime Text\\ctags58;D:\\install\\微信web开发者工具\\;all\\no;ejs\\;all\\To;toiseGit\\bin;D:\\install\\Git\\cmd;D:\\install\\Git\\Git\\cmd;D:\\install\\nodejs\\node_global;D:\\install\\nodejs\\node_cache;D:\\install\\Go\\bin;D:\\wamp64\\bin\\php\\php7.4.33;C:\\ProgramData\\ComposerSetup\\bin;d:\\install\\wxkfzgj\\微信web开发者工具\\dll;D:\\install\\nodejs\\;d:\\install\\微信web开发者工具\\dll;C:\\WINDOWS\\system32\\config\\systemprofile\\AppData\\Local\\Microsoft\\WindowsApps'
    'SystemRoot' => 'C:\\WINDOWS'
    'COMSPEC' => 'C:\\WINDOWS\\system32\\cmd.exe'
    'PATHEXT' => '.COM;.EXE;.BAT;.CMD;.VBS;.VBE;.JS;.JSE;.WSF;.WSH;.MSC'
    'WINDIR' => 'C:\\WINDOWS'
    'SERVER_SIGNATURE' => '<address>Apache/2.4.54 (Win64) PHP/7.4.33 mod_fcgid/2.3.10-dev Server at car.cso123.com Port 80</address>
'
    'SERVER_SOFTWARE' => 'Apache/2.4.54 (Win64) PHP/7.4.33 mod_fcgid/2.3.10-dev'
    'SERVER_NAME' => 'car.cso123.com'
    'SERVER_ADDR' => '127.0.0.1'
    'SERVER_PORT' => '80'
    'REMOTE_ADDR' => '127.0.0.1'
    'DOCUMENT_ROOT' => 'D:/wamp64/www/feehinew/frontend/web'
    'REQUEST_SCHEME' => 'http'
    'CONTEXT_PREFIX' => ''
    'CONTEXT_DOCUMENT_ROOT' => 'D:/wamp64/www/feehinew/frontend/web'
    'SERVER_ADMIN' => 'wampserver@wampserver.invalid'
    'SCRIPT_FILENAME' => 'D:/wamp64/www/feehinew/frontend/web/admin/index.php'
    'REMOTE_PORT' => '53467'
    'GATEWAY_INTERFACE' => 'CGI/1.1'
    'SERVER_PROTOCOL' => 'HTTP/1.1'
    'REQUEST_METHOD' => 'GET'
    'QUERY_STRING' => 'r=rbac%2Froles'
    'REQUEST_URI' => '/admin/index.php?r=rbac%2Froles'
    'SCRIPT_NAME' => '/admin/index.php'
    'PHP_SELF' => '/admin/index.php'
    'REQUEST_TIME_FLOAT' => 1695639769.9719
    'REQUEST_TIME' => 1695639769
    'argv' => [
        0 => 'r=rbac%2Froles'
    ]
    'argc' => 1
]
2023-09-25 19:02:51 [127.0.0.1][1][-][warning][yii\debug\Module::checkAccess] Access to debugger is denied due to IP address restriction. The requesting IP address is 127.0.0.1
    in D:\wamp64\www\feehinew\backend\views\layouts\main.php:35
    in D:\wamp64\www\feehinew\backend\actions\IndexAction.php:76
2023-09-25 19:02:51 [127.0.0.1][1][-][warning][yii\debug\Module::checkAccess] Access to debugger is denied due to IP address restriction. The requesting IP address is 127.0.0.1
2023-09-25 19:02:51 [127.0.0.1][1][-][info][application] $_GET = [
    'r' => 'admin-user/index'
]

$_POST = []

$_FILES = []

$_COOKIE = [
    'PHPSESSID' => 'k1vdde45n059g7rg4g6jiff1gs'
    '_csrf' => '077a1ce7668a8fe5e2ee94eab449881a2e6873264fcf949b195392a93e66954da:2:{i:0;s:5:\"_csrf\";i:1;s:32:\"XMh3QU4RSwE44r3i3bJJbSR1gofxGDcM\";}'
    'BACKEND_FEEHICMS' => 'gpnofnro5pha7im4kq8nnvq11r'
    '_csrf_backend' => 'af8e48da3c96a8795378f9866ffba9b12ed399b73ca013b0a08d6027b4eb478da:2:{i:0;s:13:\"_csrf_backend\";i:1;s:32:\"HhpxwAD4OIR2PyH6cHMB3jmy9iN4KOm4\";}'
]

$_SESSION = [
    '__flash' => []
    '_backend_returnUrl' => '/admin/'
    '__captcha/site/captcha' => 'zuti'
    '__captcha/site/captchacount' => 1
    '__backend__id' => 1
    '_create_referer' => 'http://car.cso123.com/admin/index.php?r=rbac%2Froles'
    '_update_referer' => 'http://car.cso123.com/admin/index.php?r=management%2Findex'
]

$_SERVER = [
    'HTTP_HOST' => 'car.cso123.com'
    'HTTP_CONNECTION' => 'keep-alive'
    'HTTP_UPGRADE_INSECURE_REQUESTS' => '1'
    'HTTP_USER_AGENT' => 'Mozilla/5.0 (Windows NT 10.0; WOW64) AppleWebKit/537.36 (KHTML, like Gecko) Chrome/94.0.4606.71 Safari/537.36 SE 2.X MetaSr 1.0'
    'HTTP_ACCEPT' => 'text/html,application/xhtml+xml,application/xml;q=0.9,image/avif,image/webp,image/apng,*/*;q=0.8,application/signed-exchange;v=b3;q=0.9'
    'HTTP_REFERER' => 'http://car.cso123.com/admin/'
    'HTTP_ACCEPT_ENCODING' => 'gzip, deflate'
    'HTTP_ACCEPT_LANGUAGE' => 'zh-CN,zh;q=0.9'
    'HTTP_COOKIE' => 'PHPSESSID=k1vdde45n059g7rg4g6jiff1gs; _csrf=077a1ce7668a8fe5e2ee94eab449881a2e6873264fcf949b195392a93e66954da%3A2%3A%7Bi%3A0%3Bs%3A5%3A%22_csrf%22%3Bi%3A1%3Bs%3A32%3A%22XMh3QU4RSwE44r3i3bJJbSR1gofxGDcM%22%3B%7D; BACKEND_FEEHICMS=gpnofnro5pha7im4kq8nnvq11r; _csrf_backend=af8e48da3c96a8795378f9866ffba9b12ed399b73ca013b0a08d6027b4eb478da%3A2%3A%7Bi%3A0%3Bs%3A13%3A%22_csrf_backend%22%3Bi%3A1%3Bs%3A32%3A%22HhpxwAD4OIR2PyH6cHMB3jmy9iN4KOm4%22%3B%7D'
    'PATH' => 'D:\\install\\VMware\\VMware Workstation\\bin\\;C:\\WINDOWS\\system32;C:\\WINDOWS;C:\\WINDOWS\\System32\\Wbem;C:\\WINDOWS\\System32\\WindowsPowerShell\\v1.0\\;C:\\WINDOWS\\System32\\OpenSSH\\;D:\\soft\\Sublime Text3\\;D:\\install\\Java\\jdk1.8.0_211\\bin;D:\\install\\Java\\jre;D:\\wamp\\bin\\php\\php7.3.5;C:\\WINDOWS\\System32\\OpenSSH\\;d:\\install\\Python37\\Scripts;D:\\install\\Planner\\gtk2\\GTK2-Runtime\\bin;D:\\wamp\\bin\\php\\php7.4.11;D:\\install\\Xshell 7\\;D:\\soft\\sublimetext4\\Sublime Text\\ctags58;D:\\install\\微信web开发者工具\\;all\\no;ejs\\;all\\To;toiseGit\\bin;D:\\install\\Git\\cmd;D:\\install\\Git\\Git\\cmd;D:\\install\\nodejs\\node_global;D:\\install\\nodejs\\node_cache;D:\\install\\Go\\bin;D:\\wamp64\\bin\\php\\php7.4.33;C:\\ProgramData\\ComposerSetup\\bin;d:\\install\\wxkfzgj\\微信web开发者工具\\dll;D:\\install\\nodejs\\;d:\\install\\微信web开发者工具\\dll;C:\\WINDOWS\\system32\\config\\systemprofile\\AppData\\Local\\Microsoft\\WindowsApps'
    'SystemRoot' => 'C:\\WINDOWS'
    'COMSPEC' => 'C:\\WINDOWS\\system32\\cmd.exe'
    'PATHEXT' => '.COM;.EXE;.BAT;.CMD;.VBS;.VBE;.JS;.JSE;.WSF;.WSH;.MSC'
    'WINDIR' => 'C:\\WINDOWS'
    'SERVER_SIGNATURE' => '<address>Apache/2.4.54 (Win64) PHP/7.4.33 mod_fcgid/2.3.10-dev Server at car.cso123.com Port 80</address>
'
    'SERVER_SOFTWARE' => 'Apache/2.4.54 (Win64) PHP/7.4.33 mod_fcgid/2.3.10-dev'
    'SERVER_NAME' => 'car.cso123.com'
    'SERVER_ADDR' => '127.0.0.1'
    'SERVER_PORT' => '80'
    'REMOTE_ADDR' => '127.0.0.1'
    'DOCUMENT_ROOT' => 'D:/wamp64/www/feehinew/frontend/web'
    'REQUEST_SCHEME' => 'http'
    'CONTEXT_PREFIX' => ''
    'CONTEXT_DOCUMENT_ROOT' => 'D:/wamp64/www/feehinew/frontend/web'
    'SERVER_ADMIN' => 'wampserver@wampserver.invalid'
    'SCRIPT_FILENAME' => 'D:/wamp64/www/feehinew/frontend/web/admin/index.php'
    'REMOTE_PORT' => '53467'
    'GATEWAY_INTERFACE' => 'CGI/1.1'
    'SERVER_PROTOCOL' => 'HTTP/1.1'
    'REQUEST_METHOD' => 'GET'
    'QUERY_STRING' => 'r=admin-user%2Findex'
    'REQUEST_URI' => '/admin/index.php?r=admin-user%2Findex'
    'SCRIPT_NAME' => '/admin/index.php'
    'PHP_SELF' => '/admin/index.php'
    'REQUEST_TIME_FLOAT' => 1695639771.0222
    'REQUEST_TIME' => 1695639771
    'argv' => [
        0 => 'r=admin-user%2Findex'
    ]
    'argc' => 1
]
2023-09-25 19:02:54 [127.0.0.1][1][-][warning][yii\debug\Module::checkAccess] Access to debugger is denied due to IP address restriction. The requesting IP address is 127.0.0.1
    in D:\wamp64\www\feehinew\backend\views\layouts\main.php:35
    in D:\wamp64\www\feehinew\backend\actions\IndexAction.php:76
2023-09-25 19:02:54 [127.0.0.1][1][-][warning][yii\debug\Module::checkAccess] Access to debugger is denied due to IP address restriction. The requesting IP address is 127.0.0.1
2023-09-25 19:02:54 [127.0.0.1][1][-][info][application] $_GET = [
    'r' => 'friendly-link/index'
]

$_POST = []

$_FILES = []

$_COOKIE = [
    'PHPSESSID' => 'k1vdde45n059g7rg4g6jiff1gs'
    '_csrf' => '077a1ce7668a8fe5e2ee94eab449881a2e6873264fcf949b195392a93e66954da:2:{i:0;s:5:\"_csrf\";i:1;s:32:\"XMh3QU4RSwE44r3i3bJJbSR1gofxGDcM\";}'
    'BACKEND_FEEHICMS' => 'gpnofnro5pha7im4kq8nnvq11r'
    '_csrf_backend' => 'af8e48da3c96a8795378f9866ffba9b12ed399b73ca013b0a08d6027b4eb478da:2:{i:0;s:13:\"_csrf_backend\";i:1;s:32:\"HhpxwAD4OIR2PyH6cHMB3jmy9iN4KOm4\";}'
]

$_SESSION = [
    '__flash' => []
    '_backend_returnUrl' => '/admin/'
    '__captcha/site/captcha' => 'zuti'
    '__captcha/site/captchacount' => 1
    '__backend__id' => 1
    '_create_referer' => 'http://car.cso123.com/admin/index.php?r=rbac%2Froles'
    '_update_referer' => 'http://car.cso123.com/admin/index.php?r=management%2Findex'
]

$_SERVER = [
    'HTTP_HOST' => 'car.cso123.com'
    'HTTP_CONNECTION' => 'keep-alive'
    'HTTP_UPGRADE_INSECURE_REQUESTS' => '1'
    'HTTP_USER_AGENT' => 'Mozilla/5.0 (Windows NT 10.0; WOW64) AppleWebKit/537.36 (KHTML, like Gecko) Chrome/94.0.4606.71 Safari/537.36 SE 2.X MetaSr 1.0'
    'HTTP_ACCEPT' => 'text/html,application/xhtml+xml,application/xml;q=0.9,image/avif,image/webp,image/apng,*/*;q=0.8,application/signed-exchange;v=b3;q=0.9'
    'HTTP_REFERER' => 'http://car.cso123.com/admin/'
    'HTTP_ACCEPT_ENCODING' => 'gzip, deflate'
    'HTTP_ACCEPT_LANGUAGE' => 'zh-CN,zh;q=0.9'
    'HTTP_COOKIE' => 'PHPSESSID=k1vdde45n059g7rg4g6jiff1gs; _csrf=077a1ce7668a8fe5e2ee94eab449881a2e6873264fcf949b195392a93e66954da%3A2%3A%7Bi%3A0%3Bs%3A5%3A%22_csrf%22%3Bi%3A1%3Bs%3A32%3A%22XMh3QU4RSwE44r3i3bJJbSR1gofxGDcM%22%3B%7D; BACKEND_FEEHICMS=gpnofnro5pha7im4kq8nnvq11r; _csrf_backend=af8e48da3c96a8795378f9866ffba9b12ed399b73ca013b0a08d6027b4eb478da%3A2%3A%7Bi%3A0%3Bs%3A13%3A%22_csrf_backend%22%3Bi%3A1%3Bs%3A32%3A%22HhpxwAD4OIR2PyH6cHMB3jmy9iN4KOm4%22%3B%7D'
    'PATH' => 'D:\\install\\VMware\\VMware Workstation\\bin\\;C:\\WINDOWS\\system32;C:\\WINDOWS;C:\\WINDOWS\\System32\\Wbem;C:\\WINDOWS\\System32\\WindowsPowerShell\\v1.0\\;C:\\WINDOWS\\System32\\OpenSSH\\;D:\\soft\\Sublime Text3\\;D:\\install\\Java\\jdk1.8.0_211\\bin;D:\\install\\Java\\jre;D:\\wamp\\bin\\php\\php7.3.5;C:\\WINDOWS\\System32\\OpenSSH\\;d:\\install\\Python37\\Scripts;D:\\install\\Planner\\gtk2\\GTK2-Runtime\\bin;D:\\wamp\\bin\\php\\php7.4.11;D:\\install\\Xshell 7\\;D:\\soft\\sublimetext4\\Sublime Text\\ctags58;D:\\install\\微信web开发者工具\\;all\\no;ejs\\;all\\To;toiseGit\\bin;D:\\install\\Git\\cmd;D:\\install\\Git\\Git\\cmd;D:\\install\\nodejs\\node_global;D:\\install\\nodejs\\node_cache;D:\\install\\Go\\bin;D:\\wamp64\\bin\\php\\php7.4.33;C:\\ProgramData\\ComposerSetup\\bin;d:\\install\\wxkfzgj\\微信web开发者工具\\dll;D:\\install\\nodejs\\;d:\\install\\微信web开发者工具\\dll;C:\\WINDOWS\\system32\\config\\systemprofile\\AppData\\Local\\Microsoft\\WindowsApps'
    'SystemRoot' => 'C:\\WINDOWS'
    'COMSPEC' => 'C:\\WINDOWS\\system32\\cmd.exe'
    'PATHEXT' => '.COM;.EXE;.BAT;.CMD;.VBS;.VBE;.JS;.JSE;.WSF;.WSH;.MSC'
    'WINDIR' => 'C:\\WINDOWS'
    'SERVER_SIGNATURE' => '<address>Apache/2.4.54 (Win64) PHP/7.4.33 mod_fcgid/2.3.10-dev Server at car.cso123.com Port 80</address>
'
    'SERVER_SOFTWARE' => 'Apache/2.4.54 (Win64) PHP/7.4.33 mod_fcgid/2.3.10-dev'
    'SERVER_NAME' => 'car.cso123.com'
    'SERVER_ADDR' => '127.0.0.1'
    'SERVER_PORT' => '80'
    'REMOTE_ADDR' => '127.0.0.1'
    'DOCUMENT_ROOT' => 'D:/wamp64/www/feehinew/frontend/web'
    'REQUEST_SCHEME' => 'http'
    'CONTEXT_PREFIX' => ''
    'CONTEXT_DOCUMENT_ROOT' => 'D:/wamp64/www/feehinew/frontend/web'
    'SERVER_ADMIN' => 'wampserver@wampserver.invalid'
    'SCRIPT_FILENAME' => 'D:/wamp64/www/feehinew/frontend/web/admin/index.php'
    'REMOTE_PORT' => '53467'
    'GATEWAY_INTERFACE' => 'CGI/1.1'
    'SERVER_PROTOCOL' => 'HTTP/1.1'
    'REQUEST_METHOD' => 'GET'
    'QUERY_STRING' => 'r=friendly-link%2Findex'
    'REQUEST_URI' => '/admin/index.php?r=friendly-link%2Findex'
    'SCRIPT_NAME' => '/admin/index.php'
    'PHP_SELF' => '/admin/index.php'
    'REQUEST_TIME_FLOAT' => 1695639774.188
    'REQUEST_TIME' => 1695639774
    'argv' => [
        0 => 'r=friendly-link%2Findex'
    ]
    'argc' => 1
]
2023-09-25 19:03:00 [127.0.0.1][1][-][warning][yii\debug\Module::checkAccess] Access to debugger is denied due to IP address restriction. The requesting IP address is 127.0.0.1
    in D:\wamp64\www\feehinew\backend\views\layouts\main.php:35
    in D:\wamp64\www\feehinew\backend\controllers\ClearController.php:47
2023-09-25 19:03:00 [127.0.0.1][1][-][warning][yii\debug\Module::checkAccess] Access to debugger is denied due to IP address restriction. The requesting IP address is 127.0.0.1
2023-09-25 19:03:00 [127.0.0.1][1][-][info][application] $_GET = [
    'r' => 'clear/frontend'
]

$_POST = []

$_FILES = []

$_COOKIE = [
    'PHPSESSID' => 'k1vdde45n059g7rg4g6jiff1gs'
    '_csrf' => '077a1ce7668a8fe5e2ee94eab449881a2e6873264fcf949b195392a93e66954da:2:{i:0;s:5:\"_csrf\";i:1;s:32:\"XMh3QU4RSwE44r3i3bJJbSR1gofxGDcM\";}'
    'BACKEND_FEEHICMS' => 'gpnofnro5pha7im4kq8nnvq11r'
    '_csrf_backend' => 'af8e48da3c96a8795378f9866ffba9b12ed399b73ca013b0a08d6027b4eb478da:2:{i:0;s:13:\"_csrf_backend\";i:1;s:32:\"HhpxwAD4OIR2PyH6cHMB3jmy9iN4KOm4\";}'
]

$_SESSION = [
    '__flash' => [
        'success' => 1
    ]
    '_backend_returnUrl' => '/admin/'
    '__captcha/site/captcha' => 'zuti'
    '__captcha/site/captchacount' => 1
    '__backend__id' => 1
    '_create_referer' => 'http://car.cso123.com/admin/index.php?r=rbac%2Froles'
    '_update_referer' => 'http://car.cso123.com/admin/index.php?r=management%2Findex'
    'success' => '成功'
]

$_SERVER = [
    'HTTP_HOST' => 'car.cso123.com'
    'HTTP_CONNECTION' => 'keep-alive'
    'HTTP_UPGRADE_INSECURE_REQUESTS' => '1'
    'HTTP_USER_AGENT' => 'Mozilla/5.0 (Windows NT 10.0; WOW64) AppleWebKit/537.36 (KHTML, like Gecko) Chrome/94.0.4606.71 Safari/537.36 SE 2.X MetaSr 1.0'
    'HTTP_ACCEPT' => 'text/html,application/xhtml+xml,application/xml;q=0.9,image/avif,image/webp,image/apng,*/*;q=0.8,application/signed-exchange;v=b3;q=0.9'
    'HTTP_REFERER' => 'http://car.cso123.com/admin/'
    'HTTP_ACCEPT_ENCODING' => 'gzip, deflate'
    'HTTP_ACCEPT_LANGUAGE' => 'zh-CN,zh;q=0.9'
    'HTTP_COOKIE' => 'PHPSESSID=k1vdde45n059g7rg4g6jiff1gs; _csrf=077a1ce7668a8fe5e2ee94eab449881a2e6873264fcf949b195392a93e66954da%3A2%3A%7Bi%3A0%3Bs%3A5%3A%22_csrf%22%3Bi%3A1%3Bs%3A32%3A%22XMh3QU4RSwE44r3i3bJJbSR1gofxGDcM%22%3B%7D; BACKEND_FEEHICMS=gpnofnro5pha7im4kq8nnvq11r; _csrf_backend=af8e48da3c96a8795378f9866ffba9b12ed399b73ca013b0a08d6027b4eb478da%3A2%3A%7Bi%3A0%3Bs%3A13%3A%22_csrf_backend%22%3Bi%3A1%3Bs%3A32%3A%22HhpxwAD4OIR2PyH6cHMB3jmy9iN4KOm4%22%3B%7D'
    'PATH' => 'D:\\install\\VMware\\VMware Workstation\\bin\\;C:\\WINDOWS\\system32;C:\\WINDOWS;C:\\WINDOWS\\System32\\Wbem;C:\\WINDOWS\\System32\\WindowsPowerShell\\v1.0\\;C:\\WINDOWS\\System32\\OpenSSH\\;D:\\soft\\Sublime Text3\\;D:\\install\\Java\\jdk1.8.0_211\\bin;D:\\install\\Java\\jre;D:\\wamp\\bin\\php\\php7.3.5;C:\\WINDOWS\\System32\\OpenSSH\\;d:\\install\\Python37\\Scripts;D:\\install\\Planner\\gtk2\\GTK2-Runtime\\bin;D:\\wamp\\bin\\php\\php7.4.11;D:\\install\\Xshell 7\\;D:\\soft\\sublimetext4\\Sublime Text\\ctags58;D:\\install\\微信web开发者工具\\;all\\no;ejs\\;all\\To;toiseGit\\bin;D:\\install\\Git\\cmd;D:\\install\\Git\\Git\\cmd;D:\\install\\nodejs\\node_global;D:\\install\\nodejs\\node_cache;D:\\install\\Go\\bin;D:\\wamp64\\bin\\php\\php7.4.33;C:\\ProgramData\\ComposerSetup\\bin;d:\\install\\wxkfzgj\\微信web开发者工具\\dll;D:\\install\\nodejs\\;d:\\install\\微信web开发者工具\\dll;C:\\WINDOWS\\system32\\config\\systemprofile\\AppData\\Local\\Microsoft\\WindowsApps'
    'SystemRoot' => 'C:\\WINDOWS'
    'COMSPEC' => 'C:\\WINDOWS\\system32\\cmd.exe'
    'PATHEXT' => '.COM;.EXE;.BAT;.CMD;.VBS;.VBE;.JS;.JSE;.WSF;.WSH;.MSC'
    'WINDIR' => 'C:\\WINDOWS'
    'SERVER_SIGNATURE' => '<address>Apache/2.4.54 (Win64) PHP/7.4.33 mod_fcgid/2.3.10-dev Server at car.cso123.com Port 80</address>
'
    'SERVER_SOFTWARE' => 'Apache/2.4.54 (Win64) PHP/7.4.33 mod_fcgid/2.3.10-dev'
    'SERVER_NAME' => 'car.cso123.com'
    'SERVER_ADDR' => '127.0.0.1'
    'SERVER_PORT' => '80'
    'REMOTE_ADDR' => '127.0.0.1'
    'DOCUMENT_ROOT' => 'D:/wamp64/www/feehinew/frontend/web'
    'REQUEST_SCHEME' => 'http'
    'CONTEXT_PREFIX' => ''
    'CONTEXT_DOCUMENT_ROOT' => 'D:/wamp64/www/feehinew/frontend/web'
    'SERVER_ADMIN' => 'wampserver@wampserver.invalid'
    'SCRIPT_FILENAME' => 'D:/wamp64/www/feehinew/frontend/web/admin/index.php'
    'REMOTE_PORT' => '54473'
    'GATEWAY_INTERFACE' => 'CGI/1.1'
    'SERVER_PROTOCOL' => 'HTTP/1.1'
    'REQUEST_METHOD' => 'GET'
    'QUERY_STRING' => 'r=clear%2Ffrontend'
    'REQUEST_URI' => '/admin/index.php?r=clear%2Ffrontend'
    'SCRIPT_NAME' => '/admin/index.php'
    'PHP_SELF' => '/admin/index.php'
    'REQUEST_TIME_FLOAT' => 1695639780.4107
    'REQUEST_TIME' => 1695639780
    'argv' => [
        0 => 'r=clear%2Ffrontend'
    ]
    'argc' => 1
]
2023-09-25 19:03:01 [127.0.0.1][1][-][warning][yii\debug\Module::checkAccess] Access to debugger is denied due to IP address restriction. The requesting IP address is 127.0.0.1
    in D:\wamp64\www\feehinew\backend\views\layouts\main.php:35
    in D:\wamp64\www\feehinew\backend\controllers\ClearController.php:31
2023-09-25 19:03:01 [127.0.0.1][1][-][warning][yii\debug\Module::checkAccess] Access to debugger is denied due to IP address restriction. The requesting IP address is 127.0.0.1
2023-09-25 19:03:01 [127.0.0.1][1][-][info][application] $_GET = [
    'r' => 'clear/backend'
]

$_POST = []

$_FILES = []

$_COOKIE = [
    'PHPSESSID' => 'k1vdde45n059g7rg4g6jiff1gs'
    '_csrf' => '077a1ce7668a8fe5e2ee94eab449881a2e6873264fcf949b195392a93e66954da:2:{i:0;s:5:\"_csrf\";i:1;s:32:\"XMh3QU4RSwE44r3i3bJJbSR1gofxGDcM\";}'
    'BACKEND_FEEHICMS' => 'gpnofnro5pha7im4kq8nnvq11r'
    '_csrf_backend' => 'af8e48da3c96a8795378f9866ffba9b12ed399b73ca013b0a08d6027b4eb478da:2:{i:0;s:13:\"_csrf_backend\";i:1;s:32:\"HhpxwAD4OIR2PyH6cHMB3jmy9iN4KOm4\";}'
]

$_SESSION = [
    '__flash' => [
        'success' => 1
    ]
    '_backend_returnUrl' => '/admin/'
    '__captcha/site/captcha' => 'zuti'
    '__captcha/site/captchacount' => 1
    '__backend__id' => 1
    '_create_referer' => 'http://car.cso123.com/admin/index.php?r=rbac%2Froles'
    '_update_referer' => 'http://car.cso123.com/admin/index.php?r=management%2Findex'
    'success' => '成功'
]

$_SERVER = [
    'HTTP_HOST' => 'car.cso123.com'
    'HTTP_CONNECTION' => 'keep-alive'
    'HTTP_UPGRADE_INSECURE_REQUESTS' => '1'
    'HTTP_USER_AGENT' => 'Mozilla/5.0 (Windows NT 10.0; WOW64) AppleWebKit/537.36 (KHTML, like Gecko) Chrome/94.0.4606.71 Safari/537.36 SE 2.X MetaSr 1.0'
    'HTTP_ACCEPT' => 'text/html,application/xhtml+xml,application/xml;q=0.9,image/avif,image/webp,image/apng,*/*;q=0.8,application/signed-exchange;v=b3;q=0.9'
    'HTTP_REFERER' => 'http://car.cso123.com/admin/'
    'HTTP_ACCEPT_ENCODING' => 'gzip, deflate'
    'HTTP_ACCEPT_LANGUAGE' => 'zh-CN,zh;q=0.9'
    'HTTP_COOKIE' => 'PHPSESSID=k1vdde45n059g7rg4g6jiff1gs; _csrf=077a1ce7668a8fe5e2ee94eab449881a2e6873264fcf949b195392a93e66954da%3A2%3A%7Bi%3A0%3Bs%3A5%3A%22_csrf%22%3Bi%3A1%3Bs%3A32%3A%22XMh3QU4RSwE44r3i3bJJbSR1gofxGDcM%22%3B%7D; BACKEND_FEEHICMS=gpnofnro5pha7im4kq8nnvq11r; _csrf_backend=af8e48da3c96a8795378f9866ffba9b12ed399b73ca013b0a08d6027b4eb478da%3A2%3A%7Bi%3A0%3Bs%3A13%3A%22_csrf_backend%22%3Bi%3A1%3Bs%3A32%3A%22HhpxwAD4OIR2PyH6cHMB3jmy9iN4KOm4%22%3B%7D'
    'PATH' => 'D:\\install\\VMware\\VMware Workstation\\bin\\;C:\\WINDOWS\\system32;C:\\WINDOWS;C:\\WINDOWS\\System32\\Wbem;C:\\WINDOWS\\System32\\WindowsPowerShell\\v1.0\\;C:\\WINDOWS\\System32\\OpenSSH\\;D:\\soft\\Sublime Text3\\;D:\\install\\Java\\jdk1.8.0_211\\bin;D:\\install\\Java\\jre;D:\\wamp\\bin\\php\\php7.3.5;C:\\WINDOWS\\System32\\OpenSSH\\;d:\\install\\Python37\\Scripts;D:\\install\\Planner\\gtk2\\GTK2-Runtime\\bin;D:\\wamp\\bin\\php\\php7.4.11;D:\\install\\Xshell 7\\;D:\\soft\\sublimetext4\\Sublime Text\\ctags58;D:\\install\\微信web开发者工具\\;all\\no;ejs\\;all\\To;toiseGit\\bin;D:\\install\\Git\\cmd;D:\\install\\Git\\Git\\cmd;D:\\install\\nodejs\\node_global;D:\\install\\nodejs\\node_cache;D:\\install\\Go\\bin;D:\\wamp64\\bin\\php\\php7.4.33;C:\\ProgramData\\ComposerSetup\\bin;d:\\install\\wxkfzgj\\微信web开发者工具\\dll;D:\\install\\nodejs\\;d:\\install\\微信web开发者工具\\dll;C:\\WINDOWS\\system32\\config\\systemprofile\\AppData\\Local\\Microsoft\\WindowsApps'
    'SystemRoot' => 'C:\\WINDOWS'
    'COMSPEC' => 'C:\\WINDOWS\\system32\\cmd.exe'
    'PATHEXT' => '.COM;.EXE;.BAT;.CMD;.VBS;.VBE;.JS;.JSE;.WSF;.WSH;.MSC'
    'WINDIR' => 'C:\\WINDOWS'
    'SERVER_SIGNATURE' => '<address>Apache/2.4.54 (Win64) PHP/7.4.33 mod_fcgid/2.3.10-dev Server at car.cso123.com Port 80</address>
'
    'SERVER_SOFTWARE' => 'Apache/2.4.54 (Win64) PHP/7.4.33 mod_fcgid/2.3.10-dev'
    'SERVER_NAME' => 'car.cso123.com'
    'SERVER_ADDR' => '127.0.0.1'
    'SERVER_PORT' => '80'
    'REMOTE_ADDR' => '127.0.0.1'
    'DOCUMENT_ROOT' => 'D:/wamp64/www/feehinew/frontend/web'
    'REQUEST_SCHEME' => 'http'
    'CONTEXT_PREFIX' => ''
    'CONTEXT_DOCUMENT_ROOT' => 'D:/wamp64/www/feehinew/frontend/web'
    'SERVER_ADMIN' => 'wampserver@wampserver.invalid'
    'SCRIPT_FILENAME' => 'D:/wamp64/www/feehinew/frontend/web/admin/index.php'
    'REMOTE_PORT' => '54473'
    'GATEWAY_INTERFACE' => 'CGI/1.1'
    'SERVER_PROTOCOL' => 'HTTP/1.1'
    'REQUEST_METHOD' => 'GET'
    'QUERY_STRING' => 'r=clear%2Fbackend'
    'REQUEST_URI' => '/admin/index.php?r=clear%2Fbackend'
    'SCRIPT_NAME' => '/admin/index.php'
    'PHP_SELF' => '/admin/index.php'
    'REQUEST_TIME_FLOAT' => 1695639781.4125
    'REQUEST_TIME' => 1695639781
    'argv' => [
        0 => 'r=clear%2Fbackend'
    ]
    'argc' => 1
]
2023-09-25 19:03:03 [127.0.0.1][1][-][warning][yii\debug\Module::checkAccess] Access to debugger is denied due to IP address restriction. The requesting IP address is 127.0.0.1
    in D:\wamp64\www\feehinew\backend\views\layouts\main.php:35
    in D:\wamp64\www\feehinew\backend\actions\IndexAction.php:76
2023-09-25 19:03:03 [127.0.0.1][1][-][warning][yii\debug\Module::checkAccess] Access to debugger is denied due to IP address restriction. The requesting IP address is 127.0.0.1
2023-09-25 19:03:03 [127.0.0.1][1][-][info][application] $_GET = [
    'r' => 'log/index'
]

$_POST = []

$_FILES = []

$_COOKIE = [
    'PHPSESSID' => 'k1vdde45n059g7rg4g6jiff1gs'
    '_csrf' => '077a1ce7668a8fe5e2ee94eab449881a2e6873264fcf949b195392a93e66954da:2:{i:0;s:5:\"_csrf\";i:1;s:32:\"XMh3QU4RSwE44r3i3bJJbSR1gofxGDcM\";}'
    'BACKEND_FEEHICMS' => 'gpnofnro5pha7im4kq8nnvq11r'
    '_csrf_backend' => 'af8e48da3c96a8795378f9866ffba9b12ed399b73ca013b0a08d6027b4eb478da:2:{i:0;s:13:\"_csrf_backend\";i:1;s:32:\"HhpxwAD4OIR2PyH6cHMB3jmy9iN4KOm4\";}'
]

$_SESSION = [
    '__flash' => []
    '_backend_returnUrl' => '/admin/'
    '__captcha/site/captcha' => 'zuti'
    '__captcha/site/captchacount' => 1
    '__backend__id' => 1
    '_create_referer' => 'http://car.cso123.com/admin/index.php?r=rbac%2Froles'
    '_update_referer' => 'http://car.cso123.com/admin/index.php?r=management%2Findex'
]

$_SERVER = [
    'HTTP_HOST' => 'car.cso123.com'
    'HTTP_CONNECTION' => 'keep-alive'
    'HTTP_UPGRADE_INSECURE_REQUESTS' => '1'
    'HTTP_USER_AGENT' => 'Mozilla/5.0 (Windows NT 10.0; WOW64) AppleWebKit/537.36 (KHTML, like Gecko) Chrome/94.0.4606.71 Safari/537.36 SE 2.X MetaSr 1.0'
    'HTTP_ACCEPT' => 'text/html,application/xhtml+xml,application/xml;q=0.9,image/avif,image/webp,image/apng,*/*;q=0.8,application/signed-exchange;v=b3;q=0.9'
    'HTTP_REFERER' => 'http://car.cso123.com/admin/'
    'HTTP_ACCEPT_ENCODING' => 'gzip, deflate'
    'HTTP_ACCEPT_LANGUAGE' => 'zh-CN,zh;q=0.9'
    'HTTP_COOKIE' => 'PHPSESSID=k1vdde45n059g7rg4g6jiff1gs; _csrf=077a1ce7668a8fe5e2ee94eab449881a2e6873264fcf949b195392a93e66954da%3A2%3A%7Bi%3A0%3Bs%3A5%3A%22_csrf%22%3Bi%3A1%3Bs%3A32%3A%22XMh3QU4RSwE44r3i3bJJbSR1gofxGDcM%22%3B%7D; BACKEND_FEEHICMS=gpnofnro5pha7im4kq8nnvq11r; _csrf_backend=af8e48da3c96a8795378f9866ffba9b12ed399b73ca013b0a08d6027b4eb478da%3A2%3A%7Bi%3A0%3Bs%3A13%3A%22_csrf_backend%22%3Bi%3A1%3Bs%3A32%3A%22HhpxwAD4OIR2PyH6cHMB3jmy9iN4KOm4%22%3B%7D'
    'PATH' => 'D:\\install\\VMware\\VMware Workstation\\bin\\;C:\\WINDOWS\\system32;C:\\WINDOWS;C:\\WINDOWS\\System32\\Wbem;C:\\WINDOWS\\System32\\WindowsPowerShell\\v1.0\\;C:\\WINDOWS\\System32\\OpenSSH\\;D:\\soft\\Sublime Text3\\;D:\\install\\Java\\jdk1.8.0_211\\bin;D:\\install\\Java\\jre;D:\\wamp\\bin\\php\\php7.3.5;C:\\WINDOWS\\System32\\OpenSSH\\;d:\\install\\Python37\\Scripts;D:\\install\\Planner\\gtk2\\GTK2-Runtime\\bin;D:\\wamp\\bin\\php\\php7.4.11;D:\\install\\Xshell 7\\;D:\\soft\\sublimetext4\\Sublime Text\\ctags58;D:\\install\\微信web开发者工具\\;all\\no;ejs\\;all\\To;toiseGit\\bin;D:\\install\\Git\\cmd;D:\\install\\Git\\Git\\cmd;D:\\install\\nodejs\\node_global;D:\\install\\nodejs\\node_cache;D:\\install\\Go\\bin;D:\\wamp64\\bin\\php\\php7.4.33;C:\\ProgramData\\ComposerSetup\\bin;d:\\install\\wxkfzgj\\微信web开发者工具\\dll;D:\\install\\nodejs\\;d:\\install\\微信web开发者工具\\dll;C:\\WINDOWS\\system32\\config\\systemprofile\\AppData\\Local\\Microsoft\\WindowsApps'
    'SystemRoot' => 'C:\\WINDOWS'
    'COMSPEC' => 'C:\\WINDOWS\\system32\\cmd.exe'
    'PATHEXT' => '.COM;.EXE;.BAT;.CMD;.VBS;.VBE;.JS;.JSE;.WSF;.WSH;.MSC'
    'WINDIR' => 'C:\\WINDOWS'
    'SERVER_SIGNATURE' => '<address>Apache/2.4.54 (Win64) PHP/7.4.33 mod_fcgid/2.3.10-dev Server at car.cso123.com Port 80</address>
'
    'SERVER_SOFTWARE' => 'Apache/2.4.54 (Win64) PHP/7.4.33 mod_fcgid/2.3.10-dev'
    'SERVER_NAME' => 'car.cso123.com'
    'SERVER_ADDR' => '127.0.0.1'
    'SERVER_PORT' => '80'
    'REMOTE_ADDR' => '127.0.0.1'
    'DOCUMENT_ROOT' => 'D:/wamp64/www/feehinew/frontend/web'
    'REQUEST_SCHEME' => 'http'
    'CONTEXT_PREFIX' => ''
    'CONTEXT_DOCUMENT_ROOT' => 'D:/wamp64/www/feehinew/frontend/web'
    'SERVER_ADMIN' => 'wampserver@wampserver.invalid'
    'SCRIPT_FILENAME' => 'D:/wamp64/www/feehinew/frontend/web/admin/index.php'
    'REMOTE_PORT' => '54473'
    'GATEWAY_INTERFACE' => 'CGI/1.1'
    'SERVER_PROTOCOL' => 'HTTP/1.1'
    'REQUEST_METHOD' => 'GET'
    'QUERY_STRING' => 'r=log%2Findex'
    'REQUEST_URI' => '/admin/index.php?r=log%2Findex'
    'SCRIPT_NAME' => '/admin/index.php'
    'PHP_SELF' => '/admin/index.php'
    'REQUEST_TIME_FLOAT' => 1695639783.1389
    'REQUEST_TIME' => 1695639783
    'argv' => [
        0 => 'r=log%2Findex'
    ]
    'argc' => 1
]
