2023-09-26 09:07:25 [127.0.0.1][1][-][warning][yii\debug\Module::checkAccess] Access to debugger is denied due to IP address restriction. The requesting IP address is 127.0.0.1
    in D:\wamp64\www\feehinew\backend\views\layouts\main.php:35
    in D:\wamp64\www\feehinew\backend\actions\IndexAction.php:76
2023-09-26 09:07:25 [127.0.0.1][1][-][warning][yii\debug\Module::checkAccess] Access to debugger is denied due to IP address restriction. The requesting IP address is 127.0.0.1
2023-09-26 09:07:25 [127.0.0.1][1][-][info][application] $_GET = [
    'r' => 'log/index'
]

$_POST = []

$_FILES = []

$_COOKIE = [
    'PHPSESSID' => 'k1vdde45n059g7rg4g6jiff1gs'
    '_csrf' => '077a1ce7668a8fe5e2ee94eab449881a2e6873264fcf949b195392a93e66954da:2:{i:0;s:5:\"_csrf\";i:1;s:32:\"XMh3QU4RSwE44r3i3bJJbSR1gofxGDcM\";}'
    'BACKEND_FEEHICMS' => 'gpnofnro5pha7im4kq8nnvq11r'
    '_csrf_backend' => 'af8e48da3c96a8795378f9866ffba9b12ed399b73ca013b0a08d6027b4eb478da:2:{i:0;s:13:\"_csrf_backend\";i:1;s:32:\"HhpxwAD4OIR2PyH6cHMB3jmy9iN4KOm4\";}'
]

$_SESSION = [
    '__flash' => []
    '_backend_returnUrl' => '/admin/'
    '__captcha/site/captcha' => 'zuti'
    '__captcha/site/captchacount' => 1
    '__backend__id' => 1
    '_create_referer' => 'http://car.cso123.com/admin/index.php?r=rbac%2Froles'
    '_update_referer' => 'http://car.cso123.com/admin/index.php?r=management%2Findex'
]

$_SERVER = [
    'HTTP_HOST' => 'car.cso123.com'
    'HTTP_CONNECTION' => 'keep-alive'
    'HTTP_CACHE_CONTROL' => 'max-age=0'
    'HTTP_UPGRADE_INSECURE_REQUESTS' => '1'
    'HTTP_USER_AGENT' => 'Mozilla/5.0 (Windows NT 10.0; WOW64) AppleWebKit/537.36 (KHTML, like Gecko) Chrome/94.0.4606.71 Safari/537.36 SE 2.X MetaSr 1.0'
    'HTTP_ACCEPT' => 'text/html,application/xhtml+xml,application/xml;q=0.9,image/avif,image/webp,image/apng,*/*;q=0.8,application/signed-exchange;v=b3;q=0.9'
    'HTTP_REFERER' => 'http://car.cso123.com/admin/index.php?r=log%2Findex'
    'HTTP_ACCEPT_ENCODING' => 'gzip, deflate'
    'HTTP_ACCEPT_LANGUAGE' => 'zh-CN,zh;q=0.9'
    'HTTP_COOKIE' => 'PHPSESSID=k1vdde45n059g7rg4g6jiff1gs; _csrf=077a1ce7668a8fe5e2ee94eab449881a2e6873264fcf949b195392a93e66954da%3A2%3A%7Bi%3A0%3Bs%3A5%3A%22_csrf%22%3Bi%3A1%3Bs%3A32%3A%22XMh3QU4RSwE44r3i3bJJbSR1gofxGDcM%22%3B%7D; BACKEND_FEEHICMS=gpnofnro5pha7im4kq8nnvq11r; _csrf_backend=af8e48da3c96a8795378f9866ffba9b12ed399b73ca013b0a08d6027b4eb478da%3A2%3A%7Bi%3A0%3Bs%3A13%3A%22_csrf_backend%22%3Bi%3A1%3Bs%3A32%3A%22HhpxwAD4OIR2PyH6cHMB3jmy9iN4KOm4%22%3B%7D'
    'PATH' => 'D:\\install\\VMware\\VMware Workstation\\bin\\;C:\\WINDOWS\\system32;C:\\WINDOWS;C:\\WINDOWS\\System32\\Wbem;C:\\WINDOWS\\System32\\WindowsPowerShell\\v1.0\\;C:\\WINDOWS\\System32\\OpenSSH\\;D:\\soft\\Sublime Text3\\;D:\\install\\Java\\jdk1.8.0_211\\bin;D:\\install\\Java\\jre;D:\\wamp\\bin\\php\\php7.3.5;C:\\WINDOWS\\System32\\OpenSSH\\;d:\\install\\Python37\\Scripts;D:\\install\\Planner\\gtk2\\GTK2-Runtime\\bin;D:\\wamp\\bin\\php\\php7.4.11;D:\\install\\Xshell 7\\;D:\\soft\\sublimetext4\\Sublime Text\\ctags58;D:\\install\\微信web开发者工具\\;all\\no;ejs\\;all\\To;toiseGit\\bin;D:\\install\\Git\\cmd;D:\\install\\Git\\Git\\cmd;D:\\install\\nodejs\\node_global;D:\\install\\nodejs\\node_cache;D:\\install\\Go\\bin;D:\\wamp64\\bin\\php\\php7.4.33;C:\\ProgramData\\ComposerSetup\\bin;d:\\install\\wxkfzgj\\微信web开发者工具\\dll;D:\\install\\nodejs\\;d:\\install\\微信web开发者工具\\dll;C:\\WINDOWS\\system32\\config\\systemprofile\\AppData\\Local\\Microsoft\\WindowsApps'
    'SystemRoot' => 'C:\\WINDOWS'
    'COMSPEC' => 'C:\\WINDOWS\\system32\\cmd.exe'
    'PATHEXT' => '.COM;.EXE;.BAT;.CMD;.VBS;.VBE;.JS;.JSE;.WSF;.WSH;.MSC'
    'WINDIR' => 'C:\\WINDOWS'
    'SERVER_SIGNATURE' => '<address>Apache/2.4.54 (Win64) PHP/7.4.33 mod_fcgid/2.3.10-dev Server at car.cso123.com Port 80</address>
'
    'SERVER_SOFTWARE' => 'Apache/2.4.54 (Win64) PHP/7.4.33 mod_fcgid/2.3.10-dev'
    'SERVER_NAME' => 'car.cso123.com'
    'SERVER_ADDR' => '127.0.0.1'
    'SERVER_PORT' => '80'
    'REMOTE_ADDR' => '127.0.0.1'
    'DOCUMENT_ROOT' => 'D:/wamp64/www/feehinew/frontend/web'
    'REQUEST_SCHEME' => 'http'
    'CONTEXT_PREFIX' => ''
    'CONTEXT_DOCUMENT_ROOT' => 'D:/wamp64/www/feehinew/frontend/web'
    'SERVER_ADMIN' => 'wampserver@wampserver.invalid'
    'SCRIPT_FILENAME' => 'D:/wamp64/www/feehinew/frontend/web/admin/index.php'
    'REMOTE_PORT' => '49922'
    'GATEWAY_INTERFACE' => 'CGI/1.1'
    'SERVER_PROTOCOL' => 'HTTP/1.1'
    'REQUEST_METHOD' => 'GET'
    'QUERY_STRING' => 'r=log%2Findex'
    'REQUEST_URI' => '/admin/index.php?r=log%2Findex'
    'SCRIPT_NAME' => '/admin/index.php'
    'PHP_SELF' => '/admin/index.php'
    'REQUEST_TIME_FLOAT' => 1695690445.2089
    'REQUEST_TIME' => 1695690445
    'argv' => [
        0 => 'r=log%2Findex'
    ]
    'argc' => 1
]
2023-09-26 14:20:17 [127.0.0.1][1][-][warning][yii\debug\Module::checkAccess] Access to debugger is denied due to IP address restriction. The requesting IP address is 127.0.0.1
    in D:\wamp64\www\feehinew\backend\views\site\index.php:262
    in D:\wamp64\www\feehinew\backend\controllers\SiteController.php:99
2023-09-26 14:20:17 [127.0.0.1][1][-][warning][yii\debug\Module::checkAccess] Access to debugger is denied due to IP address restriction. The requesting IP address is 127.0.0.1
2023-09-26 14:20:17 [127.0.0.1][1][-][info][application] $_GET = []

$_POST = []

$_FILES = []

$_COOKIE = [
    'PHPSESSID' => 'k1vdde45n059g7rg4g6jiff1gs'
    '_csrf' => '077a1ce7668a8fe5e2ee94eab449881a2e6873264fcf949b195392a93e66954da:2:{i:0;s:5:\"_csrf\";i:1;s:32:\"XMh3QU4RSwE44r3i3bJJbSR1gofxGDcM\";}'
    'BACKEND_FEEHICMS' => 'gpnofnro5pha7im4kq8nnvq11r'
    '_csrf_backend' => 'af8e48da3c96a8795378f9866ffba9b12ed399b73ca013b0a08d6027b4eb478da:2:{i:0;s:13:\"_csrf_backend\";i:1;s:32:\"HhpxwAD4OIR2PyH6cHMB3jmy9iN4KOm4\";}'
]

$_SESSION = [
    '__flash' => []
    '_backend_returnUrl' => '/admin/'
    '__captcha/site/captcha' => 'zuti'
    '__captcha/site/captchacount' => 1
    '__backend__id' => 1
    '_create_referer' => 'http://car.cso123.com/admin/index.php?r=rbac%2Froles'
    '_update_referer' => 'http://car.cso123.com/admin/index.php?r=management%2Findex'
]

$_SERVER = [
    'HTTP_HOST' => 'car.cso123.com'
    'HTTP_CONNECTION' => 'keep-alive'
    'HTTP_CACHE_CONTROL' => 'max-age=0'
    'HTTP_UPGRADE_INSECURE_REQUESTS' => '1'
    'HTTP_USER_AGENT' => 'Mozilla/5.0 (Windows NT 10.0; WOW64) AppleWebKit/537.36 (KHTML, like Gecko) Chrome/94.0.4606.71 Safari/537.36 SE 2.X MetaSr 1.0'
    'HTTP_ACCEPT' => 'text/html,application/xhtml+xml,application/xml;q=0.9,image/avif,image/webp,image/apng,*/*;q=0.8,application/signed-exchange;v=b3;q=0.9'
    'HTTP_REFERER' => 'http://car.cso123.com/admin/index.php?r=site%2Flogin'
    'HTTP_ACCEPT_ENCODING' => 'gzip, deflate'
    'HTTP_ACCEPT_LANGUAGE' => 'zh-CN,zh;q=0.9'
    'HTTP_COOKIE' => 'PHPSESSID=k1vdde45n059g7rg4g6jiff1gs; _csrf=077a1ce7668a8fe5e2ee94eab449881a2e6873264fcf949b195392a93e66954da%3A2%3A%7Bi%3A0%3Bs%3A5%3A%22_csrf%22%3Bi%3A1%3Bs%3A32%3A%22XMh3QU4RSwE44r3i3bJJbSR1gofxGDcM%22%3B%7D; BACKEND_FEEHICMS=gpnofnro5pha7im4kq8nnvq11r; _csrf_backend=af8e48da3c96a8795378f9866ffba9b12ed399b73ca013b0a08d6027b4eb478da%3A2%3A%7Bi%3A0%3Bs%3A13%3A%22_csrf_backend%22%3Bi%3A1%3Bs%3A32%3A%22HhpxwAD4OIR2PyH6cHMB3jmy9iN4KOm4%22%3B%7D'
    'PATH' => 'D:\\install\\VMware\\VMware Workstation\\bin\\;C:\\WINDOWS\\system32;C:\\WINDOWS;C:\\WINDOWS\\System32\\Wbem;C:\\WINDOWS\\System32\\WindowsPowerShell\\v1.0\\;C:\\WINDOWS\\System32\\OpenSSH\\;D:\\soft\\Sublime Text3\\;D:\\install\\Java\\jdk1.8.0_211\\bin;D:\\install\\Java\\jre;D:\\wamp\\bin\\php\\php7.3.5;C:\\WINDOWS\\System32\\OpenSSH\\;d:\\install\\Python37\\Scripts;D:\\install\\Planner\\gtk2\\GTK2-Runtime\\bin;D:\\wamp\\bin\\php\\php7.4.11;D:\\install\\Xshell 7\\;D:\\soft\\sublimetext4\\Sublime Text\\ctags58;D:\\install\\微信web开发者工具\\;all\\no;ejs\\;all\\To;toiseGit\\bin;D:\\install\\Git\\cmd;D:\\install\\Git\\Git\\cmd;D:\\install\\nodejs\\node_global;D:\\install\\nodejs\\node_cache;D:\\install\\Go\\bin;D:\\wamp64\\bin\\php\\php7.4.33;C:\\ProgramData\\ComposerSetup\\bin;d:\\install\\wxkfzgj\\微信web开发者工具\\dll;D:\\install\\nodejs\\;d:\\install\\微信web开发者工具\\dll;C:\\WINDOWS\\system32\\config\\systemprofile\\AppData\\Local\\Microsoft\\WindowsApps'
    'SystemRoot' => 'C:\\WINDOWS'
    'COMSPEC' => 'C:\\WINDOWS\\system32\\cmd.exe'
    'PATHEXT' => '.COM;.EXE;.BAT;.CMD;.VBS;.VBE;.JS;.JSE;.WSF;.WSH;.MSC'
    'WINDIR' => 'C:\\WINDOWS'
    'SERVER_SIGNATURE' => '<address>Apache/2.4.54 (Win64) PHP/7.4.33 mod_fcgid/2.3.10-dev Server at car.cso123.com Port 80</address>
'
    'SERVER_SOFTWARE' => 'Apache/2.4.54 (Win64) PHP/7.4.33 mod_fcgid/2.3.10-dev'
    'SERVER_NAME' => 'car.cso123.com'
    'SERVER_ADDR' => '127.0.0.1'
    'SERVER_PORT' => '80'
    'REMOTE_ADDR' => '127.0.0.1'
    'DOCUMENT_ROOT' => 'D:/wamp64/www/feehinew/frontend/web'
    'REQUEST_SCHEME' => 'http'
    'CONTEXT_PREFIX' => ''
    'CONTEXT_DOCUMENT_ROOT' => 'D:/wamp64/www/feehinew/frontend/web'
    'SERVER_ADMIN' => 'wampserver@wampserver.invalid'
    'SCRIPT_FILENAME' => 'D:/wamp64/www/feehinew/frontend/web/admin/index.php'
    'REMOTE_PORT' => '58262'
    'GATEWAY_INTERFACE' => 'CGI/1.1'
    'SERVER_PROTOCOL' => 'HTTP/1.1'
    'REQUEST_METHOD' => 'GET'
    'QUERY_STRING' => ''
    'REQUEST_URI' => '/admin/'
    'SCRIPT_NAME' => '/admin/index.php'
    'PHP_SELF' => '/admin/index.php'
    'REQUEST_TIME_FLOAT' => 1695709217.2191
    'REQUEST_TIME' => 1695709217
    'argv' => []
    'argc' => 0
]
2023-09-26 14:20:17 [127.0.0.1][1][-][warning][yii\debug\Module::checkAccess] Access to debugger is denied due to IP address restriction. The requesting IP address is 127.0.0.1
    in D:\wamp64\www\feehinew\backend\views\layouts\main.php:35
    in D:\wamp64\www\feehinew\backend\controllers\SiteController.php:185
2023-09-26 14:20:17 [127.0.0.1][1][-][warning][yii\debug\Module::checkAccess] Access to debugger is denied due to IP address restriction. The requesting IP address is 127.0.0.1
2023-09-26 14:20:17 [127.0.0.1][1][-][info][application] $_GET = [
    'r' => 'site/main'
]

$_POST = []

$_FILES = []

$_COOKIE = [
    'PHPSESSID' => 'k1vdde45n059g7rg4g6jiff1gs'
    '_csrf' => '077a1ce7668a8fe5e2ee94eab449881a2e6873264fcf949b195392a93e66954da:2:{i:0;s:5:\"_csrf\";i:1;s:32:\"XMh3QU4RSwE44r3i3bJJbSR1gofxGDcM\";}'
    'BACKEND_FEEHICMS' => 'gpnofnro5pha7im4kq8nnvq11r'
    '_csrf_backend' => 'af8e48da3c96a8795378f9866ffba9b12ed399b73ca013b0a08d6027b4eb478da:2:{i:0;s:13:\"_csrf_backend\";i:1;s:32:\"HhpxwAD4OIR2PyH6cHMB3jmy9iN4KOm4\";}'
]

$_SESSION = [
    '__flash' => []
    '_backend_returnUrl' => '/admin/'
    '__captcha/site/captcha' => 'zuti'
    '__captcha/site/captchacount' => 1
    '__backend__id' => 1
    '_create_referer' => 'http://car.cso123.com/admin/index.php?r=rbac%2Froles'
    '_update_referer' => 'http://car.cso123.com/admin/index.php?r=management%2Findex'
]

$_SERVER = [
    'HTTP_HOST' => 'car.cso123.com'
    'HTTP_CONNECTION' => 'keep-alive'
    'HTTP_UPGRADE_INSECURE_REQUESTS' => '1'
    'HTTP_USER_AGENT' => 'Mozilla/5.0 (Windows NT 10.0; WOW64) AppleWebKit/537.36 (KHTML, like Gecko) Chrome/94.0.4606.71 Safari/537.36 SE 2.X MetaSr 1.0'
    'HTTP_ACCEPT' => 'text/html,application/xhtml+xml,application/xml;q=0.9,image/avif,image/webp,image/apng,*/*;q=0.8,application/signed-exchange;v=b3;q=0.9'
    'HTTP_REFERER' => 'http://car.cso123.com/admin/'
    'HTTP_ACCEPT_ENCODING' => 'gzip, deflate'
    'HTTP_ACCEPT_LANGUAGE' => 'zh-CN,zh;q=0.9'
    'HTTP_COOKIE' => 'PHPSESSID=k1vdde45n059g7rg4g6jiff1gs; _csrf=077a1ce7668a8fe5e2ee94eab449881a2e6873264fcf949b195392a93e66954da%3A2%3A%7Bi%3A0%3Bs%3A5%3A%22_csrf%22%3Bi%3A1%3Bs%3A32%3A%22XMh3QU4RSwE44r3i3bJJbSR1gofxGDcM%22%3B%7D; BACKEND_FEEHICMS=gpnofnro5pha7im4kq8nnvq11r; _csrf_backend=af8e48da3c96a8795378f9866ffba9b12ed399b73ca013b0a08d6027b4eb478da%3A2%3A%7Bi%3A0%3Bs%3A13%3A%22_csrf_backend%22%3Bi%3A1%3Bs%3A32%3A%22HhpxwAD4OIR2PyH6cHMB3jmy9iN4KOm4%22%3B%7D'
    'PATH' => 'D:\\install\\VMware\\VMware Workstation\\bin\\;C:\\WINDOWS\\system32;C:\\WINDOWS;C:\\WINDOWS\\System32\\Wbem;C:\\WINDOWS\\System32\\WindowsPowerShell\\v1.0\\;C:\\WINDOWS\\System32\\OpenSSH\\;D:\\soft\\Sublime Text3\\;D:\\install\\Java\\jdk1.8.0_211\\bin;D:\\install\\Java\\jre;D:\\wamp\\bin\\php\\php7.3.5;C:\\WINDOWS\\System32\\OpenSSH\\;d:\\install\\Python37\\Scripts;D:\\install\\Planner\\gtk2\\GTK2-Runtime\\bin;D:\\wamp\\bin\\php\\php7.4.11;D:\\install\\Xshell 7\\;D:\\soft\\sublimetext4\\Sublime Text\\ctags58;D:\\install\\微信web开发者工具\\;all\\no;ejs\\;all\\To;toiseGit\\bin;D:\\install\\Git\\cmd;D:\\install\\Git\\Git\\cmd;D:\\install\\nodejs\\node_global;D:\\install\\nodejs\\node_cache;D:\\install\\Go\\bin;D:\\wamp64\\bin\\php\\php7.4.33;C:\\ProgramData\\ComposerSetup\\bin;d:\\install\\wxkfzgj\\微信web开发者工具\\dll;D:\\install\\nodejs\\;d:\\install\\微信web开发者工具\\dll;C:\\WINDOWS\\system32\\config\\systemprofile\\AppData\\Local\\Microsoft\\WindowsApps'
    'SystemRoot' => 'C:\\WINDOWS'
    'COMSPEC' => 'C:\\WINDOWS\\system32\\cmd.exe'
    'PATHEXT' => '.COM;.EXE;.BAT;.CMD;.VBS;.VBE;.JS;.JSE;.WSF;.WSH;.MSC'
    'WINDIR' => 'C:\\WINDOWS'
    'SERVER_SIGNATURE' => '<address>Apache/2.4.54 (Win64) PHP/7.4.33 mod_fcgid/2.3.10-dev Server at car.cso123.com Port 80</address>
'
    'SERVER_SOFTWARE' => 'Apache/2.4.54 (Win64) PHP/7.4.33 mod_fcgid/2.3.10-dev'
    'SERVER_NAME' => 'car.cso123.com'
    'SERVER_ADDR' => '127.0.0.1'
    'SERVER_PORT' => '80'
    'REMOTE_ADDR' => '127.0.0.1'
    'DOCUMENT_ROOT' => 'D:/wamp64/www/feehinew/frontend/web'
    'REQUEST_SCHEME' => 'http'
    'CONTEXT_PREFIX' => ''
    'CONTEXT_DOCUMENT_ROOT' => 'D:/wamp64/www/feehinew/frontend/web'
    'SERVER_ADMIN' => 'wampserver@wampserver.invalid'
    'SCRIPT_FILENAME' => 'D:/wamp64/www/feehinew/frontend/web/admin/index.php'
    'REMOTE_PORT' => '58262'
    'GATEWAY_INTERFACE' => 'CGI/1.1'
    'SERVER_PROTOCOL' => 'HTTP/1.1'
    'REQUEST_METHOD' => 'GET'
    'QUERY_STRING' => 'r=site%2Fmain'
    'REQUEST_URI' => '/admin/index.php?r=site%2Fmain'
    'SCRIPT_NAME' => '/admin/index.php'
    'PHP_SELF' => '/admin/index.php'
    'REQUEST_TIME_FLOAT' => 1695709217.5173
    'REQUEST_TIME' => 1695709217
    'argv' => [
        0 => 'r=site%2Fmain'
    ]
    'argc' => 1
]
2023-09-26 14:20:18 [127.0.0.1][1][-][warning][yii\debug\Module::checkAccess] Access to debugger is denied due to IP address restriction. The requesting IP address is 127.0.0.1
    in D:\wamp64\www\feehinew\backend\views\site\index.php:262
    in D:\wamp64\www\feehinew\backend\controllers\SiteController.php:99
2023-09-26 14:20:18 [127.0.0.1][1][-][warning][yii\debug\Module::checkAccess] Access to debugger is denied due to IP address restriction. The requesting IP address is 127.0.0.1
2023-09-26 14:20:18 [127.0.0.1][1][-][info][application] $_GET = [
    '_' => '1695709218286'
]

$_POST = []

$_FILES = []

$_COOKIE = [
    'PHPSESSID' => 'k1vdde45n059g7rg4g6jiff1gs'
    '_csrf' => '077a1ce7668a8fe5e2ee94eab449881a2e6873264fcf949b195392a93e66954da:2:{i:0;s:5:\"_csrf\";i:1;s:32:\"XMh3QU4RSwE44r3i3bJJbSR1gofxGDcM\";}'
    'BACKEND_FEEHICMS' => 'gpnofnro5pha7im4kq8nnvq11r'
    '_csrf_backend' => 'af8e48da3c96a8795378f9866ffba9b12ed399b73ca013b0a08d6027b4eb478da:2:{i:0;s:13:\"_csrf_backend\";i:1;s:32:\"HhpxwAD4OIR2PyH6cHMB3jmy9iN4KOm4\";}'
]

$_SESSION = [
    '__flash' => []
    '_backend_returnUrl' => '/admin/'
    '__captcha/site/captcha' => 'zuti'
    '__captcha/site/captchacount' => 1
    '__backend__id' => 1
    '_create_referer' => 'http://car.cso123.com/admin/index.php?r=rbac%2Froles'
    '_update_referer' => 'http://car.cso123.com/admin/index.php?r=management%2Findex'
]

$_SERVER = [
    'HTTP_HOST' => 'car.cso123.com'
    'HTTP_CONNECTION' => 'keep-alive'
    'HTTP_ACCEPT' => 'text/javascript, application/javascript, application/ecmascript, application/x-ecmascript, */*; q=0.01'
    'HTTP_X_CSRF_TOKEN' => '7A2dbzj6Sbv-PAvF76-31_a6rd-jiRbabxdw7BXLoBGkZe0XT7sNj7F1Wfe_1v_hlfLgnZDje6NWfj7YXoTNJQ=='
    'HTTP_USER_AGENT' => 'Mozilla/5.0 (Windows NT 10.0; WOW64) AppleWebKit/537.36 (KHTML, like Gecko) Chrome/94.0.4606.71 Safari/537.36 SE 2.X MetaSr 1.0'
    'HTTP_X_REQUESTED_WITH' => 'XMLHttpRequest'
    'HTTP_REFERER' => 'http://car.cso123.com/admin/index.php?r=site%2Fmain'
    'HTTP_ACCEPT_ENCODING' => 'gzip, deflate'
    'HTTP_ACCEPT_LANGUAGE' => 'zh-CN,zh;q=0.9'
    'HTTP_COOKIE' => 'PHPSESSID=k1vdde45n059g7rg4g6jiff1gs; _csrf=077a1ce7668a8fe5e2ee94eab449881a2e6873264fcf949b195392a93e66954da%3A2%3A%7Bi%3A0%3Bs%3A5%3A%22_csrf%22%3Bi%3A1%3Bs%3A32%3A%22XMh3QU4RSwE44r3i3bJJbSR1gofxGDcM%22%3B%7D; BACKEND_FEEHICMS=gpnofnro5pha7im4kq8nnvq11r; _csrf_backend=af8e48da3c96a8795378f9866ffba9b12ed399b73ca013b0a08d6027b4eb478da%3A2%3A%7Bi%3A0%3Bs%3A13%3A%22_csrf_backend%22%3Bi%3A1%3Bs%3A32%3A%22HhpxwAD4OIR2PyH6cHMB3jmy9iN4KOm4%22%3B%7D'
    'PATH' => 'D:\\install\\VMware\\VMware Workstation\\bin\\;C:\\WINDOWS\\system32;C:\\WINDOWS;C:\\WINDOWS\\System32\\Wbem;C:\\WINDOWS\\System32\\WindowsPowerShell\\v1.0\\;C:\\WINDOWS\\System32\\OpenSSH\\;D:\\soft\\Sublime Text3\\;D:\\install\\Java\\jdk1.8.0_211\\bin;D:\\install\\Java\\jre;D:\\wamp\\bin\\php\\php7.3.5;C:\\WINDOWS\\System32\\OpenSSH\\;d:\\install\\Python37\\Scripts;D:\\install\\Planner\\gtk2\\GTK2-Runtime\\bin;D:\\wamp\\bin\\php\\php7.4.11;D:\\install\\Xshell 7\\;D:\\soft\\sublimetext4\\Sublime Text\\ctags58;D:\\install\\微信web开发者工具\\;all\\no;ejs\\;all\\To;toiseGit\\bin;D:\\install\\Git\\cmd;D:\\install\\Git\\Git\\cmd;D:\\install\\nodejs\\node_global;D:\\install\\nodejs\\node_cache;D:\\install\\Go\\bin;D:\\wamp64\\bin\\php\\php7.4.33;C:\\ProgramData\\ComposerSetup\\bin;d:\\install\\wxkfzgj\\微信web开发者工具\\dll;D:\\install\\nodejs\\;d:\\install\\微信web开发者工具\\dll;C:\\WINDOWS\\system32\\config\\systemprofile\\AppData\\Local\\Microsoft\\WindowsApps'
    'SystemRoot' => 'C:\\WINDOWS'
    'COMSPEC' => 'C:\\WINDOWS\\system32\\cmd.exe'
    'PATHEXT' => '.COM;.EXE;.BAT;.CMD;.VBS;.VBE;.JS;.JSE;.WSF;.WSH;.MSC'
    'WINDIR' => 'C:\\WINDOWS'
    'SERVER_SIGNATURE' => '<address>Apache/2.4.54 (Win64) PHP/7.4.33 mod_fcgid/2.3.10-dev Server at car.cso123.com Port 80</address>
'
    'SERVER_SOFTWARE' => 'Apache/2.4.54 (Win64) PHP/7.4.33 mod_fcgid/2.3.10-dev'
    'SERVER_NAME' => 'car.cso123.com'
    'SERVER_ADDR' => '127.0.0.1'
    'SERVER_PORT' => '80'
    'REMOTE_ADDR' => '127.0.0.1'
    'DOCUMENT_ROOT' => 'D:/wamp64/www/feehinew/frontend/web'
    'REQUEST_SCHEME' => 'http'
    'CONTEXT_PREFIX' => ''
    'CONTEXT_DOCUMENT_ROOT' => 'D:/wamp64/www/feehinew/frontend/web'
    'SERVER_ADMIN' => 'wampserver@wampserver.invalid'
    'SCRIPT_FILENAME' => 'D:/wamp64/www/feehinew/frontend/web/admin/index.php'
    'REMOTE_PORT' => '58262'
    'GATEWAY_INTERFACE' => 'CGI/1.1'
    'SERVER_PROTOCOL' => 'HTTP/1.1'
    'REQUEST_METHOD' => 'GET'
    'QUERY_STRING' => '_=1695709218286'
    'REQUEST_URI' => '/admin/index.php?_=1695709218286'
    'SCRIPT_NAME' => '/admin/index.php'
    'PHP_SELF' => '/admin/index.php'
    'REQUEST_TIME_FLOAT' => 1695709218.386
    'REQUEST_TIME' => 1695709218
    'argv' => [
        0 => '_=1695709218286'
    ]
    'argc' => 1
]
2023-09-26 14:20:19 [127.0.0.1][1][-][warning][yii\debug\Module::checkAccess] Access to debugger is denied due to IP address restriction. The requesting IP address is 127.0.0.1
    in D:\wamp64\www\feehinew\backend\views\layouts\main.php:35
    in D:\wamp64\www\feehinew\backend\actions\IndexAction.php:76
2023-09-26 14:20:19 [127.0.0.1][1][-][warning][yii\debug\Module::checkAccess] Access to debugger is denied due to IP address restriction. The requesting IP address is 127.0.0.1
2023-09-26 14:20:19 [127.0.0.1][1][-][info][application] $_GET = [
    'r' => 'user/index'
]

$_POST = []

$_FILES = []

$_COOKIE = [
    'PHPSESSID' => 'k1vdde45n059g7rg4g6jiff1gs'
    '_csrf' => '077a1ce7668a8fe5e2ee94eab449881a2e6873264fcf949b195392a93e66954da:2:{i:0;s:5:\"_csrf\";i:1;s:32:\"XMh3QU4RSwE44r3i3bJJbSR1gofxGDcM\";}'
    'BACKEND_FEEHICMS' => 'gpnofnro5pha7im4kq8nnvq11r'
    '_csrf_backend' => 'af8e48da3c96a8795378f9866ffba9b12ed399b73ca013b0a08d6027b4eb478da:2:{i:0;s:13:\"_csrf_backend\";i:1;s:32:\"HhpxwAD4OIR2PyH6cHMB3jmy9iN4KOm4\";}'
]

$_SESSION = [
    '__flash' => []
    '_backend_returnUrl' => '/admin/'
    '__captcha/site/captcha' => 'zuti'
    '__captcha/site/captchacount' => 1
    '__backend__id' => 1
    '_create_referer' => 'http://car.cso123.com/admin/index.php?r=rbac%2Froles'
    '_update_referer' => 'http://car.cso123.com/admin/index.php?r=management%2Findex'
]

$_SERVER = [
    'HTTP_HOST' => 'car.cso123.com'
    'HTTP_CONNECTION' => 'keep-alive'
    'HTTP_UPGRADE_INSECURE_REQUESTS' => '1'
    'HTTP_USER_AGENT' => 'Mozilla/5.0 (Windows NT 10.0; WOW64) AppleWebKit/537.36 (KHTML, like Gecko) Chrome/94.0.4606.71 Safari/537.36 SE 2.X MetaSr 1.0'
    'HTTP_ACCEPT' => 'text/html,application/xhtml+xml,application/xml;q=0.9,image/avif,image/webp,image/apng,*/*;q=0.8,application/signed-exchange;v=b3;q=0.9'
    'HTTP_REFERER' => 'http://car.cso123.com/admin/'
    'HTTP_ACCEPT_ENCODING' => 'gzip, deflate'
    'HTTP_ACCEPT_LANGUAGE' => 'zh-CN,zh;q=0.9'
    'HTTP_COOKIE' => 'PHPSESSID=k1vdde45n059g7rg4g6jiff1gs; _csrf=077a1ce7668a8fe5e2ee94eab449881a2e6873264fcf949b195392a93e66954da%3A2%3A%7Bi%3A0%3Bs%3A5%3A%22_csrf%22%3Bi%3A1%3Bs%3A32%3A%22XMh3QU4RSwE44r3i3bJJbSR1gofxGDcM%22%3B%7D; BACKEND_FEEHICMS=gpnofnro5pha7im4kq8nnvq11r; _csrf_backend=af8e48da3c96a8795378f9866ffba9b12ed399b73ca013b0a08d6027b4eb478da%3A2%3A%7Bi%3A0%3Bs%3A13%3A%22_csrf_backend%22%3Bi%3A1%3Bs%3A32%3A%22HhpxwAD4OIR2PyH6cHMB3jmy9iN4KOm4%22%3B%7D'
    'PATH' => 'D:\\install\\VMware\\VMware Workstation\\bin\\;C:\\WINDOWS\\system32;C:\\WINDOWS;C:\\WINDOWS\\System32\\Wbem;C:\\WINDOWS\\System32\\WindowsPowerShell\\v1.0\\;C:\\WINDOWS\\System32\\OpenSSH\\;D:\\soft\\Sublime Text3\\;D:\\install\\Java\\jdk1.8.0_211\\bin;D:\\install\\Java\\jre;D:\\wamp\\bin\\php\\php7.3.5;C:\\WINDOWS\\System32\\OpenSSH\\;d:\\install\\Python37\\Scripts;D:\\install\\Planner\\gtk2\\GTK2-Runtime\\bin;D:\\wamp\\bin\\php\\php7.4.11;D:\\install\\Xshell 7\\;D:\\soft\\sublimetext4\\Sublime Text\\ctags58;D:\\install\\微信web开发者工具\\;all\\no;ejs\\;all\\To;toiseGit\\bin;D:\\install\\Git\\cmd;D:\\install\\Git\\Git\\cmd;D:\\install\\nodejs\\node_global;D:\\install\\nodejs\\node_cache;D:\\install\\Go\\bin;D:\\wamp64\\bin\\php\\php7.4.33;C:\\ProgramData\\ComposerSetup\\bin;d:\\install\\wxkfzgj\\微信web开发者工具\\dll;D:\\install\\nodejs\\;d:\\install\\微信web开发者工具\\dll;C:\\WINDOWS\\system32\\config\\systemprofile\\AppData\\Local\\Microsoft\\WindowsApps'
    'SystemRoot' => 'C:\\WINDOWS'
    'COMSPEC' => 'C:\\WINDOWS\\system32\\cmd.exe'
    'PATHEXT' => '.COM;.EXE;.BAT;.CMD;.VBS;.VBE;.JS;.JSE;.WSF;.WSH;.MSC'
    'WINDIR' => 'C:\\WINDOWS'
    'SERVER_SIGNATURE' => '<address>Apache/2.4.54 (Win64) PHP/7.4.33 mod_fcgid/2.3.10-dev Server at car.cso123.com Port 80</address>
'
    'SERVER_SOFTWARE' => 'Apache/2.4.54 (Win64) PHP/7.4.33 mod_fcgid/2.3.10-dev'
    'SERVER_NAME' => 'car.cso123.com'
    'SERVER_ADDR' => '127.0.0.1'
    'SERVER_PORT' => '80'
    'REMOTE_ADDR' => '127.0.0.1'
    'DOCUMENT_ROOT' => 'D:/wamp64/www/feehinew/frontend/web'
    'REQUEST_SCHEME' => 'http'
    'CONTEXT_PREFIX' => ''
    'CONTEXT_DOCUMENT_ROOT' => 'D:/wamp64/www/feehinew/frontend/web'
    'SERVER_ADMIN' => 'wampserver@wampserver.invalid'
    'SCRIPT_FILENAME' => 'D:/wamp64/www/feehinew/frontend/web/admin/index.php'
    'REMOTE_PORT' => '58262'
    'GATEWAY_INTERFACE' => 'CGI/1.1'
    'SERVER_PROTOCOL' => 'HTTP/1.1'
    'REQUEST_METHOD' => 'GET'
    'QUERY_STRING' => 'r=user%2Findex'
    'REQUEST_URI' => '/admin/index.php?r=user%2Findex'
    'SCRIPT_NAME' => '/admin/index.php'
    'PHP_SELF' => '/admin/index.php'
    'REQUEST_TIME_FLOAT' => 1695709219.3514
    'REQUEST_TIME' => 1695709219
    'argv' => [
        0 => 'r=user%2Findex'
    ]
    'argc' => 1
]
2023-09-26 14:20:38 [127.0.0.1][1][-][warning][yii\debug\Module::checkAccess] Access to debugger is denied due to IP address restriction. The requesting IP address is 127.0.0.1
    in D:\wamp64\www\feehinew\backend\views\layouts\main.php:35
    in D:\wamp64\www\feehinew\backend\actions\ViewAction.php:66
2023-09-26 14:20:38 [127.0.0.1][1][-][warning][yii\debug\Module::checkAccess] Access to debugger is denied due to IP address restriction. The requesting IP address is 127.0.0.1
2023-09-26 14:20:38 [127.0.0.1][1][-][info][application] $_GET = [
    'r' => 'user/view-layer'
    'id' => '3'
]

$_POST = []

$_FILES = []

$_COOKIE = [
    'PHPSESSID' => 'k1vdde45n059g7rg4g6jiff1gs'
    '_csrf' => '077a1ce7668a8fe5e2ee94eab449881a2e6873264fcf949b195392a93e66954da:2:{i:0;s:5:\"_csrf\";i:1;s:32:\"XMh3QU4RSwE44r3i3bJJbSR1gofxGDcM\";}'
    'BACKEND_FEEHICMS' => 'gpnofnro5pha7im4kq8nnvq11r'
    '_csrf_backend' => 'af8e48da3c96a8795378f9866ffba9b12ed399b73ca013b0a08d6027b4eb478da:2:{i:0;s:13:\"_csrf_backend\";i:1;s:32:\"HhpxwAD4OIR2PyH6cHMB3jmy9iN4KOm4\";}'
]

$_SESSION = [
    '__flash' => []
    '_backend_returnUrl' => '/admin/'
    '__captcha/site/captcha' => 'zuti'
    '__captcha/site/captchacount' => 1
    '__backend__id' => 1
    '_create_referer' => 'http://car.cso123.com/admin/index.php?r=rbac%2Froles'
    '_update_referer' => 'http://car.cso123.com/admin/index.php?r=management%2Findex'
]

$_SERVER = [
    'HTTP_HOST' => 'car.cso123.com'
    'HTTP_CONNECTION' => 'keep-alive'
    'HTTP_UPGRADE_INSECURE_REQUESTS' => '1'
    'HTTP_USER_AGENT' => 'Mozilla/5.0 (Windows NT 10.0; WOW64) AppleWebKit/537.36 (KHTML, like Gecko) Chrome/94.0.4606.71 Safari/537.36 SE 2.X MetaSr 1.0'
    'HTTP_ACCEPT' => 'text/html,application/xhtml+xml,application/xml;q=0.9,image/avif,image/webp,image/apng,*/*;q=0.8,application/signed-exchange;v=b3;q=0.9'
    'HTTP_REFERER' => 'http://car.cso123.com/admin/index.php?r=user%2Findex'
    'HTTP_ACCEPT_ENCODING' => 'gzip, deflate'
    'HTTP_ACCEPT_LANGUAGE' => 'zh-CN,zh;q=0.9'
    'HTTP_COOKIE' => 'PHPSESSID=k1vdde45n059g7rg4g6jiff1gs; _csrf=077a1ce7668a8fe5e2ee94eab449881a2e6873264fcf949b195392a93e66954da%3A2%3A%7Bi%3A0%3Bs%3A5%3A%22_csrf%22%3Bi%3A1%3Bs%3A32%3A%22XMh3QU4RSwE44r3i3bJJbSR1gofxGDcM%22%3B%7D; BACKEND_FEEHICMS=gpnofnro5pha7im4kq8nnvq11r; _csrf_backend=af8e48da3c96a8795378f9866ffba9b12ed399b73ca013b0a08d6027b4eb478da%3A2%3A%7Bi%3A0%3Bs%3A13%3A%22_csrf_backend%22%3Bi%3A1%3Bs%3A32%3A%22HhpxwAD4OIR2PyH6cHMB3jmy9iN4KOm4%22%3B%7D'
    'PATH' => 'D:\\install\\VMware\\VMware Workstation\\bin\\;C:\\WINDOWS\\system32;C:\\WINDOWS;C:\\WINDOWS\\System32\\Wbem;C:\\WINDOWS\\System32\\WindowsPowerShell\\v1.0\\;C:\\WINDOWS\\System32\\OpenSSH\\;D:\\soft\\Sublime Text3\\;D:\\install\\Java\\jdk1.8.0_211\\bin;D:\\install\\Java\\jre;D:\\wamp\\bin\\php\\php7.3.5;C:\\WINDOWS\\System32\\OpenSSH\\;d:\\install\\Python37\\Scripts;D:\\install\\Planner\\gtk2\\GTK2-Runtime\\bin;D:\\wamp\\bin\\php\\php7.4.11;D:\\install\\Xshell 7\\;D:\\soft\\sublimetext4\\Sublime Text\\ctags58;D:\\install\\微信web开发者工具\\;all\\no;ejs\\;all\\To;toiseGit\\bin;D:\\install\\Git\\cmd;D:\\install\\Git\\Git\\cmd;D:\\install\\nodejs\\node_global;D:\\install\\nodejs\\node_cache;D:\\install\\Go\\bin;D:\\wamp64\\bin\\php\\php7.4.33;C:\\ProgramData\\ComposerSetup\\bin;d:\\install\\wxkfzgj\\微信web开发者工具\\dll;D:\\install\\nodejs\\;d:\\install\\微信web开发者工具\\dll;C:\\WINDOWS\\system32\\config\\systemprofile\\AppData\\Local\\Microsoft\\WindowsApps'
    'SystemRoot' => 'C:\\WINDOWS'
    'COMSPEC' => 'C:\\WINDOWS\\system32\\cmd.exe'
    'PATHEXT' => '.COM;.EXE;.BAT;.CMD;.VBS;.VBE;.JS;.JSE;.WSF;.WSH;.MSC'
    'WINDIR' => 'C:\\WINDOWS'
    'SERVER_SIGNATURE' => '<address>Apache/2.4.54 (Win64) PHP/7.4.33 mod_fcgid/2.3.10-dev Server at car.cso123.com Port 80</address>
'
    'SERVER_SOFTWARE' => 'Apache/2.4.54 (Win64) PHP/7.4.33 mod_fcgid/2.3.10-dev'
    'SERVER_NAME' => 'car.cso123.com'
    'SERVER_ADDR' => '127.0.0.1'
    'SERVER_PORT' => '80'
    'REMOTE_ADDR' => '127.0.0.1'
    'DOCUMENT_ROOT' => 'D:/wamp64/www/feehinew/frontend/web'
    'REQUEST_SCHEME' => 'http'
    'CONTEXT_PREFIX' => ''
    'CONTEXT_DOCUMENT_ROOT' => 'D:/wamp64/www/feehinew/frontend/web'
    'SERVER_ADMIN' => 'wampserver@wampserver.invalid'
    'SCRIPT_FILENAME' => 'D:/wamp64/www/feehinew/frontend/web/admin/index.php'
    'REMOTE_PORT' => '61011'
    'GATEWAY_INTERFACE' => 'CGI/1.1'
    'SERVER_PROTOCOL' => 'HTTP/1.1'
    'REQUEST_METHOD' => 'GET'
    'QUERY_STRING' => 'r=user%2Fview-layer&id=3'
    'REQUEST_URI' => '/admin/index.php?r=user%2Fview-layer&id=3'
    'SCRIPT_NAME' => '/admin/index.php'
    'PHP_SELF' => '/admin/index.php'
    'REQUEST_TIME_FLOAT' => 1695709238.155
    'REQUEST_TIME' => 1695709238
    'argv' => [
        0 => 'r=user%2Fview-layer&id=3'
    ]
    'argc' => 1
]
2023-09-26 14:20:43 [127.0.0.1][1][-][warning][yii\debug\Module::checkAccess] Access to debugger is denied due to IP address restriction. The requesting IP address is 127.0.0.1
    in D:\wamp64\www\feehinew\backend\views\layouts\main.php:35
    in D:\wamp64\www\feehinew\backend\actions\UpdateAction.php:153
2023-09-26 14:20:43 [127.0.0.1][1][-][warning][yii\debug\Module::checkAccess] Access to debugger is denied due to IP address restriction. The requesting IP address is 127.0.0.1
2023-09-26 14:20:42 [127.0.0.1][1][-][info][application] $_GET = [
    'r' => 'user/update'
    'id' => '3'
]

$_POST = []

$_FILES = []

$_COOKIE = [
    'PHPSESSID' => 'k1vdde45n059g7rg4g6jiff1gs'
    '_csrf' => '077a1ce7668a8fe5e2ee94eab449881a2e6873264fcf949b195392a93e66954da:2:{i:0;s:5:\"_csrf\";i:1;s:32:\"XMh3QU4RSwE44r3i3bJJbSR1gofxGDcM\";}'
    'BACKEND_FEEHICMS' => 'gpnofnro5pha7im4kq8nnvq11r'
    '_csrf_backend' => 'af8e48da3c96a8795378f9866ffba9b12ed399b73ca013b0a08d6027b4eb478da:2:{i:0;s:13:\"_csrf_backend\";i:1;s:32:\"HhpxwAD4OIR2PyH6cHMB3jmy9iN4KOm4\";}'
]

$_SESSION = [
    '__flash' => []
    '_backend_returnUrl' => '/admin/'
    '__captcha/site/captcha' => 'zuti'
    '__captcha/site/captchacount' => 1
    '__backend__id' => 1
    '_create_referer' => 'http://car.cso123.com/admin/index.php?r=rbac%2Froles'
    '_update_referer' => 'http://car.cso123.com/admin/index.php?r=user%2Findex'
]

$_SERVER = [
    'HTTP_HOST' => 'car.cso123.com'
    'HTTP_CONNECTION' => 'keep-alive'
    'HTTP_UPGRADE_INSECURE_REQUESTS' => '1'
    'HTTP_USER_AGENT' => 'Mozilla/5.0 (Windows NT 10.0; WOW64) AppleWebKit/537.36 (KHTML, like Gecko) Chrome/94.0.4606.71 Safari/537.36 SE 2.X MetaSr 1.0'
    'HTTP_ACCEPT' => 'text/html,application/xhtml+xml,application/xml;q=0.9,image/avif,image/webp,image/apng,*/*;q=0.8,application/signed-exchange;v=b3;q=0.9'
    'HTTP_REFERER' => 'http://car.cso123.com/admin/index.php?r=user%2Findex'
    'HTTP_ACCEPT_ENCODING' => 'gzip, deflate'
    'HTTP_ACCEPT_LANGUAGE' => 'zh-CN,zh;q=0.9'
    'HTTP_COOKIE' => 'PHPSESSID=k1vdde45n059g7rg4g6jiff1gs; _csrf=077a1ce7668a8fe5e2ee94eab449881a2e6873264fcf949b195392a93e66954da%3A2%3A%7Bi%3A0%3Bs%3A5%3A%22_csrf%22%3Bi%3A1%3Bs%3A32%3A%22XMh3QU4RSwE44r3i3bJJbSR1gofxGDcM%22%3B%7D; BACKEND_FEEHICMS=gpnofnro5pha7im4kq8nnvq11r; _csrf_backend=af8e48da3c96a8795378f9866ffba9b12ed399b73ca013b0a08d6027b4eb478da%3A2%3A%7Bi%3A0%3Bs%3A13%3A%22_csrf_backend%22%3Bi%3A1%3Bs%3A32%3A%22HhpxwAD4OIR2PyH6cHMB3jmy9iN4KOm4%22%3B%7D'
    'PATH' => 'D:\\install\\VMware\\VMware Workstation\\bin\\;C:\\WINDOWS\\system32;C:\\WINDOWS;C:\\WINDOWS\\System32\\Wbem;C:\\WINDOWS\\System32\\WindowsPowerShell\\v1.0\\;C:\\WINDOWS\\System32\\OpenSSH\\;D:\\soft\\Sublime Text3\\;D:\\install\\Java\\jdk1.8.0_211\\bin;D:\\install\\Java\\jre;D:\\wamp\\bin\\php\\php7.3.5;C:\\WINDOWS\\System32\\OpenSSH\\;d:\\install\\Python37\\Scripts;D:\\install\\Planner\\gtk2\\GTK2-Runtime\\bin;D:\\wamp\\bin\\php\\php7.4.11;D:\\install\\Xshell 7\\;D:\\soft\\sublimetext4\\Sublime Text\\ctags58;D:\\install\\微信web开发者工具\\;all\\no;ejs\\;all\\To;toiseGit\\bin;D:\\install\\Git\\cmd;D:\\install\\Git\\Git\\cmd;D:\\install\\nodejs\\node_global;D:\\install\\nodejs\\node_cache;D:\\install\\Go\\bin;D:\\wamp64\\bin\\php\\php7.4.33;C:\\ProgramData\\ComposerSetup\\bin;d:\\install\\wxkfzgj\\微信web开发者工具\\dll;D:\\install\\nodejs\\;d:\\install\\微信web开发者工具\\dll;C:\\WINDOWS\\system32\\config\\systemprofile\\AppData\\Local\\Microsoft\\WindowsApps'
    'SystemRoot' => 'C:\\WINDOWS'
    'COMSPEC' => 'C:\\WINDOWS\\system32\\cmd.exe'
    'PATHEXT' => '.COM;.EXE;.BAT;.CMD;.VBS;.VBE;.JS;.JSE;.WSF;.WSH;.MSC'
    'WINDIR' => 'C:\\WINDOWS'
    'SERVER_SIGNATURE' => '<address>Apache/2.4.54 (Win64) PHP/7.4.33 mod_fcgid/2.3.10-dev Server at car.cso123.com Port 80</address>
'
    'SERVER_SOFTWARE' => 'Apache/2.4.54 (Win64) PHP/7.4.33 mod_fcgid/2.3.10-dev'
    'SERVER_NAME' => 'car.cso123.com'
    'SERVER_ADDR' => '127.0.0.1'
    'SERVER_PORT' => '80'
    'REMOTE_ADDR' => '127.0.0.1'
    'DOCUMENT_ROOT' => 'D:/wamp64/www/feehinew/frontend/web'
    'REQUEST_SCHEME' => 'http'
    'CONTEXT_PREFIX' => ''
    'CONTEXT_DOCUMENT_ROOT' => 'D:/wamp64/www/feehinew/frontend/web'
    'SERVER_ADMIN' => 'wampserver@wampserver.invalid'
    'SCRIPT_FILENAME' => 'D:/wamp64/www/feehinew/frontend/web/admin/index.php'
    'REMOTE_PORT' => '61011'
    'GATEWAY_INTERFACE' => 'CGI/1.1'
    'SERVER_PROTOCOL' => 'HTTP/1.1'
    'REQUEST_METHOD' => 'GET'
    'QUERY_STRING' => 'r=user%2Fupdate&id=3'
    'REQUEST_URI' => '/admin/index.php?r=user%2Fupdate&id=3'
    'SCRIPT_NAME' => '/admin/index.php'
    'PHP_SELF' => '/admin/index.php'
    'REQUEST_TIME_FLOAT' => 1695709242.9836
    'REQUEST_TIME' => 1695709242
    'argv' => [
        0 => 'r=user%2Fupdate&id=3'
    ]
    'argc' => 1
]
2023-09-26 14:20:45 [127.0.0.1][1][-][warning][yii\debug\Module::checkAccess] Access to debugger is denied due to IP address restriction. The requesting IP address is 127.0.0.1
    in D:\wamp64\www\feehinew\backend\views\layouts\main.php:35
    in D:\wamp64\www\feehinew\backend\actions\IndexAction.php:76
2023-09-26 14:20:45 [127.0.0.1][1][-][warning][yii\debug\Module::checkAccess] Access to debugger is denied due to IP address restriction. The requesting IP address is 127.0.0.1
2023-09-26 14:20:45 [127.0.0.1][1][-][info][application] $_GET = [
    'r' => 'user/index'
]

$_POST = []

$_FILES = []

$_COOKIE = [
    'PHPSESSID' => 'k1vdde45n059g7rg4g6jiff1gs'
    '_csrf' => '077a1ce7668a8fe5e2ee94eab449881a2e6873264fcf949b195392a93e66954da:2:{i:0;s:5:\"_csrf\";i:1;s:32:\"XMh3QU4RSwE44r3i3bJJbSR1gofxGDcM\";}'
    'BACKEND_FEEHICMS' => 'gpnofnro5pha7im4kq8nnvq11r'
    '_csrf_backend' => 'af8e48da3c96a8795378f9866ffba9b12ed399b73ca013b0a08d6027b4eb478da:2:{i:0;s:13:\"_csrf_backend\";i:1;s:32:\"HhpxwAD4OIR2PyH6cHMB3jmy9iN4KOm4\";}'
]

$_SESSION = [
    '__flash' => []
    '_backend_returnUrl' => '/admin/'
    '__captcha/site/captcha' => 'zuti'
    '__captcha/site/captchacount' => 1
    '__backend__id' => 1
    '_create_referer' => 'http://car.cso123.com/admin/index.php?r=rbac%2Froles'
    '_update_referer' => 'http://car.cso123.com/admin/index.php?r=user%2Findex'
]

$_SERVER = [
    'HTTP_HOST' => 'car.cso123.com'
    'HTTP_CONNECTION' => 'keep-alive'
    'HTTP_UPGRADE_INSECURE_REQUESTS' => '1'
    'HTTP_USER_AGENT' => 'Mozilla/5.0 (Windows NT 10.0; WOW64) AppleWebKit/537.36 (KHTML, like Gecko) Chrome/94.0.4606.71 Safari/537.36 SE 2.X MetaSr 1.0'
    'HTTP_ACCEPT' => 'text/html,application/xhtml+xml,application/xml;q=0.9,image/avif,image/webp,image/apng,*/*;q=0.8,application/signed-exchange;v=b3;q=0.9'
    'HTTP_REFERER' => 'http://car.cso123.com/admin/'
    'HTTP_ACCEPT_ENCODING' => 'gzip, deflate'
    'HTTP_ACCEPT_LANGUAGE' => 'zh-CN,zh;q=0.9'
    'HTTP_COOKIE' => 'PHPSESSID=k1vdde45n059g7rg4g6jiff1gs; _csrf=077a1ce7668a8fe5e2ee94eab449881a2e6873264fcf949b195392a93e66954da%3A2%3A%7Bi%3A0%3Bs%3A5%3A%22_csrf%22%3Bi%3A1%3Bs%3A32%3A%22XMh3QU4RSwE44r3i3bJJbSR1gofxGDcM%22%3B%7D; BACKEND_FEEHICMS=gpnofnro5pha7im4kq8nnvq11r; _csrf_backend=af8e48da3c96a8795378f9866ffba9b12ed399b73ca013b0a08d6027b4eb478da%3A2%3A%7Bi%3A0%3Bs%3A13%3A%22_csrf_backend%22%3Bi%3A1%3Bs%3A32%3A%22HhpxwAD4OIR2PyH6cHMB3jmy9iN4KOm4%22%3B%7D'
    'PATH' => 'D:\\install\\VMware\\VMware Workstation\\bin\\;C:\\WINDOWS\\system32;C:\\WINDOWS;C:\\WINDOWS\\System32\\Wbem;C:\\WINDOWS\\System32\\WindowsPowerShell\\v1.0\\;C:\\WINDOWS\\System32\\OpenSSH\\;D:\\soft\\Sublime Text3\\;D:\\install\\Java\\jdk1.8.0_211\\bin;D:\\install\\Java\\jre;D:\\wamp\\bin\\php\\php7.3.5;C:\\WINDOWS\\System32\\OpenSSH\\;d:\\install\\Python37\\Scripts;D:\\install\\Planner\\gtk2\\GTK2-Runtime\\bin;D:\\wamp\\bin\\php\\php7.4.11;D:\\install\\Xshell 7\\;D:\\soft\\sublimetext4\\Sublime Text\\ctags58;D:\\install\\微信web开发者工具\\;all\\no;ejs\\;all\\To;toiseGit\\bin;D:\\install\\Git\\cmd;D:\\install\\Git\\Git\\cmd;D:\\install\\nodejs\\node_global;D:\\install\\nodejs\\node_cache;D:\\install\\Go\\bin;D:\\wamp64\\bin\\php\\php7.4.33;C:\\ProgramData\\ComposerSetup\\bin;d:\\install\\wxkfzgj\\微信web开发者工具\\dll;D:\\install\\nodejs\\;d:\\install\\微信web开发者工具\\dll;C:\\WINDOWS\\system32\\config\\systemprofile\\AppData\\Local\\Microsoft\\WindowsApps'
    'SystemRoot' => 'C:\\WINDOWS'
    'COMSPEC' => 'C:\\WINDOWS\\system32\\cmd.exe'
    'PATHEXT' => '.COM;.EXE;.BAT;.CMD;.VBS;.VBE;.JS;.JSE;.WSF;.WSH;.MSC'
    'WINDIR' => 'C:\\WINDOWS'
    'SERVER_SIGNATURE' => '<address>Apache/2.4.54 (Win64) PHP/7.4.33 mod_fcgid/2.3.10-dev Server at car.cso123.com Port 80</address>
'
    'SERVER_SOFTWARE' => 'Apache/2.4.54 (Win64) PHP/7.4.33 mod_fcgid/2.3.10-dev'
    'SERVER_NAME' => 'car.cso123.com'
    'SERVER_ADDR' => '127.0.0.1'
    'SERVER_PORT' => '80'
    'REMOTE_ADDR' => '127.0.0.1'
    'DOCUMENT_ROOT' => 'D:/wamp64/www/feehinew/frontend/web'
    'REQUEST_SCHEME' => 'http'
    'CONTEXT_PREFIX' => ''
    'CONTEXT_DOCUMENT_ROOT' => 'D:/wamp64/www/feehinew/frontend/web'
    'SERVER_ADMIN' => 'wampserver@wampserver.invalid'
    'SCRIPT_FILENAME' => 'D:/wamp64/www/feehinew/frontend/web/admin/index.php'
    'REMOTE_PORT' => '61011'
    'GATEWAY_INTERFACE' => 'CGI/1.1'
    'SERVER_PROTOCOL' => 'HTTP/1.1'
    'REQUEST_METHOD' => 'GET'
    'QUERY_STRING' => 'r=user%2Findex'
    'REQUEST_URI' => '/admin/index.php?r=user%2Findex'
    'SCRIPT_NAME' => '/admin/index.php'
    'PHP_SELF' => '/admin/index.php'
    'REQUEST_TIME_FLOAT' => 1695709245.6336
    'REQUEST_TIME' => 1695709245
    'argv' => [
        0 => 'r=user%2Findex'
    ]
    'argc' => 1
]
2023-09-26 14:20:55 [127.0.0.1][1][-][warning][yii\debug\Module::checkAccess] Access to debugger is denied due to IP address restriction. The requesting IP address is 127.0.0.1
    in D:\wamp64\www\feehinew\backend\views\layouts\main.php:35
    in D:\wamp64\www\feehinew\backend\actions\UpdateAction.php:153
2023-09-26 14:20:55 [127.0.0.1][1][-][warning][yii\debug\Module::checkAccess] Access to debugger is denied due to IP address restriction. The requesting IP address is 127.0.0.1
2023-09-26 14:20:55 [127.0.0.1][1][-][info][application] $_GET = [
    'r' => 'user/update'
    'id' => '3'
]

$_POST = []

$_FILES = []

$_COOKIE = [
    'PHPSESSID' => 'k1vdde45n059g7rg4g6jiff1gs'
    '_csrf' => '077a1ce7668a8fe5e2ee94eab449881a2e6873264fcf949b195392a93e66954da:2:{i:0;s:5:\"_csrf\";i:1;s:32:\"XMh3QU4RSwE44r3i3bJJbSR1gofxGDcM\";}'
    'BACKEND_FEEHICMS' => 'gpnofnro5pha7im4kq8nnvq11r'
    '_csrf_backend' => 'af8e48da3c96a8795378f9866ffba9b12ed399b73ca013b0a08d6027b4eb478da:2:{i:0;s:13:\"_csrf_backend\";i:1;s:32:\"HhpxwAD4OIR2PyH6cHMB3jmy9iN4KOm4\";}'
]

$_SESSION = [
    '__flash' => []
    '_backend_returnUrl' => '/admin/'
    '__captcha/site/captcha' => 'zuti'
    '__captcha/site/captchacount' => 1
    '__backend__id' => 1
    '_create_referer' => 'http://car.cso123.com/admin/index.php?r=rbac%2Froles'
    '_update_referer' => 'http://car.cso123.com/admin/index.php?r=user%2Findex'
]

$_SERVER = [
    'HTTP_HOST' => 'car.cso123.com'
    'HTTP_CONNECTION' => 'keep-alive'
    'HTTP_UPGRADE_INSECURE_REQUESTS' => '1'
    'HTTP_USER_AGENT' => 'Mozilla/5.0 (Windows NT 10.0; WOW64) AppleWebKit/537.36 (KHTML, like Gecko) Chrome/94.0.4606.71 Safari/537.36 SE 2.X MetaSr 1.0'
    'HTTP_ACCEPT' => 'text/html,application/xhtml+xml,application/xml;q=0.9,image/avif,image/webp,image/apng,*/*;q=0.8,application/signed-exchange;v=b3;q=0.9'
    'HTTP_REFERER' => 'http://car.cso123.com/admin/index.php?r=user%2Findex'
    'HTTP_ACCEPT_ENCODING' => 'gzip, deflate'
    'HTTP_ACCEPT_LANGUAGE' => 'zh-CN,zh;q=0.9'
    'HTTP_COOKIE' => 'PHPSESSID=k1vdde45n059g7rg4g6jiff1gs; _csrf=077a1ce7668a8fe5e2ee94eab449881a2e6873264fcf949b195392a93e66954da%3A2%3A%7Bi%3A0%3Bs%3A5%3A%22_csrf%22%3Bi%3A1%3Bs%3A32%3A%22XMh3QU4RSwE44r3i3bJJbSR1gofxGDcM%22%3B%7D; BACKEND_FEEHICMS=gpnofnro5pha7im4kq8nnvq11r; _csrf_backend=af8e48da3c96a8795378f9866ffba9b12ed399b73ca013b0a08d6027b4eb478da%3A2%3A%7Bi%3A0%3Bs%3A13%3A%22_csrf_backend%22%3Bi%3A1%3Bs%3A32%3A%22HhpxwAD4OIR2PyH6cHMB3jmy9iN4KOm4%22%3B%7D'
    'PATH' => 'D:\\install\\VMware\\VMware Workstation\\bin\\;C:\\WINDOWS\\system32;C:\\WINDOWS;C:\\WINDOWS\\System32\\Wbem;C:\\WINDOWS\\System32\\WindowsPowerShell\\v1.0\\;C:\\WINDOWS\\System32\\OpenSSH\\;D:\\soft\\Sublime Text3\\;D:\\install\\Java\\jdk1.8.0_211\\bin;D:\\install\\Java\\jre;D:\\wamp\\bin\\php\\php7.3.5;C:\\WINDOWS\\System32\\OpenSSH\\;d:\\install\\Python37\\Scripts;D:\\install\\Planner\\gtk2\\GTK2-Runtime\\bin;D:\\wamp\\bin\\php\\php7.4.11;D:\\install\\Xshell 7\\;D:\\soft\\sublimetext4\\Sublime Text\\ctags58;D:\\install\\微信web开发者工具\\;all\\no;ejs\\;all\\To;toiseGit\\bin;D:\\install\\Git\\cmd;D:\\install\\Git\\Git\\cmd;D:\\install\\nodejs\\node_global;D:\\install\\nodejs\\node_cache;D:\\install\\Go\\bin;D:\\wamp64\\bin\\php\\php7.4.33;C:\\ProgramData\\ComposerSetup\\bin;d:\\install\\wxkfzgj\\微信web开发者工具\\dll;D:\\install\\nodejs\\;d:\\install\\微信web开发者工具\\dll;C:\\WINDOWS\\system32\\config\\systemprofile\\AppData\\Local\\Microsoft\\WindowsApps'
    'SystemRoot' => 'C:\\WINDOWS'
    'COMSPEC' => 'C:\\WINDOWS\\system32\\cmd.exe'
    'PATHEXT' => '.COM;.EXE;.BAT;.CMD;.VBS;.VBE;.JS;.JSE;.WSF;.WSH;.MSC'
    'WINDIR' => 'C:\\WINDOWS'
    'SERVER_SIGNATURE' => '<address>Apache/2.4.54 (Win64) PHP/7.4.33 mod_fcgid/2.3.10-dev Server at car.cso123.com Port 80</address>
'
    'SERVER_SOFTWARE' => 'Apache/2.4.54 (Win64) PHP/7.4.33 mod_fcgid/2.3.10-dev'
    'SERVER_NAME' => 'car.cso123.com'
    'SERVER_ADDR' => '127.0.0.1'
    'SERVER_PORT' => '80'
    'REMOTE_ADDR' => '127.0.0.1'
    'DOCUMENT_ROOT' => 'D:/wamp64/www/feehinew/frontend/web'
    'REQUEST_SCHEME' => 'http'
    'CONTEXT_PREFIX' => ''
    'CONTEXT_DOCUMENT_ROOT' => 'D:/wamp64/www/feehinew/frontend/web'
    'SERVER_ADMIN' => 'wampserver@wampserver.invalid'
    'SCRIPT_FILENAME' => 'D:/wamp64/www/feehinew/frontend/web/admin/index.php'
    'REMOTE_PORT' => '54071'
    'GATEWAY_INTERFACE' => 'CGI/1.1'
    'SERVER_PROTOCOL' => 'HTTP/1.1'
    'REQUEST_METHOD' => 'GET'
    'QUERY_STRING' => 'r=user%2Fupdate&id=3'
    'REQUEST_URI' => '/admin/index.php?r=user%2Fupdate&id=3'
    'SCRIPT_NAME' => '/admin/index.php'
    'PHP_SELF' => '/admin/index.php'
    'REQUEST_TIME_FLOAT' => 1695709255.9344
    'REQUEST_TIME' => 1695709255
    'argv' => [
        0 => 'r=user%2Fupdate&id=3'
    ]
    'argc' => 1
]
2023-09-26 14:21:00 [127.0.0.1][1][-][warning][yii\debug\Module::checkAccess] Access to debugger is denied due to IP address restriction. The requesting IP address is 127.0.0.1
    in D:\wamp64\www\feehinew\backend\views\layouts\main.php:35
    in D:\wamp64\www\feehinew\backend\actions\IndexAction.php:76
2023-09-26 14:21:00 [127.0.0.1][1][-][warning][yii\debug\Module::checkAccess] Access to debugger is denied due to IP address restriction. The requesting IP address is 127.0.0.1
2023-09-26 14:21:00 [127.0.0.1][1][-][info][application] $_GET = [
    'r' => 'user/index'
]

$_POST = []

$_FILES = []

$_COOKIE = [
    'PHPSESSID' => 'k1vdde45n059g7rg4g6jiff1gs'
    '_csrf' => '077a1ce7668a8fe5e2ee94eab449881a2e6873264fcf949b195392a93e66954da:2:{i:0;s:5:\"_csrf\";i:1;s:32:\"XMh3QU4RSwE44r3i3bJJbSR1gofxGDcM\";}'
    'BACKEND_FEEHICMS' => 'gpnofnro5pha7im4kq8nnvq11r'
    '_csrf_backend' => 'af8e48da3c96a8795378f9866ffba9b12ed399b73ca013b0a08d6027b4eb478da:2:{i:0;s:13:\"_csrf_backend\";i:1;s:32:\"HhpxwAD4OIR2PyH6cHMB3jmy9iN4KOm4\";}'
]

$_SESSION = [
    '__flash' => []
    '_backend_returnUrl' => '/admin/'
    '__captcha/site/captcha' => 'zuti'
    '__captcha/site/captchacount' => 1
    '__backend__id' => 1
    '_create_referer' => 'http://car.cso123.com/admin/index.php?r=rbac%2Froles'
    '_update_referer' => 'http://car.cso123.com/admin/index.php?r=user%2Findex'
]

$_SERVER = [
    'HTTP_HOST' => 'car.cso123.com'
    'HTTP_CONNECTION' => 'keep-alive'
    'HTTP_UPGRADE_INSECURE_REQUESTS' => '1'
    'HTTP_USER_AGENT' => 'Mozilla/5.0 (Windows NT 10.0; WOW64) AppleWebKit/537.36 (KHTML, like Gecko) Chrome/94.0.4606.71 Safari/537.36 SE 2.X MetaSr 1.0'
    'HTTP_ACCEPT' => 'text/html,application/xhtml+xml,application/xml;q=0.9,image/avif,image/webp,image/apng,*/*;q=0.8,application/signed-exchange;v=b3;q=0.9'
    'HTTP_REFERER' => 'http://car.cso123.com/admin/'
    'HTTP_ACCEPT_ENCODING' => 'gzip, deflate'
    'HTTP_ACCEPT_LANGUAGE' => 'zh-CN,zh;q=0.9'
    'HTTP_COOKIE' => 'PHPSESSID=k1vdde45n059g7rg4g6jiff1gs; _csrf=077a1ce7668a8fe5e2ee94eab449881a2e6873264fcf949b195392a93e66954da%3A2%3A%7Bi%3A0%3Bs%3A5%3A%22_csrf%22%3Bi%3A1%3Bs%3A32%3A%22XMh3QU4RSwE44r3i3bJJbSR1gofxGDcM%22%3B%7D; BACKEND_FEEHICMS=gpnofnro5pha7im4kq8nnvq11r; _csrf_backend=af8e48da3c96a8795378f9866ffba9b12ed399b73ca013b0a08d6027b4eb478da%3A2%3A%7Bi%3A0%3Bs%3A13%3A%22_csrf_backend%22%3Bi%3A1%3Bs%3A32%3A%22HhpxwAD4OIR2PyH6cHMB3jmy9iN4KOm4%22%3B%7D'
    'PATH' => 'D:\\install\\VMware\\VMware Workstation\\bin\\;C:\\WINDOWS\\system32;C:\\WINDOWS;C:\\WINDOWS\\System32\\Wbem;C:\\WINDOWS\\System32\\WindowsPowerShell\\v1.0\\;C:\\WINDOWS\\System32\\OpenSSH\\;D:\\soft\\Sublime Text3\\;D:\\install\\Java\\jdk1.8.0_211\\bin;D:\\install\\Java\\jre;D:\\wamp\\bin\\php\\php7.3.5;C:\\WINDOWS\\System32\\OpenSSH\\;d:\\install\\Python37\\Scripts;D:\\install\\Planner\\gtk2\\GTK2-Runtime\\bin;D:\\wamp\\bin\\php\\php7.4.11;D:\\install\\Xshell 7\\;D:\\soft\\sublimetext4\\Sublime Text\\ctags58;D:\\install\\微信web开发者工具\\;all\\no;ejs\\;all\\To;toiseGit\\bin;D:\\install\\Git\\cmd;D:\\install\\Git\\Git\\cmd;D:\\install\\nodejs\\node_global;D:\\install\\nodejs\\node_cache;D:\\install\\Go\\bin;D:\\wamp64\\bin\\php\\php7.4.33;C:\\ProgramData\\ComposerSetup\\bin;d:\\install\\wxkfzgj\\微信web开发者工具\\dll;D:\\install\\nodejs\\;d:\\install\\微信web开发者工具\\dll;C:\\WINDOWS\\system32\\config\\systemprofile\\AppData\\Local\\Microsoft\\WindowsApps'
    'SystemRoot' => 'C:\\WINDOWS'
    'COMSPEC' => 'C:\\WINDOWS\\system32\\cmd.exe'
    'PATHEXT' => '.COM;.EXE;.BAT;.CMD;.VBS;.VBE;.JS;.JSE;.WSF;.WSH;.MSC'
    'WINDIR' => 'C:\\WINDOWS'
    'SERVER_SIGNATURE' => '<address>Apache/2.4.54 (Win64) PHP/7.4.33 mod_fcgid/2.3.10-dev Server at car.cso123.com Port 80</address>
'
    'SERVER_SOFTWARE' => 'Apache/2.4.54 (Win64) PHP/7.4.33 mod_fcgid/2.3.10-dev'
    'SERVER_NAME' => 'car.cso123.com'
    'SERVER_ADDR' => '127.0.0.1'
    'SERVER_PORT' => '80'
    'REMOTE_ADDR' => '127.0.0.1'
    'DOCUMENT_ROOT' => 'D:/wamp64/www/feehinew/frontend/web'
    'REQUEST_SCHEME' => 'http'
    'CONTEXT_PREFIX' => ''
    'CONTEXT_DOCUMENT_ROOT' => 'D:/wamp64/www/feehinew/frontend/web'
    'SERVER_ADMIN' => 'wampserver@wampserver.invalid'
    'SCRIPT_FILENAME' => 'D:/wamp64/www/feehinew/frontend/web/admin/index.php'
    'REMOTE_PORT' => '54071'
    'GATEWAY_INTERFACE' => 'CGI/1.1'
    'SERVER_PROTOCOL' => 'HTTP/1.1'
    'REQUEST_METHOD' => 'GET'
    'QUERY_STRING' => 'r=user%2Findex'
    'REQUEST_URI' => '/admin/index.php?r=user%2Findex'
    'SCRIPT_NAME' => '/admin/index.php'
    'PHP_SELF' => '/admin/index.php'
    'REQUEST_TIME_FLOAT' => 1695709260.1534
    'REQUEST_TIME' => 1695709260
    'argv' => [
        0 => 'r=user%2Findex'
    ]
    'argc' => 1
]
2023-09-26 14:21:09 [127.0.0.1][1][-][warning][yii\debug\Module::checkAccess] Access to debugger is denied due to IP address restriction. The requesting IP address is 127.0.0.1
    in D:\wamp64\www\feehinew\backend\views\layouts\main.php:35
    in D:\wamp64\www\feehinew\backend\actions\IndexAction.php:76
2023-09-26 14:21:09 [127.0.0.1][1][-][warning][yii\debug\Module::checkAccess] Access to debugger is denied due to IP address restriction. The requesting IP address is 127.0.0.1
2023-09-26 14:21:09 [127.0.0.1][1][-][info][application] $_GET = [
    'r' => 'cartype/index'
]

$_POST = []

$_FILES = []

$_COOKIE = [
    'PHPSESSID' => 'k1vdde45n059g7rg4g6jiff1gs'
    '_csrf' => '077a1ce7668a8fe5e2ee94eab449881a2e6873264fcf949b195392a93e66954da:2:{i:0;s:5:\"_csrf\";i:1;s:32:\"XMh3QU4RSwE44r3i3bJJbSR1gofxGDcM\";}'
    'BACKEND_FEEHICMS' => 'gpnofnro5pha7im4kq8nnvq11r'
    '_csrf_backend' => 'af8e48da3c96a8795378f9866ffba9b12ed399b73ca013b0a08d6027b4eb478da:2:{i:0;s:13:\"_csrf_backend\";i:1;s:32:\"HhpxwAD4OIR2PyH6cHMB3jmy9iN4KOm4\";}'
]

$_SESSION = [
    '__flash' => []
    '_backend_returnUrl' => '/admin/'
    '__captcha/site/captcha' => 'zuti'
    '__captcha/site/captchacount' => 1
    '__backend__id' => 1
    '_create_referer' => 'http://car.cso123.com/admin/index.php?r=rbac%2Froles'
    '_update_referer' => 'http://car.cso123.com/admin/index.php?r=user%2Findex'
]

$_SERVER = [
    'HTTP_HOST' => 'car.cso123.com'
    'HTTP_CONNECTION' => 'keep-alive'
    'HTTP_UPGRADE_INSECURE_REQUESTS' => '1'
    'HTTP_USER_AGENT' => 'Mozilla/5.0 (Windows NT 10.0; WOW64) AppleWebKit/537.36 (KHTML, like Gecko) Chrome/94.0.4606.71 Safari/537.36 SE 2.X MetaSr 1.0'
    'HTTP_ACCEPT' => 'text/html,application/xhtml+xml,application/xml;q=0.9,image/avif,image/webp,image/apng,*/*;q=0.8,application/signed-exchange;v=b3;q=0.9'
    'HTTP_REFERER' => 'http://car.cso123.com/admin/'
    'HTTP_ACCEPT_ENCODING' => 'gzip, deflate'
    'HTTP_ACCEPT_LANGUAGE' => 'zh-CN,zh;q=0.9'
    'HTTP_COOKIE' => 'PHPSESSID=k1vdde45n059g7rg4g6jiff1gs; _csrf=077a1ce7668a8fe5e2ee94eab449881a2e6873264fcf949b195392a93e66954da%3A2%3A%7Bi%3A0%3Bs%3A5%3A%22_csrf%22%3Bi%3A1%3Bs%3A32%3A%22XMh3QU4RSwE44r3i3bJJbSR1gofxGDcM%22%3B%7D; BACKEND_FEEHICMS=gpnofnro5pha7im4kq8nnvq11r; _csrf_backend=af8e48da3c96a8795378f9866ffba9b12ed399b73ca013b0a08d6027b4eb478da%3A2%3A%7Bi%3A0%3Bs%3A13%3A%22_csrf_backend%22%3Bi%3A1%3Bs%3A32%3A%22HhpxwAD4OIR2PyH6cHMB3jmy9iN4KOm4%22%3B%7D'
    'PATH' => 'D:\\install\\VMware\\VMware Workstation\\bin\\;C:\\WINDOWS\\system32;C:\\WINDOWS;C:\\WINDOWS\\System32\\Wbem;C:\\WINDOWS\\System32\\WindowsPowerShell\\v1.0\\;C:\\WINDOWS\\System32\\OpenSSH\\;D:\\soft\\Sublime Text3\\;D:\\install\\Java\\jdk1.8.0_211\\bin;D:\\install\\Java\\jre;D:\\wamp\\bin\\php\\php7.3.5;C:\\WINDOWS\\System32\\OpenSSH\\;d:\\install\\Python37\\Scripts;D:\\install\\Planner\\gtk2\\GTK2-Runtime\\bin;D:\\wamp\\bin\\php\\php7.4.11;D:\\install\\Xshell 7\\;D:\\soft\\sublimetext4\\Sublime Text\\ctags58;D:\\install\\微信web开发者工具\\;all\\no;ejs\\;all\\To;toiseGit\\bin;D:\\install\\Git\\cmd;D:\\install\\Git\\Git\\cmd;D:\\install\\nodejs\\node_global;D:\\install\\nodejs\\node_cache;D:\\install\\Go\\bin;D:\\wamp64\\bin\\php\\php7.4.33;C:\\ProgramData\\ComposerSetup\\bin;d:\\install\\wxkfzgj\\微信web开发者工具\\dll;D:\\install\\nodejs\\;d:\\install\\微信web开发者工具\\dll;C:\\WINDOWS\\system32\\config\\systemprofile\\AppData\\Local\\Microsoft\\WindowsApps'
    'SystemRoot' => 'C:\\WINDOWS'
    'COMSPEC' => 'C:\\WINDOWS\\system32\\cmd.exe'
    'PATHEXT' => '.COM;.EXE;.BAT;.CMD;.VBS;.VBE;.JS;.JSE;.WSF;.WSH;.MSC'
    'WINDIR' => 'C:\\WINDOWS'
    'SERVER_SIGNATURE' => '<address>Apache/2.4.54 (Win64) PHP/7.4.33 mod_fcgid/2.3.10-dev Server at car.cso123.com Port 80</address>
'
    'SERVER_SOFTWARE' => 'Apache/2.4.54 (Win64) PHP/7.4.33 mod_fcgid/2.3.10-dev'
    'SERVER_NAME' => 'car.cso123.com'
    'SERVER_ADDR' => '127.0.0.1'
    'SERVER_PORT' => '80'
    'REMOTE_ADDR' => '127.0.0.1'
    'DOCUMENT_ROOT' => 'D:/wamp64/www/feehinew/frontend/web'
    'REQUEST_SCHEME' => 'http'
    'CONTEXT_PREFIX' => ''
    'CONTEXT_DOCUMENT_ROOT' => 'D:/wamp64/www/feehinew/frontend/web'
    'SERVER_ADMIN' => 'wampserver@wampserver.invalid'
    'SCRIPT_FILENAME' => 'D:/wamp64/www/feehinew/frontend/web/admin/index.php'
    'REMOTE_PORT' => '57280'
    'GATEWAY_INTERFACE' => 'CGI/1.1'
    'SERVER_PROTOCOL' => 'HTTP/1.1'
    'REQUEST_METHOD' => 'GET'
    'QUERY_STRING' => 'r=cartype%2Findex'
    'REQUEST_URI' => '/admin/index.php?r=cartype%2Findex'
    'SCRIPT_NAME' => '/admin/index.php'
    'PHP_SELF' => '/admin/index.php'
    'REQUEST_TIME_FLOAT' => 1695709269.6615
    'REQUEST_TIME' => 1695709269
    'argv' => [
        0 => 'r=cartype%2Findex'
    ]
    'argc' => 1
]
2023-09-26 14:21:11 [127.0.0.1][1][-][warning][yii\debug\Module::checkAccess] Access to debugger is denied due to IP address restriction. The requesting IP address is 127.0.0.1
    in D:\wamp64\www\feehinew\backend\views\layouts\main.php:35
    in D:\wamp64\www\feehinew\backend\actions\CreateAction.php:148
2023-09-26 14:21:11 [127.0.0.1][1][-][warning][yii\debug\Module::checkAccess] Access to debugger is denied due to IP address restriction. The requesting IP address is 127.0.0.1
2023-09-26 14:21:11 [127.0.0.1][1][-][info][application] $_GET = [
    'r' => 'cartype/create'
]

$_POST = []

$_FILES = []

$_COOKIE = [
    'PHPSESSID' => 'k1vdde45n059g7rg4g6jiff1gs'
    '_csrf' => '077a1ce7668a8fe5e2ee94eab449881a2e6873264fcf949b195392a93e66954da:2:{i:0;s:5:\"_csrf\";i:1;s:32:\"XMh3QU4RSwE44r3i3bJJbSR1gofxGDcM\";}'
    'BACKEND_FEEHICMS' => 'gpnofnro5pha7im4kq8nnvq11r'
    '_csrf_backend' => 'af8e48da3c96a8795378f9866ffba9b12ed399b73ca013b0a08d6027b4eb478da:2:{i:0;s:13:\"_csrf_backend\";i:1;s:32:\"HhpxwAD4OIR2PyH6cHMB3jmy9iN4KOm4\";}'
]

$_SESSION = [
    '__flash' => []
    '_backend_returnUrl' => '/admin/'
    '__captcha/site/captcha' => 'zuti'
    '__captcha/site/captchacount' => 1
    '__backend__id' => 1
    '_create_referer' => 'http://car.cso123.com/admin/index.php?r=cartype%2Findex'
    '_update_referer' => 'http://car.cso123.com/admin/index.php?r=user%2Findex'
]

$_SERVER = [
    'HTTP_HOST' => 'car.cso123.com'
    'HTTP_CONNECTION' => 'keep-alive'
    'HTTP_UPGRADE_INSECURE_REQUESTS' => '1'
    'HTTP_USER_AGENT' => 'Mozilla/5.0 (Windows NT 10.0; WOW64) AppleWebKit/537.36 (KHTML, like Gecko) Chrome/94.0.4606.71 Safari/537.36 SE 2.X MetaSr 1.0'
    'HTTP_ACCEPT' => 'text/html,application/xhtml+xml,application/xml;q=0.9,image/avif,image/webp,image/apng,*/*;q=0.8,application/signed-exchange;v=b3;q=0.9'
    'HTTP_REFERER' => 'http://car.cso123.com/admin/index.php?r=cartype%2Findex'
    'HTTP_ACCEPT_ENCODING' => 'gzip, deflate'
    'HTTP_ACCEPT_LANGUAGE' => 'zh-CN,zh;q=0.9'
    'HTTP_COOKIE' => 'PHPSESSID=k1vdde45n059g7rg4g6jiff1gs; _csrf=077a1ce7668a8fe5e2ee94eab449881a2e6873264fcf949b195392a93e66954da%3A2%3A%7Bi%3A0%3Bs%3A5%3A%22_csrf%22%3Bi%3A1%3Bs%3A32%3A%22XMh3QU4RSwE44r3i3bJJbSR1gofxGDcM%22%3B%7D; BACKEND_FEEHICMS=gpnofnro5pha7im4kq8nnvq11r; _csrf_backend=af8e48da3c96a8795378f9866ffba9b12ed399b73ca013b0a08d6027b4eb478da%3A2%3A%7Bi%3A0%3Bs%3A13%3A%22_csrf_backend%22%3Bi%3A1%3Bs%3A32%3A%22HhpxwAD4OIR2PyH6cHMB3jmy9iN4KOm4%22%3B%7D'
    'PATH' => 'D:\\install\\VMware\\VMware Workstation\\bin\\;C:\\WINDOWS\\system32;C:\\WINDOWS;C:\\WINDOWS\\System32\\Wbem;C:\\WINDOWS\\System32\\WindowsPowerShell\\v1.0\\;C:\\WINDOWS\\System32\\OpenSSH\\;D:\\soft\\Sublime Text3\\;D:\\install\\Java\\jdk1.8.0_211\\bin;D:\\install\\Java\\jre;D:\\wamp\\bin\\php\\php7.3.5;C:\\WINDOWS\\System32\\OpenSSH\\;d:\\install\\Python37\\Scripts;D:\\install\\Planner\\gtk2\\GTK2-Runtime\\bin;D:\\wamp\\bin\\php\\php7.4.11;D:\\install\\Xshell 7\\;D:\\soft\\sublimetext4\\Sublime Text\\ctags58;D:\\install\\微信web开发者工具\\;all\\no;ejs\\;all\\To;toiseGit\\bin;D:\\install\\Git\\cmd;D:\\install\\Git\\Git\\cmd;D:\\install\\nodejs\\node_global;D:\\install\\nodejs\\node_cache;D:\\install\\Go\\bin;D:\\wamp64\\bin\\php\\php7.4.33;C:\\ProgramData\\ComposerSetup\\bin;d:\\install\\wxkfzgj\\微信web开发者工具\\dll;D:\\install\\nodejs\\;d:\\install\\微信web开发者工具\\dll;C:\\WINDOWS\\system32\\config\\systemprofile\\AppData\\Local\\Microsoft\\WindowsApps'
    'SystemRoot' => 'C:\\WINDOWS'
    'COMSPEC' => 'C:\\WINDOWS\\system32\\cmd.exe'
    'PATHEXT' => '.COM;.EXE;.BAT;.CMD;.VBS;.VBE;.JS;.JSE;.WSF;.WSH;.MSC'
    'WINDIR' => 'C:\\WINDOWS'
    'SERVER_SIGNATURE' => '<address>Apache/2.4.54 (Win64) PHP/7.4.33 mod_fcgid/2.3.10-dev Server at car.cso123.com Port 80</address>
'
    'SERVER_SOFTWARE' => 'Apache/2.4.54 (Win64) PHP/7.4.33 mod_fcgid/2.3.10-dev'
    'SERVER_NAME' => 'car.cso123.com'
    'SERVER_ADDR' => '127.0.0.1'
    'SERVER_PORT' => '80'
    'REMOTE_ADDR' => '127.0.0.1'
    'DOCUMENT_ROOT' => 'D:/wamp64/www/feehinew/frontend/web'
    'REQUEST_SCHEME' => 'http'
    'CONTEXT_PREFIX' => ''
    'CONTEXT_DOCUMENT_ROOT' => 'D:/wamp64/www/feehinew/frontend/web'
    'SERVER_ADMIN' => 'wampserver@wampserver.invalid'
    'SCRIPT_FILENAME' => 'D:/wamp64/www/feehinew/frontend/web/admin/index.php'
    'REMOTE_PORT' => '57280'
    'GATEWAY_INTERFACE' => 'CGI/1.1'
    'SERVER_PROTOCOL' => 'HTTP/1.1'
    'REQUEST_METHOD' => 'GET'
    'QUERY_STRING' => 'r=cartype%2Fcreate'
    'REQUEST_URI' => '/admin/index.php?r=cartype%2Fcreate'
    'SCRIPT_NAME' => '/admin/index.php'
    'PHP_SELF' => '/admin/index.php'
    'REQUEST_TIME_FLOAT' => 1695709271.791
    'REQUEST_TIME' => 1695709271
    'argv' => [
        0 => 'r=cartype%2Fcreate'
    ]
    'argc' => 1
]
2023-09-26 14:21:16 [127.0.0.1][1][-][warning][yii\debug\Module::checkAccess] Access to debugger is denied due to IP address restriction. The requesting IP address is 127.0.0.1
    in D:\wamp64\www\feehinew\backend\views\layouts\main.php:35
    in D:\wamp64\www\feehinew\backend\actions\IndexAction.php:76
2023-09-26 14:21:16 [127.0.0.1][1][-][warning][yii\debug\Module::checkAccess] Access to debugger is denied due to IP address restriction. The requesting IP address is 127.0.0.1
2023-09-26 14:21:16 [127.0.0.1][1][-][info][application] $_GET = [
    'r' => 'cartype/index'
]

$_POST = []

$_FILES = []

$_COOKIE = [
    'PHPSESSID' => 'k1vdde45n059g7rg4g6jiff1gs'
    '_csrf' => '077a1ce7668a8fe5e2ee94eab449881a2e6873264fcf949b195392a93e66954da:2:{i:0;s:5:\"_csrf\";i:1;s:32:\"XMh3QU4RSwE44r3i3bJJbSR1gofxGDcM\";}'
    'BACKEND_FEEHICMS' => 'gpnofnro5pha7im4kq8nnvq11r'
    '_csrf_backend' => 'af8e48da3c96a8795378f9866ffba9b12ed399b73ca013b0a08d6027b4eb478da:2:{i:0;s:13:\"_csrf_backend\";i:1;s:32:\"HhpxwAD4OIR2PyH6cHMB3jmy9iN4KOm4\";}'
]

$_SESSION = [
    '__flash' => []
    '_backend_returnUrl' => '/admin/'
    '__captcha/site/captcha' => 'zuti'
    '__captcha/site/captchacount' => 1
    '__backend__id' => 1
    '_create_referer' => 'http://car.cso123.com/admin/index.php?r=cartype%2Findex'
    '_update_referer' => 'http://car.cso123.com/admin/index.php?r=user%2Findex'
]

$_SERVER = [
    'HTTP_HOST' => 'car.cso123.com'
    'HTTP_CONNECTION' => 'keep-alive'
    'HTTP_UPGRADE_INSECURE_REQUESTS' => '1'
    'HTTP_USER_AGENT' => 'Mozilla/5.0 (Windows NT 10.0; WOW64) AppleWebKit/537.36 (KHTML, like Gecko) Chrome/94.0.4606.71 Safari/537.36 SE 2.X MetaSr 1.0'
    'HTTP_ACCEPT' => 'text/html,application/xhtml+xml,application/xml;q=0.9,image/avif,image/webp,image/apng,*/*;q=0.8,application/signed-exchange;v=b3;q=0.9'
    'HTTP_REFERER' => 'http://car.cso123.com/admin/'
    'HTTP_ACCEPT_ENCODING' => 'gzip, deflate'
    'HTTP_ACCEPT_LANGUAGE' => 'zh-CN,zh;q=0.9'
    'HTTP_COOKIE' => 'PHPSESSID=k1vdde45n059g7rg4g6jiff1gs; _csrf=077a1ce7668a8fe5e2ee94eab449881a2e6873264fcf949b195392a93e66954da%3A2%3A%7Bi%3A0%3Bs%3A5%3A%22_csrf%22%3Bi%3A1%3Bs%3A32%3A%22XMh3QU4RSwE44r3i3bJJbSR1gofxGDcM%22%3B%7D; BACKEND_FEEHICMS=gpnofnro5pha7im4kq8nnvq11r; _csrf_backend=af8e48da3c96a8795378f9866ffba9b12ed399b73ca013b0a08d6027b4eb478da%3A2%3A%7Bi%3A0%3Bs%3A13%3A%22_csrf_backend%22%3Bi%3A1%3Bs%3A32%3A%22HhpxwAD4OIR2PyH6cHMB3jmy9iN4KOm4%22%3B%7D'
    'PATH' => 'D:\\install\\VMware\\VMware Workstation\\bin\\;C:\\WINDOWS\\system32;C:\\WINDOWS;C:\\WINDOWS\\System32\\Wbem;C:\\WINDOWS\\System32\\WindowsPowerShell\\v1.0\\;C:\\WINDOWS\\System32\\OpenSSH\\;D:\\soft\\Sublime Text3\\;D:\\install\\Java\\jdk1.8.0_211\\bin;D:\\install\\Java\\jre;D:\\wamp\\bin\\php\\php7.3.5;C:\\WINDOWS\\System32\\OpenSSH\\;d:\\install\\Python37\\Scripts;D:\\install\\Planner\\gtk2\\GTK2-Runtime\\bin;D:\\wamp\\bin\\php\\php7.4.11;D:\\install\\Xshell 7\\;D:\\soft\\sublimetext4\\Sublime Text\\ctags58;D:\\install\\微信web开发者工具\\;all\\no;ejs\\;all\\To;toiseGit\\bin;D:\\install\\Git\\cmd;D:\\install\\Git\\Git\\cmd;D:\\install\\nodejs\\node_global;D:\\install\\nodejs\\node_cache;D:\\install\\Go\\bin;D:\\wamp64\\bin\\php\\php7.4.33;C:\\ProgramData\\ComposerSetup\\bin;d:\\install\\wxkfzgj\\微信web开发者工具\\dll;D:\\install\\nodejs\\;d:\\install\\微信web开发者工具\\dll;C:\\WINDOWS\\system32\\config\\systemprofile\\AppData\\Local\\Microsoft\\WindowsApps'
    'SystemRoot' => 'C:\\WINDOWS'
    'COMSPEC' => 'C:\\WINDOWS\\system32\\cmd.exe'
    'PATHEXT' => '.COM;.EXE;.BAT;.CMD;.VBS;.VBE;.JS;.JSE;.WSF;.WSH;.MSC'
    'WINDIR' => 'C:\\WINDOWS'
    'SERVER_SIGNATURE' => '<address>Apache/2.4.54 (Win64) PHP/7.4.33 mod_fcgid/2.3.10-dev Server at car.cso123.com Port 80</address>
'
    'SERVER_SOFTWARE' => 'Apache/2.4.54 (Win64) PHP/7.4.33 mod_fcgid/2.3.10-dev'
    'SERVER_NAME' => 'car.cso123.com'
    'SERVER_ADDR' => '127.0.0.1'
    'SERVER_PORT' => '80'
    'REMOTE_ADDR' => '127.0.0.1'
    'DOCUMENT_ROOT' => 'D:/wamp64/www/feehinew/frontend/web'
    'REQUEST_SCHEME' => 'http'
    'CONTEXT_PREFIX' => ''
    'CONTEXT_DOCUMENT_ROOT' => 'D:/wamp64/www/feehinew/frontend/web'
    'SERVER_ADMIN' => 'wampserver@wampserver.invalid'
    'SCRIPT_FILENAME' => 'D:/wamp64/www/feehinew/frontend/web/admin/index.php'
    'REMOTE_PORT' => '57280'
    'GATEWAY_INTERFACE' => 'CGI/1.1'
    'SERVER_PROTOCOL' => 'HTTP/1.1'
    'REQUEST_METHOD' => 'GET'
    'QUERY_STRING' => 'r=cartype%2Findex'
    'REQUEST_URI' => '/admin/index.php?r=cartype%2Findex'
    'SCRIPT_NAME' => '/admin/index.php'
    'PHP_SELF' => '/admin/index.php'
    'REQUEST_TIME_FLOAT' => 1695709276.2544
    'REQUEST_TIME' => 1695709276
    'argv' => [
        0 => 'r=cartype%2Findex'
    ]
    'argc' => 1
]
2023-09-26 14:21:19 [127.0.0.1][1][-][warning][yii\debug\Module::checkAccess] Access to debugger is denied due to IP address restriction. The requesting IP address is 127.0.0.1
    in D:\wamp64\www\feehinew\backend\views\layouts\main.php:35
    in D:\wamp64\www\feehinew\backend\actions\IndexAction.php:76
2023-09-26 14:21:19 [127.0.0.1][1][-][warning][yii\debug\Module::checkAccess] Access to debugger is denied due to IP address restriction. The requesting IP address is 127.0.0.1
2023-09-26 14:21:19 [127.0.0.1][1][-][info][application] $_GET = [
    'r' => 'management/index'
]

$_POST = []

$_FILES = []

$_COOKIE = [
    'PHPSESSID' => 'k1vdde45n059g7rg4g6jiff1gs'
    '_csrf' => '077a1ce7668a8fe5e2ee94eab449881a2e6873264fcf949b195392a93e66954da:2:{i:0;s:5:\"_csrf\";i:1;s:32:\"XMh3QU4RSwE44r3i3bJJbSR1gofxGDcM\";}'
    'BACKEND_FEEHICMS' => 'gpnofnro5pha7im4kq8nnvq11r'
    '_csrf_backend' => 'af8e48da3c96a8795378f9866ffba9b12ed399b73ca013b0a08d6027b4eb478da:2:{i:0;s:13:\"_csrf_backend\";i:1;s:32:\"HhpxwAD4OIR2PyH6cHMB3jmy9iN4KOm4\";}'
]

$_SESSION = [
    '__flash' => []
    '_backend_returnUrl' => '/admin/'
    '__captcha/site/captcha' => 'zuti'
    '__captcha/site/captchacount' => 1
    '__backend__id' => 1
    '_create_referer' => 'http://car.cso123.com/admin/index.php?r=cartype%2Findex'
    '_update_referer' => 'http://car.cso123.com/admin/index.php?r=user%2Findex'
]

$_SERVER = [
    'HTTP_HOST' => 'car.cso123.com'
    'HTTP_CONNECTION' => 'keep-alive'
    'HTTP_UPGRADE_INSECURE_REQUESTS' => '1'
    'HTTP_USER_AGENT' => 'Mozilla/5.0 (Windows NT 10.0; WOW64) AppleWebKit/537.36 (KHTML, like Gecko) Chrome/94.0.4606.71 Safari/537.36 SE 2.X MetaSr 1.0'
    'HTTP_ACCEPT' => 'text/html,application/xhtml+xml,application/xml;q=0.9,image/avif,image/webp,image/apng,*/*;q=0.8,application/signed-exchange;v=b3;q=0.9'
    'HTTP_REFERER' => 'http://car.cso123.com/admin/'
    'HTTP_ACCEPT_ENCODING' => 'gzip, deflate'
    'HTTP_ACCEPT_LANGUAGE' => 'zh-CN,zh;q=0.9'
    'HTTP_COOKIE' => 'PHPSESSID=k1vdde45n059g7rg4g6jiff1gs; _csrf=077a1ce7668a8fe5e2ee94eab449881a2e6873264fcf949b195392a93e66954da%3A2%3A%7Bi%3A0%3Bs%3A5%3A%22_csrf%22%3Bi%3A1%3Bs%3A32%3A%22XMh3QU4RSwE44r3i3bJJbSR1gofxGDcM%22%3B%7D; BACKEND_FEEHICMS=gpnofnro5pha7im4kq8nnvq11r; _csrf_backend=af8e48da3c96a8795378f9866ffba9b12ed399b73ca013b0a08d6027b4eb478da%3A2%3A%7Bi%3A0%3Bs%3A13%3A%22_csrf_backend%22%3Bi%3A1%3Bs%3A32%3A%22HhpxwAD4OIR2PyH6cHMB3jmy9iN4KOm4%22%3B%7D'
    'PATH' => 'D:\\install\\VMware\\VMware Workstation\\bin\\;C:\\WINDOWS\\system32;C:\\WINDOWS;C:\\WINDOWS\\System32\\Wbem;C:\\WINDOWS\\System32\\WindowsPowerShell\\v1.0\\;C:\\WINDOWS\\System32\\OpenSSH\\;D:\\soft\\Sublime Text3\\;D:\\install\\Java\\jdk1.8.0_211\\bin;D:\\install\\Java\\jre;D:\\wamp\\bin\\php\\php7.3.5;C:\\WINDOWS\\System32\\OpenSSH\\;d:\\install\\Python37\\Scripts;D:\\install\\Planner\\gtk2\\GTK2-Runtime\\bin;D:\\wamp\\bin\\php\\php7.4.11;D:\\install\\Xshell 7\\;D:\\soft\\sublimetext4\\Sublime Text\\ctags58;D:\\install\\微信web开发者工具\\;all\\no;ejs\\;all\\To;toiseGit\\bin;D:\\install\\Git\\cmd;D:\\install\\Git\\Git\\cmd;D:\\install\\nodejs\\node_global;D:\\install\\nodejs\\node_cache;D:\\install\\Go\\bin;D:\\wamp64\\bin\\php\\php7.4.33;C:\\ProgramData\\ComposerSetup\\bin;d:\\install\\wxkfzgj\\微信web开发者工具\\dll;D:\\install\\nodejs\\;d:\\install\\微信web开发者工具\\dll;C:\\WINDOWS\\system32\\config\\systemprofile\\AppData\\Local\\Microsoft\\WindowsApps'
    'SystemRoot' => 'C:\\WINDOWS'
    'COMSPEC' => 'C:\\WINDOWS\\system32\\cmd.exe'
    'PATHEXT' => '.COM;.EXE;.BAT;.CMD;.VBS;.VBE;.JS;.JSE;.WSF;.WSH;.MSC'
    'WINDIR' => 'C:\\WINDOWS'
    'SERVER_SIGNATURE' => '<address>Apache/2.4.54 (Win64) PHP/7.4.33 mod_fcgid/2.3.10-dev Server at car.cso123.com Port 80</address>
'
    'SERVER_SOFTWARE' => 'Apache/2.4.54 (Win64) PHP/7.4.33 mod_fcgid/2.3.10-dev'
    'SERVER_NAME' => 'car.cso123.com'
    'SERVER_ADDR' => '127.0.0.1'
    'SERVER_PORT' => '80'
    'REMOTE_ADDR' => '127.0.0.1'
    'DOCUMENT_ROOT' => 'D:/wamp64/www/feehinew/frontend/web'
    'REQUEST_SCHEME' => 'http'
    'CONTEXT_PREFIX' => ''
    'CONTEXT_DOCUMENT_ROOT' => 'D:/wamp64/www/feehinew/frontend/web'
    'SERVER_ADMIN' => 'wampserver@wampserver.invalid'
    'SCRIPT_FILENAME' => 'D:/wamp64/www/feehinew/frontend/web/admin/index.php'
    'REMOTE_PORT' => '57280'
    'GATEWAY_INTERFACE' => 'CGI/1.1'
    'SERVER_PROTOCOL' => 'HTTP/1.1'
    'REQUEST_METHOD' => 'GET'
    'QUERY_STRING' => 'r=management%2Findex'
    'REQUEST_URI' => '/admin/index.php?r=management%2Findex'
    'SCRIPT_NAME' => '/admin/index.php'
    'PHP_SELF' => '/admin/index.php'
    'REQUEST_TIME_FLOAT' => 1695709279.115
    'REQUEST_TIME' => 1695709279
    'argv' => [
        0 => 'r=management%2Findex'
    ]
    'argc' => 1
]
2023-09-26 14:21:30 [127.0.0.1][1][-][warning][yii\debug\Module::checkAccess] Access to debugger is denied due to IP address restriction. The requesting IP address is 127.0.0.1
    in D:\wamp64\www\feehinew\backend\views\layouts\main.php:35
    in D:\wamp64\www\feehinew\backend\actions\ViewAction.php:66
2023-09-26 14:21:30 [127.0.0.1][1][-][warning][yii\debug\Module::checkAccess] Access to debugger is denied due to IP address restriction. The requesting IP address is 127.0.0.1
2023-09-26 14:21:30 [127.0.0.1][1][-][info][application] $_GET = [
    'r' => 'management/view-layer'
    'id' => '1'
]

$_POST = []

$_FILES = []

$_COOKIE = [
    'PHPSESSID' => 'k1vdde45n059g7rg4g6jiff1gs'
    '_csrf' => '077a1ce7668a8fe5e2ee94eab449881a2e6873264fcf949b195392a93e66954da:2:{i:0;s:5:\"_csrf\";i:1;s:32:\"XMh3QU4RSwE44r3i3bJJbSR1gofxGDcM\";}'
    'BACKEND_FEEHICMS' => 'gpnofnro5pha7im4kq8nnvq11r'
    '_csrf_backend' => 'af8e48da3c96a8795378f9866ffba9b12ed399b73ca013b0a08d6027b4eb478da:2:{i:0;s:13:\"_csrf_backend\";i:1;s:32:\"HhpxwAD4OIR2PyH6cHMB3jmy9iN4KOm4\";}'
]

$_SESSION = [
    '__flash' => []
    '_backend_returnUrl' => '/admin/'
    '__captcha/site/captcha' => 'zuti'
    '__captcha/site/captchacount' => 1
    '__backend__id' => 1
    '_create_referer' => 'http://car.cso123.com/admin/index.php?r=cartype%2Findex'
    '_update_referer' => 'http://car.cso123.com/admin/index.php?r=user%2Findex'
]

$_SERVER = [
    'HTTP_HOST' => 'car.cso123.com'
    'HTTP_CONNECTION' => 'keep-alive'
    'HTTP_UPGRADE_INSECURE_REQUESTS' => '1'
    'HTTP_USER_AGENT' => 'Mozilla/5.0 (Windows NT 10.0; WOW64) AppleWebKit/537.36 (KHTML, like Gecko) Chrome/94.0.4606.71 Safari/537.36 SE 2.X MetaSr 1.0'
    'HTTP_ACCEPT' => 'text/html,application/xhtml+xml,application/xml;q=0.9,image/avif,image/webp,image/apng,*/*;q=0.8,application/signed-exchange;v=b3;q=0.9'
    'HTTP_REFERER' => 'http://car.cso123.com/admin/index.php?r=management%2Findex'
    'HTTP_ACCEPT_ENCODING' => 'gzip, deflate'
    'HTTP_ACCEPT_LANGUAGE' => 'zh-CN,zh;q=0.9'
    'HTTP_COOKIE' => 'PHPSESSID=k1vdde45n059g7rg4g6jiff1gs; _csrf=077a1ce7668a8fe5e2ee94eab449881a2e6873264fcf949b195392a93e66954da%3A2%3A%7Bi%3A0%3Bs%3A5%3A%22_csrf%22%3Bi%3A1%3Bs%3A32%3A%22XMh3QU4RSwE44r3i3bJJbSR1gofxGDcM%22%3B%7D; BACKEND_FEEHICMS=gpnofnro5pha7im4kq8nnvq11r; _csrf_backend=af8e48da3c96a8795378f9866ffba9b12ed399b73ca013b0a08d6027b4eb478da%3A2%3A%7Bi%3A0%3Bs%3A13%3A%22_csrf_backend%22%3Bi%3A1%3Bs%3A32%3A%22HhpxwAD4OIR2PyH6cHMB3jmy9iN4KOm4%22%3B%7D'
    'PATH' => 'D:\\install\\VMware\\VMware Workstation\\bin\\;C:\\WINDOWS\\system32;C:\\WINDOWS;C:\\WINDOWS\\System32\\Wbem;C:\\WINDOWS\\System32\\WindowsPowerShell\\v1.0\\;C:\\WINDOWS\\System32\\OpenSSH\\;D:\\soft\\Sublime Text3\\;D:\\install\\Java\\jdk1.8.0_211\\bin;D:\\install\\Java\\jre;D:\\wamp\\bin\\php\\php7.3.5;C:\\WINDOWS\\System32\\OpenSSH\\;d:\\install\\Python37\\Scripts;D:\\install\\Planner\\gtk2\\GTK2-Runtime\\bin;D:\\wamp\\bin\\php\\php7.4.11;D:\\install\\Xshell 7\\;D:\\soft\\sublimetext4\\Sublime Text\\ctags58;D:\\install\\微信web开发者工具\\;all\\no;ejs\\;all\\To;toiseGit\\bin;D:\\install\\Git\\cmd;D:\\install\\Git\\Git\\cmd;D:\\install\\nodejs\\node_global;D:\\install\\nodejs\\node_cache;D:\\install\\Go\\bin;D:\\wamp64\\bin\\php\\php7.4.33;C:\\ProgramData\\ComposerSetup\\bin;d:\\install\\wxkfzgj\\微信web开发者工具\\dll;D:\\install\\nodejs\\;d:\\install\\微信web开发者工具\\dll;C:\\WINDOWS\\system32\\config\\systemprofile\\AppData\\Local\\Microsoft\\WindowsApps'
    'SystemRoot' => 'C:\\WINDOWS'
    'COMSPEC' => 'C:\\WINDOWS\\system32\\cmd.exe'
    'PATHEXT' => '.COM;.EXE;.BAT;.CMD;.VBS;.VBE;.JS;.JSE;.WSF;.WSH;.MSC'
    'WINDIR' => 'C:\\WINDOWS'
    'SERVER_SIGNATURE' => '<address>Apache/2.4.54 (Win64) PHP/7.4.33 mod_fcgid/2.3.10-dev Server at car.cso123.com Port 80</address>
'
    'SERVER_SOFTWARE' => 'Apache/2.4.54 (Win64) PHP/7.4.33 mod_fcgid/2.3.10-dev'
    'SERVER_NAME' => 'car.cso123.com'
    'SERVER_ADDR' => '127.0.0.1'
    'SERVER_PORT' => '80'
    'REMOTE_ADDR' => '127.0.0.1'
    'DOCUMENT_ROOT' => 'D:/wamp64/www/feehinew/frontend/web'
    'REQUEST_SCHEME' => 'http'
    'CONTEXT_PREFIX' => ''
    'CONTEXT_DOCUMENT_ROOT' => 'D:/wamp64/www/feehinew/frontend/web'
    'SERVER_ADMIN' => 'wampserver@wampserver.invalid'
    'SCRIPT_FILENAME' => 'D:/wamp64/www/feehinew/frontend/web/admin/index.php'
    'REMOTE_PORT' => '50900'
    'GATEWAY_INTERFACE' => 'CGI/1.1'
    'SERVER_PROTOCOL' => 'HTTP/1.1'
    'REQUEST_METHOD' => 'GET'
    'QUERY_STRING' => 'r=management%2Fview-layer&id=1'
    'REQUEST_URI' => '/admin/index.php?r=management%2Fview-layer&id=1'
    'SCRIPT_NAME' => '/admin/index.php'
    'PHP_SELF' => '/admin/index.php'
    'REQUEST_TIME_FLOAT' => 1695709290.8657
    'REQUEST_TIME' => 1695709290
    'argv' => [
        0 => 'r=management%2Fview-layer&id=1'
    ]
    'argc' => 1
]
2023-09-26 14:21:35 [127.0.0.1][1][-][warning][yii\debug\Module::checkAccess] Access to debugger is denied due to IP address restriction. The requesting IP address is 127.0.0.1
    in D:\wamp64\www\feehinew\backend\views\layouts\main.php:35
    in D:\wamp64\www\feehinew\backend\actions\CreateAction.php:148
2023-09-26 14:21:35 [127.0.0.1][1][-][warning][yii\debug\Module::checkAccess] Access to debugger is denied due to IP address restriction. The requesting IP address is 127.0.0.1
2023-09-26 14:21:35 [127.0.0.1][1][-][info][application] $_GET = [
    'r' => 'management/create'
]

$_POST = []

$_FILES = []

$_COOKIE = [
    'PHPSESSID' => 'k1vdde45n059g7rg4g6jiff1gs'
    '_csrf' => '077a1ce7668a8fe5e2ee94eab449881a2e6873264fcf949b195392a93e66954da:2:{i:0;s:5:\"_csrf\";i:1;s:32:\"XMh3QU4RSwE44r3i3bJJbSR1gofxGDcM\";}'
    'BACKEND_FEEHICMS' => 'gpnofnro5pha7im4kq8nnvq11r'
    '_csrf_backend' => 'af8e48da3c96a8795378f9866ffba9b12ed399b73ca013b0a08d6027b4eb478da:2:{i:0;s:13:\"_csrf_backend\";i:1;s:32:\"HhpxwAD4OIR2PyH6cHMB3jmy9iN4KOm4\";}'
]

$_SESSION = [
    '__flash' => []
    '_backend_returnUrl' => '/admin/'
    '__captcha/site/captcha' => 'zuti'
    '__captcha/site/captchacount' => 1
    '__backend__id' => 1
    '_create_referer' => 'http://car.cso123.com/admin/index.php?r=management%2Findex'
    '_update_referer' => 'http://car.cso123.com/admin/index.php?r=user%2Findex'
]

$_SERVER = [
    'HTTP_HOST' => 'car.cso123.com'
    'HTTP_CONNECTION' => 'keep-alive'
    'HTTP_UPGRADE_INSECURE_REQUESTS' => '1'
    'HTTP_USER_AGENT' => 'Mozilla/5.0 (Windows NT 10.0; WOW64) AppleWebKit/537.36 (KHTML, like Gecko) Chrome/94.0.4606.71 Safari/537.36 SE 2.X MetaSr 1.0'
    'HTTP_ACCEPT' => 'text/html,application/xhtml+xml,application/xml;q=0.9,image/avif,image/webp,image/apng,*/*;q=0.8,application/signed-exchange;v=b3;q=0.9'
    'HTTP_REFERER' => 'http://car.cso123.com/admin/index.php?r=management%2Findex'
    'HTTP_ACCEPT_ENCODING' => 'gzip, deflate'
    'HTTP_ACCEPT_LANGUAGE' => 'zh-CN,zh;q=0.9'
    'HTTP_COOKIE' => 'PHPSESSID=k1vdde45n059g7rg4g6jiff1gs; _csrf=077a1ce7668a8fe5e2ee94eab449881a2e6873264fcf949b195392a93e66954da%3A2%3A%7Bi%3A0%3Bs%3A5%3A%22_csrf%22%3Bi%3A1%3Bs%3A32%3A%22XMh3QU4RSwE44r3i3bJJbSR1gofxGDcM%22%3B%7D; BACKEND_FEEHICMS=gpnofnro5pha7im4kq8nnvq11r; _csrf_backend=af8e48da3c96a8795378f9866ffba9b12ed399b73ca013b0a08d6027b4eb478da%3A2%3A%7Bi%3A0%3Bs%3A13%3A%22_csrf_backend%22%3Bi%3A1%3Bs%3A32%3A%22HhpxwAD4OIR2PyH6cHMB3jmy9iN4KOm4%22%3B%7D'
    'PATH' => 'D:\\install\\VMware\\VMware Workstation\\bin\\;C:\\WINDOWS\\system32;C:\\WINDOWS;C:\\WINDOWS\\System32\\Wbem;C:\\WINDOWS\\System32\\WindowsPowerShell\\v1.0\\;C:\\WINDOWS\\System32\\OpenSSH\\;D:\\soft\\Sublime Text3\\;D:\\install\\Java\\jdk1.8.0_211\\bin;D:\\install\\Java\\jre;D:\\wamp\\bin\\php\\php7.3.5;C:\\WINDOWS\\System32\\OpenSSH\\;d:\\install\\Python37\\Scripts;D:\\install\\Planner\\gtk2\\GTK2-Runtime\\bin;D:\\wamp\\bin\\php\\php7.4.11;D:\\install\\Xshell 7\\;D:\\soft\\sublimetext4\\Sublime Text\\ctags58;D:\\install\\微信web开发者工具\\;all\\no;ejs\\;all\\To;toiseGit\\bin;D:\\install\\Git\\cmd;D:\\install\\Git\\Git\\cmd;D:\\install\\nodejs\\node_global;D:\\install\\nodejs\\node_cache;D:\\install\\Go\\bin;D:\\wamp64\\bin\\php\\php7.4.33;C:\\ProgramData\\ComposerSetup\\bin;d:\\install\\wxkfzgj\\微信web开发者工具\\dll;D:\\install\\nodejs\\;d:\\install\\微信web开发者工具\\dll;C:\\WINDOWS\\system32\\config\\systemprofile\\AppData\\Local\\Microsoft\\WindowsApps'
    'SystemRoot' => 'C:\\WINDOWS'
    'COMSPEC' => 'C:\\WINDOWS\\system32\\cmd.exe'
    'PATHEXT' => '.COM;.EXE;.BAT;.CMD;.VBS;.VBE;.JS;.JSE;.WSF;.WSH;.MSC'
    'WINDIR' => 'C:\\WINDOWS'
    'SERVER_SIGNATURE' => '<address>Apache/2.4.54 (Win64) PHP/7.4.33 mod_fcgid/2.3.10-dev Server at car.cso123.com Port 80</address>
'
    'SERVER_SOFTWARE' => 'Apache/2.4.54 (Win64) PHP/7.4.33 mod_fcgid/2.3.10-dev'
    'SERVER_NAME' => 'car.cso123.com'
    'SERVER_ADDR' => '127.0.0.1'
    'SERVER_PORT' => '80'
    'REMOTE_ADDR' => '127.0.0.1'
    'DOCUMENT_ROOT' => 'D:/wamp64/www/feehinew/frontend/web'
    'REQUEST_SCHEME' => 'http'
    'CONTEXT_PREFIX' => ''
    'CONTEXT_DOCUMENT_ROOT' => 'D:/wamp64/www/feehinew/frontend/web'
    'SERVER_ADMIN' => 'wampserver@wampserver.invalid'
    'SCRIPT_FILENAME' => 'D:/wamp64/www/feehinew/frontend/web/admin/index.php'
    'REMOTE_PORT' => '50900'
    'GATEWAY_INTERFACE' => 'CGI/1.1'
    'SERVER_PROTOCOL' => 'HTTP/1.1'
    'REQUEST_METHOD' => 'GET'
    'QUERY_STRING' => 'r=management%2Fcreate'
    'REQUEST_URI' => '/admin/index.php?r=management%2Fcreate'
    'SCRIPT_NAME' => '/admin/index.php'
    'PHP_SELF' => '/admin/index.php'
    'REQUEST_TIME_FLOAT' => 1695709295.7358
    'REQUEST_TIME' => 1695709295
    'argv' => [
        0 => 'r=management%2Fcreate'
    ]
    'argc' => 1
]
2023-09-26 14:21:35 [127.0.0.1][1][-][warning][yii\debug\Module::checkAccess] Access to debugger is denied due to IP address restriction. The requesting IP address is 127.0.0.1
    in D:\wamp64\www\feehinew\backend\views\layouts\main.php:35
    in D:\wamp64\www\feehinew\backend\actions\CreateAction.php:148
2023-09-26 14:21:35 [127.0.0.1][1][-][warning][yii\debug\Module::checkAccess] Access to debugger is denied due to IP address restriction. The requesting IP address is 127.0.0.1
2023-09-26 14:21:35 [127.0.0.1][1][-][info][application] $_GET = [
    'r' => 'management/create'
]

$_POST = []

$_FILES = []

$_COOKIE = [
    'PHPSESSID' => 'k1vdde45n059g7rg4g6jiff1gs'
    '_csrf' => '077a1ce7668a8fe5e2ee94eab449881a2e6873264fcf949b195392a93e66954da:2:{i:0;s:5:\"_csrf\";i:1;s:32:\"XMh3QU4RSwE44r3i3bJJbSR1gofxGDcM\";}'
    'BACKEND_FEEHICMS' => 'gpnofnro5pha7im4kq8nnvq11r'
    '_csrf_backend' => 'af8e48da3c96a8795378f9866ffba9b12ed399b73ca013b0a08d6027b4eb478da:2:{i:0;s:13:\"_csrf_backend\";i:1;s:32:\"HhpxwAD4OIR2PyH6cHMB3jmy9iN4KOm4\";}'
]

$_SESSION = [
    '__flash' => []
    '_backend_returnUrl' => '/admin/'
    '__captcha/site/captcha' => 'zuti'
    '__captcha/site/captchacount' => 1
    '__backend__id' => 1
    '_create_referer' => 'http://car.cso123.com/admin/index.php?r=management%2Fcreate'
    '_update_referer' => 'http://car.cso123.com/admin/index.php?r=user%2Findex'
]

$_SERVER = [
    'HTTP_HOST' => 'car.cso123.com'
    'HTTP_CONNECTION' => 'keep-alive'
    'HTTP_USER_AGENT' => 'Mozilla/5.0 (Windows NT 10.0; WOW64) AppleWebKit/537.36 (KHTML, like Gecko) Chrome/94.0.4606.71 Safari/537.36 SE 2.X MetaSr 1.0'
    'HTTP_ACCEPT' => 'image/avif,image/webp,image/apng,image/svg+xml,image/*,*/*;q=0.8'
    'HTTP_REFERER' => 'http://car.cso123.com/admin/index.php?r=management%2Fcreate'
    'HTTP_ACCEPT_ENCODING' => 'gzip, deflate'
    'HTTP_ACCEPT_LANGUAGE' => 'zh-CN,zh;q=0.9'
    'HTTP_COOKIE' => 'PHPSESSID=k1vdde45n059g7rg4g6jiff1gs; _csrf=077a1ce7668a8fe5e2ee94eab449881a2e6873264fcf949b195392a93e66954da%3A2%3A%7Bi%3A0%3Bs%3A5%3A%22_csrf%22%3Bi%3A1%3Bs%3A32%3A%22XMh3QU4RSwE44r3i3bJJbSR1gofxGDcM%22%3B%7D; BACKEND_FEEHICMS=gpnofnro5pha7im4kq8nnvq11r; _csrf_backend=af8e48da3c96a8795378f9866ffba9b12ed399b73ca013b0a08d6027b4eb478da%3A2%3A%7Bi%3A0%3Bs%3A13%3A%22_csrf_backend%22%3Bi%3A1%3Bs%3A32%3A%22HhpxwAD4OIR2PyH6cHMB3jmy9iN4KOm4%22%3B%7D'
    'PATH' => 'D:\\install\\VMware\\VMware Workstation\\bin\\;C:\\WINDOWS\\system32;C:\\WINDOWS;C:\\WINDOWS\\System32\\Wbem;C:\\WINDOWS\\System32\\WindowsPowerShell\\v1.0\\;C:\\WINDOWS\\System32\\OpenSSH\\;D:\\soft\\Sublime Text3\\;D:\\install\\Java\\jdk1.8.0_211\\bin;D:\\install\\Java\\jre;D:\\wamp\\bin\\php\\php7.3.5;C:\\WINDOWS\\System32\\OpenSSH\\;d:\\install\\Python37\\Scripts;D:\\install\\Planner\\gtk2\\GTK2-Runtime\\bin;D:\\wamp\\bin\\php\\php7.4.11;D:\\install\\Xshell 7\\;D:\\soft\\sublimetext4\\Sublime Text\\ctags58;D:\\install\\微信web开发者工具\\;all\\no;ejs\\;all\\To;toiseGit\\bin;D:\\install\\Git\\cmd;D:\\install\\Git\\Git\\cmd;D:\\install\\nodejs\\node_global;D:\\install\\nodejs\\node_cache;D:\\install\\Go\\bin;D:\\wamp64\\bin\\php\\php7.4.33;C:\\ProgramData\\ComposerSetup\\bin;d:\\install\\wxkfzgj\\微信web开发者工具\\dll;D:\\install\\nodejs\\;d:\\install\\微信web开发者工具\\dll;C:\\WINDOWS\\system32\\config\\systemprofile\\AppData\\Local\\Microsoft\\WindowsApps'
    'SystemRoot' => 'C:\\WINDOWS'
    'COMSPEC' => 'C:\\WINDOWS\\system32\\cmd.exe'
    'PATHEXT' => '.COM;.EXE;.BAT;.CMD;.VBS;.VBE;.JS;.JSE;.WSF;.WSH;.MSC'
    'WINDIR' => 'C:\\WINDOWS'
    'SERVER_SIGNATURE' => '<address>Apache/2.4.54 (Win64) PHP/7.4.33 mod_fcgid/2.3.10-dev Server at car.cso123.com Port 80</address>
'
    'SERVER_SOFTWARE' => 'Apache/2.4.54 (Win64) PHP/7.4.33 mod_fcgid/2.3.10-dev'
    'SERVER_NAME' => 'car.cso123.com'
    'SERVER_ADDR' => '127.0.0.1'
    'SERVER_PORT' => '80'
    'REMOTE_ADDR' => '127.0.0.1'
    'DOCUMENT_ROOT' => 'D:/wamp64/www/feehinew/frontend/web'
    'REQUEST_SCHEME' => 'http'
    'CONTEXT_PREFIX' => ''
    'CONTEXT_DOCUMENT_ROOT' => 'D:/wamp64/www/feehinew/frontend/web'
    'SERVER_ADMIN' => 'wampserver@wampserver.invalid'
    'SCRIPT_FILENAME' => 'D:/wamp64/www/feehinew/frontend/web/admin/index.php'
    'REMOTE_PORT' => '50900'
    'GATEWAY_INTERFACE' => 'CGI/1.1'
    'SERVER_PROTOCOL' => 'HTTP/1.1'
    'REQUEST_METHOD' => 'GET'
    'QUERY_STRING' => 'r=management%2Fcreate'
    'REQUEST_URI' => '/admin/index.php?r=management%2Fcreate'
    'SCRIPT_NAME' => '/admin/index.php'
    'PHP_SELF' => '/admin/index.php'
    'REQUEST_TIME_FLOAT' => 1695709295.8595
    'REQUEST_TIME' => 1695709295
    'argv' => [
        0 => 'r=management%2Fcreate'
    ]
    'argc' => 1
]
2023-09-26 14:22:13 [127.0.0.1][1][-][warning][yii\debug\Module::checkAccess] Access to debugger is denied due to IP address restriction. The requesting IP address is 127.0.0.1
    in D:\wamp64\www\feehinew\backend\views\layouts\main.php:35
    in D:\wamp64\www\feehinew\backend\actions\IndexAction.php:76
2023-09-26 14:22:13 [127.0.0.1][1][-][warning][yii\debug\Module::checkAccess] Access to debugger is denied due to IP address restriction. The requesting IP address is 127.0.0.1
2023-09-26 14:22:13 [127.0.0.1][1][-][info][application] $_GET = [
    'r' => 'management/index'
]

$_POST = []

$_FILES = []

$_COOKIE = [
    'PHPSESSID' => 'k1vdde45n059g7rg4g6jiff1gs'
    '_csrf' => '077a1ce7668a8fe5e2ee94eab449881a2e6873264fcf949b195392a93e66954da:2:{i:0;s:5:\"_csrf\";i:1;s:32:\"XMh3QU4RSwE44r3i3bJJbSR1gofxGDcM\";}'
    'BACKEND_FEEHICMS' => 'gpnofnro5pha7im4kq8nnvq11r'
    '_csrf_backend' => 'af8e48da3c96a8795378f9866ffba9b12ed399b73ca013b0a08d6027b4eb478da:2:{i:0;s:13:\"_csrf_backend\";i:1;s:32:\"HhpxwAD4OIR2PyH6cHMB3jmy9iN4KOm4\";}'
]

$_SESSION = [
    '__flash' => []
    '_backend_returnUrl' => '/admin/'
    '__captcha/site/captcha' => 'zuti'
    '__captcha/site/captchacount' => 1
    '__backend__id' => 1
    '_create_referer' => 'http://car.cso123.com/admin/index.php?r=management%2Fcreate'
    '_update_referer' => 'http://car.cso123.com/admin/index.php?r=user%2Findex'
]

$_SERVER = [
    'HTTP_HOST' => 'car.cso123.com'
    'HTTP_CONNECTION' => 'keep-alive'
    'HTTP_UPGRADE_INSECURE_REQUESTS' => '1'
    'HTTP_USER_AGENT' => 'Mozilla/5.0 (Windows NT 10.0; WOW64) AppleWebKit/537.36 (KHTML, like Gecko) Chrome/94.0.4606.71 Safari/537.36 SE 2.X MetaSr 1.0'
    'HTTP_ACCEPT' => 'text/html,application/xhtml+xml,application/xml;q=0.9,image/avif,image/webp,image/apng,*/*;q=0.8,application/signed-exchange;v=b3;q=0.9'
    'HTTP_REFERER' => 'http://car.cso123.com/admin/'
    'HTTP_ACCEPT_ENCODING' => 'gzip, deflate'
    'HTTP_ACCEPT_LANGUAGE' => 'zh-CN,zh;q=0.9'
    'HTTP_COOKIE' => 'PHPSESSID=k1vdde45n059g7rg4g6jiff1gs; _csrf=077a1ce7668a8fe5e2ee94eab449881a2e6873264fcf949b195392a93e66954da%3A2%3A%7Bi%3A0%3Bs%3A5%3A%22_csrf%22%3Bi%3A1%3Bs%3A32%3A%22XMh3QU4RSwE44r3i3bJJbSR1gofxGDcM%22%3B%7D; BACKEND_FEEHICMS=gpnofnro5pha7im4kq8nnvq11r; _csrf_backend=af8e48da3c96a8795378f9866ffba9b12ed399b73ca013b0a08d6027b4eb478da%3A2%3A%7Bi%3A0%3Bs%3A13%3A%22_csrf_backend%22%3Bi%3A1%3Bs%3A32%3A%22HhpxwAD4OIR2PyH6cHMB3jmy9iN4KOm4%22%3B%7D'
    'PATH' => 'D:\\install\\VMware\\VMware Workstation\\bin\\;C:\\WINDOWS\\system32;C:\\WINDOWS;C:\\WINDOWS\\System32\\Wbem;C:\\WINDOWS\\System32\\WindowsPowerShell\\v1.0\\;C:\\WINDOWS\\System32\\OpenSSH\\;D:\\soft\\Sublime Text3\\;D:\\install\\Java\\jdk1.8.0_211\\bin;D:\\install\\Java\\jre;D:\\wamp\\bin\\php\\php7.3.5;C:\\WINDOWS\\System32\\OpenSSH\\;d:\\install\\Python37\\Scripts;D:\\install\\Planner\\gtk2\\GTK2-Runtime\\bin;D:\\wamp\\bin\\php\\php7.4.11;D:\\install\\Xshell 7\\;D:\\soft\\sublimetext4\\Sublime Text\\ctags58;D:\\install\\微信web开发者工具\\;all\\no;ejs\\;all\\To;toiseGit\\bin;D:\\install\\Git\\cmd;D:\\install\\Git\\Git\\cmd;D:\\install\\nodejs\\node_global;D:\\install\\nodejs\\node_cache;D:\\install\\Go\\bin;D:\\wamp64\\bin\\php\\php7.4.33;C:\\ProgramData\\ComposerSetup\\bin;d:\\install\\wxkfzgj\\微信web开发者工具\\dll;D:\\install\\nodejs\\;d:\\install\\微信web开发者工具\\dll;C:\\WINDOWS\\system32\\config\\systemprofile\\AppData\\Local\\Microsoft\\WindowsApps'
    'SystemRoot' => 'C:\\WINDOWS'
    'COMSPEC' => 'C:\\WINDOWS\\system32\\cmd.exe'
    'PATHEXT' => '.COM;.EXE;.BAT;.CMD;.VBS;.VBE;.JS;.JSE;.WSF;.WSH;.MSC'
    'WINDIR' => 'C:\\WINDOWS'
    'SERVER_SIGNATURE' => '<address>Apache/2.4.54 (Win64) PHP/7.4.33 mod_fcgid/2.3.10-dev Server at car.cso123.com Port 80</address>
'
    'SERVER_SOFTWARE' => 'Apache/2.4.54 (Win64) PHP/7.4.33 mod_fcgid/2.3.10-dev'
    'SERVER_NAME' => 'car.cso123.com'
    'SERVER_ADDR' => '127.0.0.1'
    'SERVER_PORT' => '80'
    'REMOTE_ADDR' => '127.0.0.1'
    'DOCUMENT_ROOT' => 'D:/wamp64/www/feehinew/frontend/web'
    'REQUEST_SCHEME' => 'http'
    'CONTEXT_PREFIX' => ''
    'CONTEXT_DOCUMENT_ROOT' => 'D:/wamp64/www/feehinew/frontend/web'
    'SERVER_ADMIN' => 'wampserver@wampserver.invalid'
    'SCRIPT_FILENAME' => 'D:/wamp64/www/feehinew/frontend/web/admin/index.php'
    'REMOTE_PORT' => '56501'
    'GATEWAY_INTERFACE' => 'CGI/1.1'
    'SERVER_PROTOCOL' => 'HTTP/1.1'
    'REQUEST_METHOD' => 'GET'
    'QUERY_STRING' => 'r=management%2Findex'
    'REQUEST_URI' => '/admin/index.php?r=management%2Findex'
    'SCRIPT_NAME' => '/admin/index.php'
    'PHP_SELF' => '/admin/index.php'
    'REQUEST_TIME_FLOAT' => 1695709333.0048
    'REQUEST_TIME' => 1695709333
    'argv' => [
        0 => 'r=management%2Findex'
    ]
    'argc' => 1
]
